-----------------------------构建第2颗树-----------------------------
--树的深度：0
('----划分特征：', 'material')
------划分值:0.000,左节点损失:0.000,右节点损失:18.664,总损失:18.664
------划分值:1.000,左节点损失:0.688,右节点损失:17.931,总损失:18.618
------划分值:2.000,左节点损失:0.833,右节点损失:17.803,总损失:18.637
------划分值:3.000,左节点损失:1.075,右节点损失:17.589,总损失:18.664
------划分值:4.000,左节点损失:1.745,右节点损失:16.895,总损失:18.641
------划分值:5.000,左节点损失:2.617,右节点损失:15.975,总损失:18.592
------划分值:6.000,左节点损失:3.704,右节点损失:14.797,总损失:18.500
------划分值:7.000,左节点损失:3.867,右节点损失:14.646,总损失:18.513
------划分值:8.000,左节点损失:3.981,右节点损失:14.562,总损失:18.543
------划分值:9.000,左节点损失:4.123,右节点损失:14.445,总损失:18.568
------划分值:10.000,左节点损失:4.458,右节点损失:14.115,总损失:18.574
------划分值:11.000,左节点损失:4.620,右节点损失:13.935,总损失:18.554
------划分值:12.000,左节点损失:4.794,右节点损失:13.760,总损失:18.554
------划分值:13.000,左节点损失:4.920,右节点损失:13.657,总损失:18.576
------划分值:14.000,左节点损失:5.227,右节点损失:13.333,总损失:18.560
------划分值:15.000,左节点损失:5.363,右节点损失:13.212,总损失:18.574
------划分值:16.000,左节点损失:5.456,右节点损失:13.103,总损失:18.560
------划分值:17.000,左节点损失:6.570,右节点损失:11.924,总损失:18.494
------划分值:18.000,左节点损失:8.147,右节点损失:10.084,总损失:18.231
------划分值:19.000,左节点损失:9.799,右节点损失:8.019,总损失:17.818
------划分值:20.000,左节点损失:10.886,右节点损失:6.549,总损失:17.435
------划分值:21.000,左节点损失:12.309,右节点损失:4.496,总损失:16.805
------划分值:22.000,左节点损失:13.304,右节点损失:3.643,总损失:16.948
------划分值:23.000,左节点损失:14.260,右节点损失:1.966,总损失:16.227
------划分值:24.000,左节点损失:15.237,右节点损失:0.010,总损失:15.246
------划分值:25.000,左节点损失:15.969,右节点损失:0.008,总损失:15.976
------划分值:26.000,左节点损失:16.631,右节点损失:0.006,总损失:16.638
------划分值:27.000,左节点损失:16.837,右节点损失:0.006,总损失:16.843
------划分值:28.000,左节点损失:17.050,右节点损失:0.005,总损失:17.055
------划分值:29.000,左节点损失:17.262,右节点损失:0.005,总损失:17.267
------划分值:30.000,左节点损失:17.467,右节点损失:0.005,总损失:17.471
------划分值:31.000,左节点损失:17.654,右节点损失:0.003,总损失:17.657
------划分值:32.000,左节点损失:17.861,右节点损失:0.003,总损失:17.864
------划分值:33.000,左节点损失:18.317,右节点损失:0.001,总损失:18.318
('----划分特征：', 'location')
------划分值:9.000,左节点损失:8.558,右节点损失:9.781,总损失:18.339
------划分值:7.000,左节点损失:7.009,右节点损失:11.444,总损失:18.453
------划分值:5.000,左节点损失:4.983,右节点损失:12.409,总损失:17.392
------划分值:13.000,左节点损失:12.222,右节点损失:6.328,总损失:18.550
------划分值:11.000,左节点损失:11.335,右节点损失:7.323,总损失:18.658
------划分值:10.000,左节点损失:10.257,右节点损失:8.172,总损失:18.429
------划分值:22.000,左节点损失:17.572,右节点损失:0.696,总损失:18.268
------划分值:20.000,左节点损失:16.772,右节点损失:1.418,总损失:18.190
------划分值:18.000,左节点损失:15.352,右节点损失:3.286,总损失:18.638
------划分值:21.000,左节点损失:17.546,右节点损失:0.776,总损失:18.322
------划分值:8.000,左节点损失:8.492,右节点损失:9.842,总损失:18.335
------划分值:12.000,左节点损失:12.194,右节点损失:6.370,总损失:18.564
------划分值:14.000,左节点损失:14.999,右节点损失:3.586,总损失:18.585
------划分值:16.000,左节点损失:15.007,右节点损失:3.581,总损失:18.588
------划分值:17.000,左节点损失:15.048,右节点损失:3.551,总损失:18.599
------划分值:19.000,左节点损失:15.935,右节点损失:2.727,总损失:18.663
------划分值:6.000,左节点损失:6.018,右节点损失:11.996,总损失:18.014
------划分值:2.000,左节点损失:0.051,右节点损失:18.523,总损失:18.574
------划分值:4.000,左节点损失:2.060,右节点损失:16.591,总损失:18.651
------划分值:3.000,左节点损失:0.708,右节点损失:17.748,总损失:18.456
------划分值:1.000,左节点损失:0.000,右节点损失:18.664,总损失:18.664
('----划分特征：', 'period')
------划分值:12.000,左节点损失:0.000,右节点损失:18.664,总损失:18.664
------划分值:24.000,左节点损失:6.202,右节点损失:12.141,总损失:18.344
------划分值:48.000,左节点损失:13.525,右节点损失:4.376,总损失:17.902
------划分值:96.000,左节点损失:15.888,右节点损失:2.049,总损失:17.937
------划分值:192.000,左节点损失:18.059,右节点损失:0.074,总损失:18.133
------划分值:120.000,左节点损失:17.947,右节点损失:0.164,总损失:18.110
------划分值:36.000,左节点损失:11.573,右节点损失:6.697,总损失:18.270
------划分值:72.000,左节点损失:15.852,右节点损失:2.061,总损失:17.913
('--最佳划分特征：', 'material')
('--最佳划分值：', 24.0)
--树的深度：1
('----划分特征：', 'material')
------划分值:0.000,左节点损失:0.000,右节点损失:15.237,总损失:15.237
------划分值:1.000,左节点损失:0.688,右节点损失:14.547,总损失:15.234
------划分值:2.000,左节点损失:0.833,右节点损失:14.402,总损失:15.236
------划分值:3.000,左节点损失:1.075,右节点损失:14.111,总损失:15.185
------划分值:4.000,左节点损失:1.745,右节点损失:13.470,总损失:15.216
------划分值:5.000,左节点损失:2.617,右节点损失:12.618,总损失:15.234
------划分值:6.000,左节点损失:3.704,右节点损失:11.533,总损失:15.237
------划分值:7.000,左节点损失:3.867,右节点损失:11.368,总损失:15.235
------划分值:8.000,左节点损失:3.981,右节点损失:11.245,总损失:15.226
------划分值:9.000,左节点损失:4.123,右节点损失:11.087,总损失:15.210
------划分值:10.000,左节点损失:4.458,右节点损失:10.733,总损失:15.191
------划分值:11.000,左节点损失:4.620,右节点损失:10.574,总损失:15.194
------划分值:12.000,左节点损失:4.794,右节点损失:10.390,总损失:15.184
------划分值:13.000,左节点损失:4.920,右节点损失:10.232,总损失:15.151
------划分值:14.000,左节点损失:5.227,右节点损失:9.923,总损失:15.150
------划分值:15.000,左节点损失:5.363,右节点损失:9.755,总损失:15.118
------划分值:16.000,左节点损失:5.456,右节点损失:9.669,总损失:15.126
------划分值:17.000,左节点损失:6.570,右节点损失:8.558,总损失:15.128
------划分值:18.000,左节点损失:8.147,右节点损失:7.059,总损失:15.206
------划分值:19.000,左节点损失:9.799,右节点损失:5.437,总损失:15.237
------划分值:20.000,左节点损失:10.886,右节点损失:4.342,总损失:15.228
------划分值:21.000,左节点损失:12.309,右节点损失:2.870,总损失:15.179
------划分值:22.000,左节点损失:13.304,右节点损失:1.929,总损失:15.233
------划分值:23.000,左节点损失:14.260,右节点损失:0.976,总损失:15.236
('----划分特征：', 'location')
------划分值:9.000,左节点损失:8.021,右节点损失:7.189,总损失:15.210
------划分值:7.000,左节点损失:6.785,右节点损失:8.447,总损失:15.232
------划分值:5.000,左节点损失:4.983,右节点损失:9.603,总损失:14.586
------划分值:13.000,左节点损失:10.346,右节点损失:4.678,总损失:15.024
------划分值:11.000,左节点损失:9.988,右节点损失:5.135,总损失:15.123
------划分值:10.000,左节点损失:9.444,右节点损失:5.787,总损失:15.231
------划分值:22.000,左节点损失:14.502,右节点损失:0.342,总损失:14.844
------划分值:20.000,左节点损失:13.985,右节点损失:0.812,总损失:14.798
------划分值:18.000,左节点损失:12.644,右节点损失:2.584,总损失:15.228
------划分值:21.000,左节点损失:14.467,右节点损失:0.453,总损失:14.920
------划分值:8.000,左节点损失:7.951,右节点损失:7.254,总损失:15.204
------划分值:12.000,左节点损失:10.305,右节点损失:4.758,总损失:15.063
------划分值:14.000,左节点损失:12.369,右节点损失:2.832,总损失:15.201
------划分值:16.000,左节点损失:12.374,右节点损失:2.825,总损失:15.199
------划分值:17.000,左节点损失:12.402,右节点损失:2.802,总损失:15.204
------划分值:19.000,左节点损失:12.962,右节点损失:2.272,总损失:15.234
------划分值:6.000,左节点损失:5.734,右节点损失:9.280,总损失:15.014
------划分值:2.000,左节点损失:0.051,右节点损失:15.164,总损失:15.216
------划分值:4.000,左节点损失:2.060,右节点损失:13.146,总损失:15.206
------划分值:3.000,左节点损失:0.708,右节点损失:14.044,总损失:14.752
------划分值:1.000,左节点损失:0.000,右节点损失:15.237,总损失:15.237
('----划分特征：', 'period')
------划分值:12.000,左节点损失:0.000,右节点损失:15.237,总损失:15.237
------划分值:24.000,左节点损失:5.125,右节点损失:9.857,总损失:14.982
------划分值:48.000,左节点损失:11.602,右节点损失:3.306,总损失:14.908
------划分值:96.000,左节点损失:13.091,右节点损失:1.630,总损失:14.721
------划分值:192.000,左节点损失:14.547,右节点损失:0.046,总损失:14.592
------划分值:120.000,左节点损失:14.463,右节点损失:0.128,总损失:14.591
------划分值:36.000,左节点损失:9.694,右节点损失:5.309,总损失:15.004
('--最佳划分特征：', 'location')
('--最佳划分值：', 5.0)
--树的深度：2
('----划分特征：', 'material')
------划分值:16.000,左节点损失:0.000,右节点损失:4.983,总损失:4.983
------划分值:17.000,左节点损失:0.552,右节点损失:4.431,总损失:4.983
------划分值:18.000,左节点损失:1.341,右节点损失:3.639,总损失:4.980
------划分值:19.000,左节点损失:2.158,右节点损失:2.800,总损失:4.958
------划分值:20.000,左节点损失:2.685,右节点损失:2.280,总损失:4.965
------划分值:21.000,左节点损失:3.420,右节点损失:1.494,总损失:4.914
------划分值:22.000,左节点损失:3.915,右节点损失:1.049,总损失:4.963
------划分值:23.000,左节点损失:4.428,右节点损失:0.538,总损失:4.966
('----划分特征：', 'location')
------划分值:2.000,左节点损失:0.051,右节点损失:4.866,总损失:4.918
------划分值:4.000,左节点损失:2.060,右节点损失:0.157,总损失:2.217
------划分值:3.000,左节点损失:0.708,右节点损失:1.224,总损失:1.932
------划分值:1.000,左节点损失:0.000,右节点损失:4.983,总损失:4.983
('----划分特征：', 'period')
------划分值:12.000,左节点损失:0.000,右节点损失:4.983,总损失:4.983
------划分值:24.000,左节点损失:2.036,右节点损失:2.811,总损失:4.847
------划分值:36.000,左节点损失:3.824,右节点损失:1.051,总损失:4.876
('--最佳划分特征：', 'location')
('--最佳划分值：', 3.0)
--树的深度：3
('----划分特征：', 'material')
------划分值:16.000,左节点损失:0.000,右节点损失:0.708,总损失:0.708
------划分值:17.000,左节点损失:0.117,右节点损失:0.588,总损失:0.705
------划分值:18.000,左节点损失:0.194,右节点损失:0.513,总损失:0.706
------划分值:19.000,左节点损失:0.259,右节点损失:0.448,总损失:0.707
------划分值:20.000,左节点损失:0.377,右节点损失:0.324,总损失:0.702
------划分值:21.000,左节点损失:0.458,右节点损失:0.244,总损失:0.701
------划分值:22.000,左节点损失:0.542,右节点损失:0.164,总损失:0.706
------划分值:23.000,左节点损失:0.661,右节点损失:0.036,总损失:0.697
('----划分特征：', 'location')
------划分值:2.000,左节点损失:0.051,右节点损失:0.003,总损失:0.055
------划分值:1.000,左节点损失:0.000,右节点损失:0.708,总损失:0.708
('----划分特征：', 'period')
------划分值:12.000,左节点损失:0.000,右节点损失:0.708,总损失:0.708
------划分值:24.000,左节点损失:0.245,右节点损失:0.460,总损失:0.706
------划分值:36.000,左节点损失:0.416,右节点损失:0.289,总损失:0.705
('--最佳划分特征：', 'location')
('--最佳划分值：', 2.0)
('叶子节点预测值：', 0.03727260978925168)
('叶子节点预测值：', -0.10321451162494641)
--树的深度：3
('----划分特征：', 'material')
------划分值:16.000,左节点损失:0.000,右节点损失:1.224,总损失:1.224
------划分值:17.000,左节点损失:0.154,右节点损失:1.051,总损失:1.204
------划分值:18.000,左节点损失:0.363,右节点损失:0.859,总损失:1.222
------划分值:19.000,左节点损失:0.533,右节点损失:0.687,总损失:1.220
------划分值:20.000,左节点损失:0.646,右节点损失:0.575,总损失:1.221
------划分值:21.000,左节点损失:0.795,右节点损失:0.402,总损失:1.197
------划分值:22.000,左节点损失:0.936,右节点损失:0.282,总损失:1.218
------划分值:23.000,左节点损失:1.084,右节点损失:0.140,总损失:1.224
('----划分特征：', 'location')
------划分值:4.000,左节点损失:0.447,右节点损失:0.157,总损失:0.604
------划分值:3.000,左节点损失:0.000,右节点损失:1.224,总损失:1.224
('----划分特征：', 'period')
------划分值:12.000,左节点损失:0.000,右节点损失:1.224,总损失:1.224
------划分值:24.000,左节点损失:0.170,右节点损失:0.812,总损失:0.982
------划分值:36.000,左节点损失:0.709,右节点损失:0.309,总损失:1.018
('--最佳划分特征：', 'location')
('--最佳划分值：', 4.0)
('叶子节点预测值：', 0.11193798673969661)
('叶子节点预测值：', 0.25877296998543164)
--树的深度：2
('----划分特征：', 'material')
------划分值:0.000,左节点损失:0.000,右节点损失:9.603,总损失:9.603
------划分值:1.000,左节点损失:0.688,右节点损失:8.895,总损失:9.582
------划分值:2.000,左节点损失:0.833,右节点损失:8.763,总损失:9.596
------划分值:3.000,左节点损失:1.075,右节点损失:8.519,总损失:9.593
------划分值:4.000,左节点损失:1.745,右节点损失:7.857,总损失:9.602
------划分值:5.000,左节点损失:2.617,右节点损失:6.968,总损失:9.584
------划分值:6.000,左节点损失:3.704,右节点损失:5.839,总损失:9.543
------划分值:7.000,左节点损失:3.867,右节点损失:5.687,总损失:9.555
------划分值:8.000,左节点损失:3.981,右节点损失:5.594,总损失:9.575
------划分值:9.000,左节点损失:4.123,右节点损失:5.466,总损失:9.589
------划分值:10.000,左节点损失:4.458,右节点损失:5.136,总损失:9.595
------划分值:11.000,左节点损失:4.620,右节点损失:4.970,总损失:9.590
------划分值:12.000,左节点损失:4.794,右节点损失:4.798,总损失:9.592
------划分值:13.000,左节点损失:4.920,右节点损失:4.680,总损失:9.600
------划分值:14.000,左节点损失:5.227,右节点损失:4.371,总损失:9.598
------划分值:15.000,左节点损失:5.363,右节点损失:4.239,总损失:9.602
------划分值:16.000,左节点损失:5.456,右节点损失:4.144,总损失:9.600
------划分值:17.000,左节点损失:5.926,右节点损失:3.677,总损失:9.603
------划分值:18.000,左节点损失:6.564,右节点损失:3.030,总损失:9.594
------划分值:19.000,左节点损失:7.236,右节点损失:2.334,总损失:9.571
------划分值:20.000,左节点损失:7.765,右节点损失:1.770,总损失:9.535
------划分值:21.000,左节点损失:8.296,右节点损失:1.209,总损失:9.506
------划分值:22.000,左节点损失:8.771,右节点损失:0.832,总损失:9.603
------划分值:23.000,左节点损失:9.178,右节点损失:0.425,总损失:9.603
('----划分特征：', 'location')
------划分值:9.000,左节点损失:2.307,右节点损失:7.189,总损失:9.497
------划分值:7.000,左节点损失:0.700,右节点损失:8.447,总损失:9.148
------划分值:5.000,左节点损失:0.000,右节点损失:9.603,总损失:9.603
------划分值:13.000,左节点损失:4.329,右节点损失:4.678,总损失:9.007
------划分值:11.000,左节点损失:3.964,右节点损失:5.135,总损失:9.099
------划分值:10.000,左节点损失:3.705,右节点损失:5.787,总损失:9.493
------划分值:22.000,左节点损失:8.730,右节点损失:0.342,总损失:9.073
------划分值:20.000,左节点损失:8.108,右节点损失:0.812,总损失:8.920
------划分值:18.000,左节点损失:6.915,右节点损失:2.584,总损失:9.499
------划分值:21.000,左节点损失:8.702,右节点损失:0.453,总损失:9.155
------划分值:8.000,左节点损失:2.247,右节点损失:7.254,总损失:9.500
------划分值:12.000,左节点损失:4.303,右节点损失:4.758,总损失:9.061
------划分值:14.000,左节点损失:6.578,右节点损失:2.832,总损失:9.410
------划分值:16.000,左节点损失:6.586,右节点损失:2.825,总损失:9.411
------划分值:17.000,左节点损失:6.624,右节点损失:2.802,总损失:9.426
------划分值:19.000,左节点损失:7.311,右节点损失:2.272,总损失:9.583
------划分值:6.000,左节点损失:0.281,右节点损失:9.280,总损失:9.561
('----划分特征：', 'period')
------划分值:12.000,左节点损失:0.000,右节点损失:9.603,总损失:9.603
------划分值:24.000,左节点损失:2.741,右节点损失:6.741,总损失:9.482
------划分值:48.000,左节点损失:6.176,右节点损失:3.306,总损失:9.482
------划分值:96.000,左节点损失:7.664,右节点损失:1.630,总损失:9.293
------划分值:192.000,左节点损失:9.060,右节点损失:0.046,总损失:9.106
------划分值:120.000,左节点损失:8.979,右节点损失:0.128,总损失:9.107
------划分值:36.000,左节点损失:5.346,右节点损失:4.159,总损失:9.505
('--最佳划分特征：', 'location')
('--最佳划分值：', 20.0)
--树的深度：3
('----划分特征：', 'material')
------划分值:0.000,左节点损失:0.000,右节点损失:8.108,总损失:8.108
------划分值:1.000,左节点损失:0.618,右节点损失:7.459,总损失:8.077
------划分值:2.000,左节点损失:0.757,右节点损失:7.333,总损失:8.089
------划分值:3.000,左节点损失:0.981,右节点损失:7.127,总损失:8.107
------划分值:4.000,左节点损失:1.562,右节点损失:6.534,总损失:8.096
------划分值:5.000,左节点损失:2.447,右节点损失:5.600,总损失:8.047
------划分值:6.000,左节点损失:3.451,右节点损失:4.504,总损失:7.955
------划分值:7.000,左节点损失:3.610,右节点损失:4.351,总损失:7.961
------划分值:8.000,左节点损失:3.717,右节点损失:4.271,总损失:7.988
------划分值:9.000,左节点损失:3.852,右节点损失:4.158,总损失:8.010
------划分值:10.000,左节点损失:4.184,右节点损失:3.822,总损失:8.005
------划分值:11.000,左节点损失:4.348,右节点损失:3.624,总损失:7.972
------划分值:12.000,左节点损失:4.520,右节点损失:3.440,总损失:7.961
------划分值:13.000,左节点损失:4.641,右节点损失:3.344,总损失:7.985
------划分值:14.000,左节点损失:4.950,右节点损失:2.996,总损失:7.945
------划分值:15.000,左节点损失:5.082,右节点损失:2.875,总损失:7.957
------划分值:16.000,左节点损失:5.088,右节点损失:2.869,总损失:7.957
------划分值:17.000,左节点损失:5.483,右节点损失:2.524,总损失:8.007
------划分值:18.000,左节点损失:5.946,右节点损失:2.045,总损失:7.990
------划分值:19.000,左节点损失:6.367,右节点损失:1.627,总损失:7.993
------划分值:20.000,左节点损失:6.771,右节点损失:1.206,总损失:7.977
------划分值:21.000,左节点损失:7.191,右节点损失:0.784,总损失:7.975
------划分值:22.000,左节点损失:7.539,右节点损失:0.544,总损失:8.083
------划分值:23.000,左节点损失:7.852,右节点损失:0.238,总损失:8.090
('----划分特征：', 'location')
------划分值:9.000,左节点损失:2.307,右节点损失:5.793,总损失:8.100
------划分值:7.000,左节点损失:0.700,右节点损失:7.135,总损失:7.835
------划分值:5.000,左节点损失:0.000,右节点损失:8.108,总损失:8.108
------划分值:13.000,左节点损失:4.329,右节点损失:3.627,总损失:7.957
------划分值:11.000,左节点损失:3.964,右节点损失:3.997,总损失:7.960
------划分值:10.000,左节点损失:3.705,右节点损失:4.402,总损失:8.107
------划分值:18.000,左节点损失:6.915,右节点损失:1.099,总损失:8.014
------划分值:8.000,左节点损失:2.247,右节点损失:5.853,总损失:8.100
------划分值:12.000,左节点损失:4.303,右节点损失:3.676,总损失:7.979
------划分值:14.000,左节点损失:6.578,右节点损失:1.518,总损失:8.097
------划分值:16.000,左节点损失:6.586,右节点损失:1.507,总损失:8.093
------划分值:17.000,左节点损失:6.624,右节点损失:1.459,总损失:8.083
------划分值:19.000,左节点损失:7.311,右节点损失:0.008,总损失:7.320
------划分值:6.000,左节点损失:0.281,右节点损失:7.822,总损失:8.103
('----划分特征：', 'period')
------划分值:12.000,左节点损失:0.000,右节点损失:8.108,总损失:8.108
------划分值:24.000,左节点损失:2.165,右节点损失:5.888,总损失:8.052
------划分值:48.000,左节点损失:4.956,右节点损失:3.131,总损失:8.087
------划分值:96.000,左节点损失:6.400,右节点损失:1.553,总损失:7.953
------划分值:192.000,左节点损失:7.714,右节点损失:0.045,总损失:7.759
------划分值:120.000,左节点损失:7.635,右节点损失:0.128,总损失:7.762
------划分值:36.000,左节点损失:4.378,右节点损失:3.689,总损失:8.067
('--最佳划分特征：', 'location')
('--最佳划分值：', 19.0)
('叶子节点预测值：', 0.006113513915371115)
('叶子节点预测值：', -0.10598560764847871)
--树的深度：3
('----划分特征：', 'material')
------划分值:0.000,左节点损失:0.000,右节点损失:0.812,总损失:0.812
------划分值:3.000,左节点损失:0.050,右节点损失:0.762,总损失:0.812
------划分值:5.000,左节点损失:0.122,右节点损失:0.690,总损失:0.812
------划分值:15.000,左节点损失:0.185,右节点损失:0.627,总损失:0.812
------划分值:16.000,左节点损失:0.254,右节点损失:0.558,总损失:0.812
------划分值:17.000,左节点损失:0.291,右节点损失:0.516,总损失:0.807
------划分值:18.000,左节点损失:0.334,右节点损失:0.478,总损失:0.812
------划分值:19.000,左节点损失:0.408,右节点损失:0.379,总损失:0.787
------划分值:20.000,左节点损失:0.430,右节点损失:0.330,总损失:0.760
------划分值:21.000,左节点损失:0.469,右节点损失:0.277,总损失:0.746
------划分值:22.000,左节点损失:0.717,右节点损失:0.091,总损失:0.808
------划分值:23.000,左节点损失:0.752,右节点损失:0.049,总损失:0.801
('----划分特征：', 'location')
------划分值:22.000,左节点损失:0.402,右节点损失:0.342,总损失:0.745
------划分值:20.000,左节点损失:0.000,右节点损失:0.812,总损失:0.812
------划分值:21.000,左节点损失:0.335,右节点损失:0.453,总损失:0.789
('----划分特征：', 'period')
------划分值:12.000,左节点损失:0.000,右节点损失:0.812,总损失:0.812
------划分值:24.000,左节点损失:0.242,右节点损失:0.501,总损失:0.743
------划分值:48.000,左节点损失:0.634,右节点损失:0.148,总损失:0.782
------划分值:96.000,左节点损失:0.684,右节点损失:0.070,总损失:0.754
------划分值:192.000,左节点损失:0.751,右节点损失:0.000,总损失:0.751
------划分值:36.000,左节点损失:0.417,右节点损失:0.325,总损失:0.743
('--最佳划分特征：', 'period')
('--最佳划分值：', 36.0)
('叶子节点预测值：', 0.08442904286975655)
('叶子节点预测值：', 0.04169737299620818)
--树的深度：1
('----划分特征：', 'material')
------划分值:24.000,左节点损失:0.000,右节点损失:0.010,总损失:0.010
------划分值:25.000,左节点损失:0.002,右节点损失:0.008,总损失:0.009
------划分值:26.000,左节点损失:0.003,右节点损失:0.006,总损失:0.009
------划分值:27.000,左节点损失:0.004,右节点损失:0.006,总损失:0.009
------划分值:28.000,左节点损失:0.004,右节点损失:0.005,总损失:0.009
------划分值:29.000,左节点损失:0.004,右节点损失:0.005,总损失:0.009
------划分值:30.000,左节点损失:0.005,右节点损失:0.005,总损失:0.009
------划分值:31.000,左节点损失:0.006,右节点损失:0.003,总损失:0.009
------划分值:32.000,左节点损失:0.006,右节点损失:0.003,总损失:0.009
------划分值:33.000,左节点损失:0.009,右节点损失:0.001,总损失:0.009
('----划分特征：', 'location')
------划分值:9.000,左节点损失:0.001,右节点损失:0.009,总损失:0.010
------划分值:7.000,左节点损失:0.000,右节点损失:0.009,总损失:0.010
------划分值:5.000,左节点损失:0.000,右节点损失:0.010,总损失:0.010
------划分值:13.000,左节点损失:0.007,右节点损失:0.002,总损失:0.009
------划分值:11.000,左节点损失:0.006,右节点损失:0.003,总损失:0.008
------划分值:10.000,左节点损失:0.001,右节点损失:0.009,总损失:0.009
------划分值:18.000,左节点损失:0.008,右节点损失:0.002,总损失:0.010
------划分值:20.000,左节点损失:0.009,右节点损失:0.001,总损失:0.010
------划分值:22.000,左节点损失:0.009,右节点损失:0.000,总损失:0.010
------划分值:19.000,左节点损失:0.008,右节点损失:0.001,总损失:0.010
('----划分特征：', 'period')
------划分值:12.000,左节点损失:0.000,右节点损失:0.010,总损失:0.010
------划分值:24.000,左节点损失:0.004,右节点损失:0.004,总损失:0.008
------划分值:48.000,左节点损失:0.007,右节点损失:0.002,总损失:0.009
------划分值:96.000,左节点损失:0.008,右节点损失:0.001,总损失:0.009
------划分值:192.000,左节点损失:0.009,右节点损失:0.000,总损失:0.010
------划分值:36.000,左节点损失:0.007,右节点损失:0.002,总损失:0.009
------划分值:72.000,左节点损失:0.008,右节点损失:0.001,总损失:0.009
------划分值:120.000,左节点损失:0.009,右节点损失:0.000,总损失:0.010
('--最佳划分特征：', 'location')
('--最佳划分值：', 11.0)
--树的深度：2
('----划分特征：', 'material')
------划分值:24.000,左节点损失:0.000,右节点损失:0.006,总损失:0.006
------划分值:25.000,左节点损失:0.001,右节点损失:0.005,总损失:0.006
------划分值:26.000,左节点损失:0.001,右节点损失:0.004,总损失:0.006
------划分值:27.000,左节点损失:0.002,右节点损失:0.004,总损失:0.005
------划分值:28.000,左节点损失:0.002,右节点损失:0.004,总损失:0.005
------划分值:29.000,左节点损失:0.002,右节点损失:0.004,总损失:0.005
------划分值:30.000,左节点损失:0.002,右节点损失:0.004,总损失:0.005
------划分值:31.000,左节点损失:0.003,右节点损失:0.003,总损失:0.005
------划分值:32.000,左节点损失:0.003,右节点损失:0.002,总损失:0.005
------划分值:33.000,左节点损失:0.005,右节点损失:0.001,总损失:0.005
('----划分特征：', 'location')
------划分值:9.000,左节点损失:0.001,右节点损失:0.004,总损失:0.005
------划分值:7.000,左节点损失:0.000,右节点损失:0.005,总损失:0.005
------划分值:5.000,左节点损失:0.000,右节点损失:0.006,总损失:0.006
------划分值:10.000,左节点损失:0.001,右节点损失:0.003,总损失:0.004
('----划分特征：', 'period')
------划分值:12.000,左节点损失:0.000,右节点损失:0.006,总损失:0.006
------划分值:24.000,左节点损失:0.002,右节点损失:0.002,总损失:0.005
------划分值:48.000,左节点损失:0.004,右节点损失:0.001,总损失:0.005
------划分值:96.000,左节点损失:0.005,右节点损失:0.001,总损失:0.005
------划分值:192.000,左节点损失:0.005,右节点损失:0.000,总损失:0.005
('--最佳划分特征：', 'location')
('--最佳划分值：', 10.0)
--树的深度：3
('----划分特征：', 'material')
------划分值:24.000,左节点损失:0.000,右节点损失:0.001,总损失:0.001
------划分值:25.000,左节点损失:0.000,右节点损失:0.000,总损失:0.001
------划分值:32.000,左节点损失:0.001,右节点损失:0.000,总损失:0.001
------划分值:33.000,左节点损失:0.001,右节点损失:0.000,总损失:0.001
('----划分特征：', 'location')
------划分值:9.000,左节点损失:0.001,右节点损失:0.000,总损失:0.001
------划分值:7.000,左节点损失:0.000,右节点损失:0.000,总损失:0.001
------划分值:5.000,左节点损失:0.000,右节点损失:0.001,总损失:0.001
('----划分特征：', 'period')
------划分值:12.000,左节点损失:0.000,右节点损失:0.001,总损失:0.001
------划分值:24.000,左节点损失:0.000,右节点损失:0.000,总损失:0.001
------划分值:48.000,左节点损失:0.001,右节点损失:0.000,总损失:0.001
------划分值:96.000,左节点损失:0.001,右节点损失:0.000,总损失:0.001
('--最佳划分特征：', 'location')
('--最佳划分值：', 9.0)
('叶子节点预测值：', -0.11734176029447266)
('叶子节点预测值：', -0.12140426029447268)
--树的深度：3
('----划分特征：', 'material')
------划分值:24.000,左节点损失:0.000,右节点损失:0.003,总损失:0.003
------划分值:25.000,左节点损失:0.000,右节点损失:0.003,总损失:0.003
------划分值:26.000,左节点损失:0.000,右节点损失:0.003,总损失:0.003
------划分值:27.000,左节点损失:0.001,右节点损失:0.002,总损失:0.003
------划分值:28.000,左节点损失:0.001,右节点损失:0.002,总损失:0.003
------划分值:29.000,左节点损失:0.001,右节点损失:0.002,总损失:0.003
------划分值:30.000,左节点损失:0.001,右节点损失:0.002,总损失:0.003
------划分值:31.000,左节点损失:0.001,右节点损失:0.002,总损失:0.003
------划分值:32.000,左节点损失:0.002,右节点损失:0.001,总损失:0.003
------划分值:33.000,左节点损失:0.003,右节点损失:0.000,总损失:0.003
('----划分特征：', 'location')
------划分值:10.000,左节点损失:0.000,右节点损失:0.003,总损失:0.003
('----划分特征：', 'period')
------划分值:12.000,左节点损失:0.000,右节点损失:0.003,总损失:0.003
------划分值:24.000,左节点损失:0.001,右节点损失:0.001,总损失:0.002
------划分值:48.000,左节点损失:0.001,右节点损失:0.000,总损失:0.002
------划分值:96.000,左节点损失:0.002,右节点损失:0.000,总损失:0.002
------划分值:192.000,左节点损失:0.003,右节点损失:0.000,总损失:0.003
('--最佳划分特征：', 'period')
('--最佳划分值：', 48.0)
('叶子节点预测值：', -0.10488048756719995)
('叶子节点预测值：', -0.11476248756719998)
--树的深度：2
('----划分特征：', 'material')
------划分值:24.000,左节点损失:0.000,右节点损失:0.003,总损失:0.003
------划分值:25.000,左节点损失:0.001,右节点损失:0.002,总损失:0.003
------划分值:26.000,左节点损失:0.002,右节点损失:0.001,总损失:0.002
------划分值:27.000,左节点损失:0.002,右节点损失:0.001,总损失:0.002
------划分值:28.000,左节点损失:0.002,右节点损失:0.001,总损失:0.002
------划分值:29.000,左节点损失:0.002,右节点损失:0.001,总损失:0.003
------划分值:30.000,左节点损失:0.002,右节点损失:0.001,总损失:0.003
------划分值:31.000,左节点损失:0.002,右节点损失:0.000,总损失:0.003
------划分值:32.000,左节点损失:0.002,右节点损失:0.000,总损失:0.003
------划分值:33.000,左节点损失:0.003,右节点损失:0.000,总损失:0.003
('----划分特征：', 'location')
------划分值:13.000,左节点损失:0.001,右节点损失:0.002,总损失:0.003
------划分值:11.000,左节点损失:0.000,右节点损失:0.003,总损失:0.003
------划分值:18.000,左节点损失:0.001,右节点损失:0.002,总损失:0.002
------划分值:20.000,左节点损失:0.002,右节点损失:0.001,总损失:0.002
------划分值:22.000,左节点损失:0.003,右节点损失:0.000,总损失:0.003
------划分值:19.000,左节点损失:0.002,右节点损失:0.001,总损失:0.003
('----划分特征：', 'period')
------划分值:12.000,左节点损失:0.000,右节点损失:0.003,总损失:0.003
------划分值:24.000,左节点损失:0.001,右节点损失:0.001,总损失:0.002
------划分值:48.000,左节点损失:0.002,右节点损失:0.000,总损失:0.002
------划分值:96.000,左节点损失:0.002,右节点损失:0.000,总损失:0.003
------划分值:192.000,左节点损失:0.003,右节点损失:0.000,总损失:0.003
------划分值:36.000,左节点损失:0.002,右节点损失:0.000,总损失:0.002
------划分值:72.000,左节点损失:0.002,右节点损失:0.000,总损失:0.003
------划分值:120.000,左节点损失:0.003,右节点损失:0.000,总损失:0.003
('--最佳划分特征：', 'location')
('--最佳划分值：', 18.0)
--树的深度：3
('----划分特征：', 'material')
------划分值:24.000,左节点损失:0.000,右节点损失:0.001,总损失:0.001
------划分值:25.000,左节点损失:0.000,右节点损失:0.001,总损失:0.001
------划分值:26.000,左节点损失:0.000,右节点损失:0.001,总损失:0.001
------划分值:27.000,左节点损失:0.000,右节点损失:0.000,总损失:0.001
------划分值:28.000,左节点损失:0.000,右节点损失:0.000,总损失:0.001
------划分值:29.000,左节点损失:0.000,右节点损失:0.000,总损失:0.001
------划分值:30.000,左节点损失:0.000,右节点损失:0.000,总损失:0.001
------划分值:31.000,左节点损失:0.001,右节点损失:0.000,总损失:0.001
------划分值:32.000,左节点损失:0.001,右节点损失:0.000,总损失:0.001
------划分值:33.000,左节点损失:0.001,右节点损失:0.000,总损失:0.001
('----划分特征：', 'location')
------划分值:13.000,左节点损失:0.001,右节点损失:0.000,总损失:0.001
------划分值:11.000,左节点损失:0.000,右节点损失:0.001,总损失:0.001
('----划分特征：', 'period')
------划分值:12.000,左节点损失:0.000,右节点损失:0.001,总损失:0.001
------划分值:24.000,左节点损失:0.000,右节点损失:0.000,总损失:0.001
------划分值:48.000,左节点损失:0.001,右节点损失:0.000,总损失:0.001
------划分值:96.000,左节点损失:0.001,右节点损失:0.000,总损失:0.001
('--最佳划分特征：', 'location')
('--最佳划分值：', 13.0)
('叶子节点预测值：', -0.11957114873741267)
('叶子节点预测值：', -0.12225283508493041)
--树的深度：3
('----划分特征：', 'material')
------划分值:25.000,左节点损失:0.001,右节点损失:0.001,总损失:0.002
------划分值:24.000,左节点损失:0.000,右节点损失:0.002,总损失:0.002
------划分值:32.000,左节点损失:0.001,右节点损失:0.000,总损失:0.002
('----划分特征：', 'location')
------划分值:18.000,左节点损失:0.000,右节点损失:0.002,总损失:0.002
------划分值:20.000,左节点损失:0.001,右节点损失:0.001,总损失:0.002
------划分值:22.000,左节点损失:0.001,右节点损失:0.000,总损失:0.001
------划分值:19.000,左节点损失:0.000,右节点损失:0.001,总损失:0.001
('----划分特征：', 'period')
------划分值:12.000,左节点损失:0.000,右节点损失:0.002,总损失:0.002
------划分值:24.000,左节点损失:0.001,右节点损失:0.001,总损失:0.001
------划分值:48.000,左节点损失:0.001,右节点损失:0.000,总损失:0.001
------划分值:96.000,左节点损失:0.001,右节点损失:0.000,总损失:0.001
------划分值:192.000,左节点损失:0.001,右节点损失:0.000,总损失:0.001
------划分值:36.000,左节点损失:0.001,右节点损失:0.000,总损失:0.001
------划分值:72.000,左节点损失:0.001,右节点损失:0.000,总损失:0.001
------划分值:120.000,左节点损失:0.001,右节点损失:0.000,总损失:0.001
('--最佳划分特征：', 'period')
('--最佳划分值：', 36.0)
('叶子节点预测值：', -0.11289448756719994)
('叶子节点预测值：', -0.12003444211265452)
第2棵树: mse_loss:0.0112
