-----------------------------构建第3颗树-----------------------------
--树的深度：0
('----划分特征：', 'material')
------划分值:0.000,左节点损失:0.000,右节点损失:16.776,总损失:16.776
------划分值:1.000,左节点损失:0.682,右节点损失:16.052,总损失:16.734
------划分值:2.000,左节点损失:0.827,右节点损失:15.924,总损失:16.752
------划分值:3.000,左节点损失:1.067,右节点损失:15.708,总损失:16.775
------划分值:4.000,左节点损失:1.733,右节点损失:15.024,总损失:16.757
------划分值:5.000,左节点损失:2.605,右节点损失:14.107,总损失:16.712
------划分值:6.000,左节点损失:3.687,右节点损失:12.943,总损失:16.629
------划分值:7.000,左节点损失:3.850,右节点损失:12.792,总损失:16.642
------划分值:8.000,左节点损失:3.963,右节点损失:12.707,总损失:16.670
------划分值:9.000,左节点损失:4.104,右节点损失:12.589,总损失:16.693
------划分值:10.000,左节点损失:4.439,右节点损失:12.260,总损失:16.699
------划分值:11.000,左节点损失:4.601,右节点损失:12.081,总损失:16.682
------划分值:12.000,左节点损失:4.775,右节点损失:11.907,总损失:16.681
------划分值:13.000,左节点损失:4.900,右节点损失:11.803,总损失:16.703
------划分值:14.000,左节点损失:5.207,右节点损失:11.481,总损失:16.688
------划分值:15.000,左节点损失:5.342,右节点损失:11.359,总损失:16.702
------划分值:16.000,左节点损失:5.430,右节点损失:11.260,总损失:16.690
------划分值:17.000,左节点损失:6.391,右节点损失:10.250,总损失:16.641
------划分值:18.000,左节点损失:7.779,右节点损失:8.642,总损失:16.421
------划分值:19.000,左节点损失:9.234,右节点损失:6.837,总损失:16.071
------划分值:20.000,左节点损失:10.207,右节点损失:5.534,总损失:15.741
------划分值:21.000,左节点损失:11.446,右节点损失:3.765,总损失:15.210
------划分值:22.000,左节点损失:12.329,右节点损失:3.056,总损失:15.385
------划分值:23.000,左节点损失:13.154,右节点损失:1.648,总损失:14.801
------划分值:24.000,左节点损失:13.999,右节点损失:0.009,总损失:14.007
------划分值:25.000,左节点损失:14.591,右节点损失:0.007,总损失:14.597
------划分值:26.000,左节点损失:15.127,右节点损失:0.006,总损失:15.132
------划分值:27.000,左节点损失:15.293,右节点损失:0.005,总损失:15.298
------划分值:28.000,左节点损失:15.466,右节点损失:0.005,总损失:15.470
------划分值:29.000,左节点损失:15.638,右节点损失:0.005,总损失:15.643
------划分值:30.000,左节点损失:15.804,右节点损失:0.004,总损失:15.808
------划分值:31.000,左节点损失:15.955,右节点损失:0.003,总损失:15.958
------划分值:32.000,左节点损失:16.124,右节点损失:0.003,总损失:16.127
------划分值:33.000,左节点损失:16.494,右节点损失:0.001,总损失:16.494
('----划分特征：', 'location')
------划分值:9.000,左节点损失:7.514,右节点损失:9.020,总损失:16.535
------划分值:7.000,左节点损失:6.016,右节点损失:10.624,总损失:16.639
------划分值:5.000,左节点损失:4.162,右节点损失:11.584,总损失:15.745
------划分值:13.000,左节点损失:10.858,右节点损失:5.786,总损失:16.644
------划分值:11.000,左节点损失:10.081,右节点损失:6.679,总损失:16.761
------划分值:10.000,左节点损失:9.150,右节点损失:7.454,总损失:16.604
------划分值:22.000,左节点损失:15.796,右节点损失:0.638,总损失:16.433
------划分值:20.000,左节点损失:15.102,右节点损失:1.290,总损失:16.392
------划分值:18.000,左节点损失:13.872,右节点损失:2.877,总损失:16.749
------划分值:21.000,左节点损失:15.769,右节点损失:0.717,总损失:16.486
------划分值:8.000,左节点损失:7.449,右节点损失:9.081,总损失:16.531
------划分值:12.000,左节点损失:10.830,右节点损失:5.830,总损失:16.660
------划分值:14.000,左节点损失:13.522,右节点损失:3.174,总损失:16.696
------划分值:16.000,左节点损失:13.530,右节点损失:3.169,总损失:16.699
------划分值:17.000,左节点损失:13.571,右节点损失:3.139,总损失:16.709
------划分值:19.000,左节点损失:14.422,右节点损失:2.353,总损失:16.775
------划分值:6.000,左节点损失:5.068,右节点损失:11.197,总损失:16.265
------划分值:2.000,左节点损失:0.051,右节点损失:16.651,总损失:16.703
------划分值:4.000,左节点损失:1.764,右节点损失:15.001,总损失:16.765
------划分值:3.000,左节点损失:0.584,右节点损失:16.024,总损失:16.607
------划分值:1.000,左节点损失:0.000,右节点损失:16.776,总损失:16.776
('----划分特征：', 'period')
------划分值:12.000,左节点损失:0.000,右节点损失:16.776,总损失:16.776
------划分值:24.000,左节点损失:5.545,右节点损失:10.931,总损失:16.476
------划分值:48.000,左节点损失:11.967,右节点损失:4.145,总损失:16.111
------划分值:96.000,左节点损失:14.169,右节点损失:1.942,总损失:16.111
------划分值:192.000,左节点损失:16.194,右节点损失:0.062,总损失:16.257
------划分值:120.000,左节点损失:16.088,右节点损失:0.150,总损失:16.237
------划分值:36.000,左节点损失:10.310,右节点损失:6.114,总损失:16.424
------划分值:72.000,左节点损失:14.139,右节点损失:1.951,总损失:16.090
('--最佳划分特征：', 'material')
('--最佳划分值：', 24.0)
--树的深度：1
('----划分特征：', 'material')
------划分值:0.000,左节点损失:0.000,右节点损失:13.999,总损失:13.999
------划分值:1.000,左节点损失:0.682,右节点损失:13.313,总损失:13.996
------划分值:2.000,左节点损失:0.827,右节点损失:13.171,总损失:13.998
------划分值:3.000,左节点损失:1.067,右节点损失:12.885,总损失:13.952
------划分值:4.000,左节点损失:1.733,右节点损失:12.249,总损失:13.981
------划分值:5.000,左节点损失:2.605,右节点损失:11.392,总损失:13.998
------划分值:6.000,左节点损失:3.687,右节点损失:10.312,总损失:13.998
------划分值:7.000,左节点损失:3.850,右节点损失:10.149,总损失:13.998
------划分值:8.000,左节点损失:3.963,右节点损失:10.030,总损失:13.992
------划分值:9.000,左节点损失:4.104,右节点损失:9.876,总损失:13.980
------划分值:10.000,左节点损失:4.439,右节点损失:9.525,总损失:13.964
------划分值:11.000,左节点损失:4.601,右节点损失:9.367,总损失:13.968
------划分值:12.000,左节点损失:4.775,右节点损失:9.185,总损失:13.960
------划分值:13.000,左节点损失:4.900,右节点损失:9.032,总损失:13.932
------划分值:14.000,左节点损失:5.207,右节点损失:8.725,总损失:13.932
------划分值:15.000,左节点损失:5.342,右节点损失:8.562,总损失:13.904
------划分值:16.000,左节点损失:5.430,右节点损失:8.480,总损失:13.910
------划分值:17.000,左节点损失:6.391,右节点损失:7.517,总损失:13.908
------划分值:18.000,左节点损失:7.779,右节点损失:6.196,总损失:13.975
------划分值:19.000,左节点损失:9.234,右节点损失:4.764,总损失:13.999
------划分值:20.000,左节点损失:10.207,右节点损失:3.781,总损失:13.987
------划分值:21.000,左节点损失:11.446,右节点损失:2.492,总损失:13.938
------划分值:22.000,左节点损失:12.329,右节点损失:1.667,总损失:13.996
------划分值:23.000,左节点损失:13.154,右节点损失:0.845,总损失:13.998
('----划分特征：', 'location')
------划分值:9.000,左节点损失:7.083,右节点损失:6.900,总损失:13.983
------划分值:7.000,左节点损失:5.839,右节点损失:8.159,总损失:13.998
------划分值:5.000,左节点损失:4.162,右节点损失:9.310,总损失:13.472
------划分值:13.000,左节点损失:9.370,右节点损失:4.400,总损失:13.770
------划分值:11.000,左节点损失:9.015,右节点损失:4.853,总损失:13.868
------划分值:10.000,左节点损失:8.498,右节点损失:5.499,总损失:13.997
------划分值:22.000,左节点损失:13.314,右节点损失:0.344,总损失:13.658
------划分值:20.000,左节点损失:12.844,右节点损失:0.799,总损失:13.643
------划分值:18.000,左节点损失:11.690,右节点损失:2.299,总损失:13.988
------划分值:21.000,左节点损失:13.278,右节点损失:0.451,总损失:13.729
------划分值:8.000,左节点损失:7.015,右节点损失:6.964,总损失:13.979
------划分值:12.000,左节点损失:9.330,右节点损失:4.478,总损失:13.809
------划分值:14.000,左节点损失:11.409,右节点损失:2.549,总损失:13.958
------划分值:16.000,左节点损失:11.414,右节点损失:2.542,总损失:13.956
------划分值:17.000,左节点损失:11.443,右节点损失:2.519,总损失:13.962
------划分值:19.000,左节点损失:12.014,右节点损失:1.983,总损失:13.997
------划分值:6.000,左节点损失:4.839,右节点损失:8.988,总损失:13.828
------划分值:2.000,左节点损失:0.051,右节点损失:13.930,总损失:13.982
------划分值:4.000,左节点损失:1.764,右节点损失:12.210,总损失:13.974
------划分值:3.000,左节点损失:0.584,右节点损失:13.023,总损失:13.606
------划分值:1.000,左节点损失:0.000,右节点损失:13.999,总损失:13.999
('----划分特征：', 'period')
------划分值:12.000,左节点损失:0.000,右节点损失:13.999,总损失:13.999
------划分值:24.000,左节点损失:4.653,右节点损失:9.101,总损失:13.754
------划分值:48.000,左节点损失:10.397,右节点损失:3.301,总损失:13.698
------划分值:96.000,左节点损失:11.881,右节点损失:1.628,总损失:13.509
------划分值:192.000,左节点损失:13.326,右节点损失:0.046,总损失:13.372
------划分值:120.000,左节点损失:13.243,右节点损失:0.128,总损失:13.371
------划分值:36.000,左节点损失:8.774,右节点损失:5.009,总损失:13.783
('--最佳划分特征：', 'period')
('--最佳划分值：', 120.0)
--树的深度：2
('----划分特征：', 'material')
------划分值:0.000,左节点损失:0.000,右节点损失:13.243,总损失:13.243
------划分值:1.000,左节点损失:0.593,右节点损失:12.647,总损失:13.240
------划分值:2.000,左节点损失:0.713,右节点损失:12.530,总损失:13.243
------划分值:3.000,左节点损失:0.927,右节点损失:12.285,总损失:13.212
------划分值:4.000,左节点损失:1.501,右节点损失:11.737,总损失:13.238
------划分值:5.000,左节点损失:2.314,右节点损失:10.926,总损失:13.241
------划分值:6.000,左节点损失:3.238,右节点损失:9.984,总损失:13.222
------划分值:7.000,左节点损失:3.383,右节点损失:9.847,总损失:13.230
------划分值:8.000,左节点损失:3.488,右节点损失:9.752,总损失:13.240
------划分值:9.000,左节点损失:3.616,右节点损失:9.627,总损失:13.243
------划分值:10.000,左节点损失:3.901,右节点损失:9.341,总损失:13.243
------划分值:11.000,左节点损失:4.038,右节点损失:9.205,总损失:13.243
------划分值:12.000,左节点损失:4.188,右节点损失:9.055,总损失:13.243
------划分值:13.000,左节点损失:4.293,右节点损失:8.945,总损失:13.238
------划分值:14.000,左节点损失:4.566,右节点损失:8.674,总损失:13.240
------划分值:15.000,左节点损失:4.687,右节点损失:8.547,总损失:13.233
------划分值:16.000,左节点损失:4.756,右节点损失:8.480,总损失:13.236
------划分值:17.000,左节点损失:5.713,右节点损失:7.517,总损失:13.230
------划分值:18.000,左节点损失:7.046,右节点损失:6.196,总损失:13.243
------划分值:19.000,左节点损失:8.458,右节点损失:4.764,总损失:13.222
------划分值:20.000,左节点损失:9.411,右节点损失:3.781,总损失:13.191
------划分值:21.000,左节点损失:10.631,右节点损失:2.492,总损失:13.123
------划分值:22.000,左节点损失:11.576,右节点损失:1.667,总损失:13.243
------划分值:23.000,左节点损失:12.397,右节点损失:0.845,总损失:13.242
('----划分特征：', 'location')
------划分值:9.000,左节点损失:6.710,右节点损失:6.514,总损失:13.225
------划分值:7.000,左节点损失:5.703,右节点损失:7.538,总损失:13.241
------划分值:5.000,左节点损失:4.162,右节点损失:8.687,总损失:12.849
------划分值:13.000,左节点损失:8.856,右节点损失:4.240,总损失:13.096
------划分值:11.000,左节点损失:8.601,右节点损失:4.531,总损失:13.132
------划分值:10.000,左节点损失:8.148,右节点损失:5.095,总损失:13.243
------划分值:22.000,左节点损失:12.615,右节点损失:0.344,总损失:12.959
------划分值:20.000,左节点损失:12.202,右节点损失:0.740,总损失:12.942
------划分值:18.000,左节点损失:10.980,右节点损失:2.263,总损失:13.243
------划分值:21.000,左节点损失:12.603,右节点损失:0.380,总损失:12.984
------划分值:8.000,左节点损失:6.638,右节点损失:6.581,总损失:13.219
------划分值:12.000,左节点损失:8.838,右节点损失:4.277,总损失:13.115
------划分值:14.000,左节点损失:10.722,右节点损失:2.510,总损失:13.232
------划分值:16.000,左节点损失:10.728,右节点损失:2.503,总损失:13.231
------划分值:17.000,左节点损失:10.753,右节点损失:2.480,总损失:13.233
------划分值:19.000,左节点损失:11.272,右节点损失:1.957,总损失:13.228
------划分值:6.000,左节点损失:4.645,右节点损失:8.453,总损失:13.098
------划分值:2.000,左节点损失:0.051,右节点损失:13.185,总损失:13.236
------划分值:4.000,左节点损失:1.764,右节点损失:11.418,总损失:13.182
------划分值:3.000,左节点损失:0.584,右节点损失:12.168,总损失:12.751
------划分值:1.000,左节点损失:0.000,右节点损失:13.243,总损失:13.243
('----划分特征：', 'period')
------划分值:12.000,左节点损失:0.000,右节点损失:13.243,总损失:13.243
------划分值:24.000,左节点损失:4.653,右节点损失:8.458,总损失:13.112
------划分值:48.000,左节点损失:10.397,右节点损失:2.796,总损失:13.193
------划分值:96.000,左节点损失:11.881,右节点损失:1.284,总损失:13.165
------划分值:36.000,左节点损失:8.774,右节点损失:4.422,总损失:13.196
('--最佳划分特征：', 'location')
('--最佳划分值：', 3.0)
--树的深度：3
('----划分特征：', 'material')
------划分值:16.000,左节点损失:0.000,右节点损失:0.584,总损失:0.584
------划分值:17.000,左节点损失:0.098,右节点损失:0.483,总损失:0.581
------划分值:18.000,左节点损失:0.160,右节点损失:0.423,总损失:0.582
------划分值:19.000,左节点损失:0.212,右节点损失:0.372,总损失:0.583
------划分值:20.000,左节点损失:0.310,右节点损失:0.268,总损失:0.578
------划分值:21.000,左节点损失:0.376,右节点损失:0.202,总损失:0.578
------划分值:22.000,左节点损失:0.446,右节点损失:0.136,总损失:0.582
------划分值:23.000,左节点损失:0.547,右节点损失:0.028,总损失:0.574
('----划分特征：', 'location')
------划分值:2.000,左节点损失:0.051,右节点损失:0.003,总损失:0.055
------划分值:1.000,左节点损失:0.000,右节点损失:0.584,总损失:0.584
('----划分特征：', 'period')
------划分值:12.000,左节点损失:0.000,右节点损失:0.584,总损失:0.584
------划分值:24.000,左节点损失:0.202,右节点损失:0.379,总损失:0.581
------划分值:36.000,左节点损失:0.340,右节点损失:0.241,总损失:0.581
('--最佳划分特征：', 'location')
('--最佳划分值：', 2.0)
('叶子节点预测值：', 0.0335453488103265)
('叶子节点预测值：', -0.09289306046245176)
--树的深度：3
('----划分特征：', 'material')
------划分值:0.000,左节点损失:0.000,右节点损失:12.168,总损失:12.168
------划分值:1.000,左节点损失:0.593,右节点损失:11.574,总损失:12.168
------划分值:2.000,左节点损失:0.713,右节点损失:11.449,总损失:12.163
------划分值:3.000,左节点损失:0.927,右节点损失:11.175,总损失:12.102
------划分值:4.000,左节点损失:1.501,右节点损失:10.636,总损失:12.138
------划分值:5.000,左节点损失:2.314,右节点损失:9.849,总损失:12.164
------划分值:6.000,左节点损失:3.238,右节点损失:8.929,总损失:12.168
------划分值:7.000,左节点损失:3.383,右节点损失:8.783,总损失:12.166
------划分值:8.000,左节点损失:3.488,右节点损失:8.669,总损失:12.157
------划分值:9.000,左节点损失:3.616,右节点损失:8.526,总损失:12.141
------划分值:10.000,左节点损失:3.901,右节点损失:8.225,总损失:12.126
------划分值:11.000,左节点损失:4.038,右节点损失:8.091,总损失:12.129
------划分值:12.000,左节点损失:4.188,右节点损失:7.931,总损失:12.119
------划分值:13.000,左节点损失:4.293,右节点损失:7.795,总损失:12.088
------划分值:14.000,左节点损失:4.566,右节点损失:7.523,总损失:12.088
------划分值:15.000,左节点损失:4.687,右节点损失:7.370,总损失:12.057
------划分值:16.000,左节点损失:4.756,右节点损失:7.307,总损失:12.064
------划分值:17.000,左节点损失:5.580,右节点损失:6.472,总损失:12.053
------划分值:18.000,左节点损失:6.782,右节点损失:5.352,总损失:12.135
------划分值:19.000,左节点损失:8.053,右节点损失:4.115,总损失:12.167
------划分值:20.000,左节点损失:8.861,右节点损失:3.298,总损失:12.159
------划分值:21.000,左节点损失:9.941,右节点损失:2.172,总损失:12.112
------划分值:22.000,左节点损失:10.777,右节点损失:1.383,总损失:12.160
------划分值:23.000,左节点损失:11.452,右节点损失:0.711,总损失:12.163
('----划分特征：', 'location')
------划分值:9.000,左节点损失:5.456,右节点损失:6.514,总损失:11.970
------划分值:7.000,左节点损失:4.513,右节点损失:7.538,总损失:12.050
------划分值:5.000,左节点损失:1.106,右节点损失:8.687,总损失:9.794
------划分值:13.000,左节点损失:7.881,右节点损失:4.240,总损失:12.121
------划分值:11.000,左节点损失:7.617,右节点损失:4.531,总损失:12.148
------划分值:10.000,左节点损失:7.006,右节点损失:5.095,总损失:12.101
------划分值:22.000,左节点损失:11.601,右节点损失:0.344,总损失:11.945
------划分值:20.000,左节点损失:11.219,右节点损失:0.740,总损失:11.960
------划分值:18.000,左节点损失:9.886,右节点损失:2.263,总损失:12.149
------划分值:21.000,左节点损失:11.588,右节点损失:0.380,总损失:11.968
------划分值:8.000,左节点损失:5.363,右节点损失:6.581,总损失:11.944
------划分值:12.000,左节点损失:7.856,右节点损失:4.277,总损失:12.133
------划分值:14.000,左节点损失:9.656,右节点损失:2.510,总损失:12.165
------划分值:16.000,左节点损失:9.663,右节点损失:2.503,总损失:12.166
------划分值:17.000,左节点损失:9.685,右节点损失:2.480,总损失:12.165
------划分值:19.000,左节点损失:10.151,右节点损失:1.957,总损失:12.108
------划分值:6.000,左节点损失:2.914,右节点损失:8.453,总损失:11.367
------划分值:4.000,左节点损失:0.447,右节点损失:11.418,总损失:11.865
------划分值:3.000,左节点损失:0.000,右节点损失:12.168,总损失:12.168
('----划分特征：', 'period')
------划分值:12.000,左节点损失:0.000,右节点损失:12.168,总损失:12.168
------划分值:24.000,左节点损失:4.231,右节点损失:7.797,总损失:12.028
------划分值:48.000,左节点损失:9.241,右节点损失:2.796,总损失:12.037
------划分值:96.000,左节点损失:10.749,右节点损失:1.284,总损失:12.033
------划分值:36.000,左节点损失:8.012,右节点损失:4.089,总损失:12.102
('--最佳划分特征：', 'location')
('--最佳划分值：', 5.0)
('叶子节点预测值：', 0.16624535885273745)
('叶子节点预测值：', 0.014147707194506434)
--树的深度：2
('----划分特征：', 'material')
------划分值:0.000,左节点损失:0.000,右节点损失:0.128,总损失:0.128
------划分值:1.000,左节点损失:0.066,右节点损失:0.054,总损失:0.119
------划分值:2.000,左节点损失:0.070,右节点损失:0.053,总损失:0.123
------划分值:3.000,左节点损失:0.081,右节点损失:0.047,总损失:0.128
------划分值:4.000,左节点损失:0.095,右节点损失:0.033,总损失:0.128
------划分值:5.000,左节点损失:0.096,右节点损失:0.032,总损失:0.128
------划分值:6.000,左节点损失:0.108,右节点损失:0.020,总损失:0.128
------划分值:7.000,左节点损失:0.109,右节点损失:0.020,总损失:0.128
------划分值:8.000,左节点损失:0.109,右节点损失:0.019,总损失:0.128
------划分值:9.000,左节点损失:0.110,右节点损失:0.018,总损失:0.128
------划分值:10.000,左节点损失:0.111,右节点损失:0.017,总损失:0.128
------划分值:11.000,左节点损失:0.117,右节点损失:0.011,总损失:0.128
------划分值:12.000,左节点损失:0.120,右节点损失:0.008,总损失:0.128
------划分值:13.000,左节点损失:0.122,右节点损失:0.006,总损失:0.128
------划分值:14.000,左节点损失:0.127,右节点损失:0.002,总损失:0.128
------划分值:15.000,左节点损失:0.128,右节点损失:0.000,总损失:0.128
('----划分特征：', 'location')
------划分值:7.000,左节点损失:0.006,右节点损失:0.122,总损失:0.128
------划分值:5.000,左节点损失:0.000,右节点损失:0.128,总损失:0.128
------划分值:11.000,左节点损失:0.018,右节点损失:0.103,总损失:0.121
------划分值:10.000,左节点损失:0.010,右节点损失:0.109,总损失:0.119
------划分值:13.000,左节点损失:0.028,右节点损失:0.095,总损失:0.123
------划分值:18.000,左节点损失:0.113,右节点损失:0.011,总损失:0.124
------划分值:21.000,左节点损失:0.128,右节点损失:0.000,总损失:0.128
------划分值:12.000,左节点损失:0.028,右节点损失:0.097,总损失:0.125
('----划分特征：', 'period')
------划分值:192.000,左节点损失:0.077,右节点损失:0.046,总损失:0.123
------划分值:120.000,左节点损失:0.000,右节点损失:0.128,总损失:0.128
('--最佳划分特征：', 'location')
('--最佳划分值：', 10.0)
--树的深度：3
('----划分特征：', 'material')
------划分值:0.000,左节点损失:0.000,右节点损失:0.010,总损失:0.010
------划分值:1.000,左节点损失:0.001,右节点损失:0.009,总损失:0.010
------划分值:2.000,左节点损失:0.001,右节点损失:0.008,总损失:0.010
------划分值:3.000,左节点损失:0.004,右节点损失:0.006,总损失:0.010
------划分值:4.000,左节点损失:0.005,右节点损失:0.005,总损失:0.010
------划分值:5.000,左节点损失:0.006,右节点损失:0.004,总损失:0.010
------划分值:6.000,左节点损失:0.006,右节点损失:0.004,总损失:0.010
------划分值:7.000,左节点损失:0.006,右节点损失:0.003,总损失:0.010
------划分值:8.000,左节点损失:0.007,右节点损失:0.003,总损失:0.010
------划分值:9.000,左节点损失:0.007,右节点损失:0.003,总损失:0.010
------划分值:10.000,左节点损失:0.007,右节点损失:0.002,总损失:0.010
------划分值:11.000,左节点损失:0.008,右节点损失:0.002,总损失:0.010
------划分值:12.000,左节点损失:0.008,右节点损失:0.002,总损失:0.010
------划分值:13.000,左节点损失:0.009,右节点损失:0.001,总损失:0.010
------划分值:14.000,左节点损失:0.009,右节点损失:0.001,总损失:0.010
('----划分特征：', 'location')
------划分值:7.000,左节点损失:0.006,右节点损失:0.000,总损失:0.007
------划分值:5.000,左节点损失:0.000,右节点损失:0.010,总损失:0.010
('----划分特征：', 'period')
------划分值:192.000,左节点损失:0.000,右节点损失:0.010,总损失:0.010
('--最佳划分特征：', 'location')
('--最佳划分值：', 7.0)
('叶子节点预测值：', -0.0674813935805858)
('叶子节点预测值：', -0.08672975959365765)
--树的深度：3
('----划分特征：', 'material')
------划分值:0.000,左节点损失:0.000,右节点损失:0.109,总损失:0.109
------划分值:1.000,左节点损失:0.060,右节点损失:0.040,总损失:0.100
------划分值:2.000,左节点损失:0.064,右节点损失:0.040,总损失:0.103
------划分值:3.000,左节点损失:0.071,右节点损失:0.036,总损失:0.108
------划分值:4.000,左节点损失:0.086,右节点损失:0.023,总损失:0.109
------划分值:5.000,左节点损失:0.087,右节点损失:0.022,总损失:0.109
------划分值:6.000,左节点损失:0.099,右节点损失:0.010,总损失:0.109
------划分值:7.000,左节点损失:0.099,右节点损失:0.010,总损失:0.109
------划分值:8.000,左节点损失:0.099,右节点损失:0.009,总损失:0.109
------划分值:9.000,左节点损失:0.100,右节点损失:0.009,总损失:0.109
------划分值:10.000,左节点损失:0.100,右节点损失:0.008,总损失:0.108
------划分值:11.000,左节点损失:0.104,右节点损失:0.005,总损失:0.109
------划分值:12.000,左节点损失:0.105,右节点损失:0.004,总损失:0.109
------划分值:13.000,左节点损失:0.106,右节点损失:0.003,总损失:0.109
------划分值:14.000,左节点损失:0.109,右节点损失:0.001,总损失:0.109
------划分值:15.000,左节点损失:0.109,右节点损失:0.000,总损失:0.109
('----划分特征：', 'location')
------划分值:11.000,左节点损失:0.005,右节点损失:0.103,总损失:0.108
------划分值:10.000,左节点损失:0.000,右节点损失:0.109,总损失:0.109
------划分值:13.000,左节点损失:0.012,右节点损失:0.095,总损失:0.107
------划分值:18.000,左节点损失:0.096,右节点损失:0.011,总损失:0.108
------划分值:21.000,左节点损失:0.108,右节点损失:0.000,总损失:0.108
------划分值:12.000,左节点损失:0.012,右节点损失:0.097,总损失:0.108
('----划分特征：', 'period')
------划分值:192.000,左节点损失:0.077,右节点损失:0.029,总损失:0.106
------划分值:120.000,左节点损失:0.000,右节点损失:0.109,总损失:0.109
('--最佳划分特征：', 'material')
('--最佳划分值：', 1.0)
('叶子节点预测值：', -0.015635244906042258)
('叶子节点预测值：', -0.06100025658950652)
--树的深度：1
('----划分特征：', 'material')
------划分值:24.000,左节点损失:0.000,右节点损失:0.009,总损失:0.009
------划分值:25.000,左节点损失:0.002,右节点损失:0.007,总损失:0.008
------划分值:26.000,左节点损失:0.003,右节点损失:0.006,总损失:0.008
------划分值:27.000,左节点损失:0.003,右节点损失:0.005,总损失:0.008
------划分值:28.000,左节点损失:0.004,右节点损失:0.005,总损失:0.008
------划分值:29.000,左节点损失:0.004,右节点损失:0.005,总损失:0.008
------划分值:30.000,左节点损失:0.004,右节点损失:0.004,总损失:0.009
------划分值:31.000,左节点损失:0.005,右节点损失:0.003,总损失:0.008
------划分值:32.000,左节点损失:0.006,右节点损失:0.003,总损失:0.008
------划分值:33.000,左节点损失:0.008,右节点损失:0.001,总损失:0.008
('----划分特征：', 'location')
------划分值:9.000,左节点损失:0.001,右节点损失:0.008,总损失:0.009
------划分值:7.000,左节点损失:0.000,右节点损失:0.008,总损失:0.009
------划分值:5.000,左节点损失:0.000,右节点损失:0.009,总损失:0.009
------划分值:13.000,左节点损失:0.006,右节点损失:0.002,总损失:0.008
------划分值:11.000,左节点损失:0.005,右节点损失:0.003,总损失:0.008
------划分值:10.000,左节点损失:0.001,右节点损失:0.008,总损失:0.008
------划分值:18.000,左节点损失:0.007,右节点损失:0.001,总损失:0.009
------划分值:20.000,左节点损失:0.008,右节点损失:0.001,总损失:0.009
------划分值:22.000,左节点损失:0.008,右节点损失:0.000,总损失:0.009
------划分值:19.000,左节点损失:0.008,右节点损失:0.001,总损失:0.009
('----划分特征：', 'period')
------划分值:12.000,左节点损失:0.000,右节点损失:0.009,总损失:0.009
------划分值:24.000,左节点损失:0.004,右节点损失:0.004,总损失:0.008
------划分值:48.000,左节点损失:0.006,右节点损失:0.002,总损失:0.008
------划分值:96.000,左节点损失:0.007,右节点损失:0.001,总损失:0.008
------划分值:192.000,左节点损失:0.008,右节点损失:0.000,总损失:0.009
------划分值:36.000,左节点损失:0.006,右节点损失:0.002,总损失:0.008
------划分值:72.000,左节点损失:0.007,右节点损失:0.001,总损失:0.008
------划分值:120.000,左节点损失:0.008,右节点损失:0.000,总损失:0.009
('--最佳划分特征：', 'location')
('--最佳划分值：', 11.0)
--树的深度：2
('----划分特征：', 'material')
------划分值:24.000,左节点损失:0.000,右节点损失:0.005,总损失:0.005
------划分值:25.000,左节点损失:0.001,右节点损失:0.004,总损失:0.005
------划分值:26.000,左节点损失:0.001,右节点损失:0.004,总损失:0.005
------划分值:27.000,左节点损失:0.002,右节点损失:0.003,总损失:0.005
------划分值:28.000,左节点损失:0.002,右节点损失:0.003,总损失:0.005
------划分值:29.000,左节点损失:0.002,右节点损失:0.003,总损失:0.005
------划分值:30.000,左节点损失:0.002,右节点损失:0.003,总损失:0.005
------划分值:31.000,左节点损失:0.002,右节点损失:0.002,总损失:0.005
------划分值:32.000,左节点损失:0.003,右节点损失:0.002,总损失:0.005
------划分值:33.000,左节点损失:0.004,右节点损失:0.001,总损失:0.005
('----划分特征：', 'location')
------划分值:9.000,左节点损失:0.001,右节点损失:0.004,总损失:0.005
------划分值:7.000,左节点损失:0.000,右节点损失:0.005,总损失:0.005
------划分值:5.000,左节点损失:0.000,右节点损失:0.005,总损失:0.005
------划分值:10.000,左节点损失:0.001,右节点损失:0.003,总损失:0.004
('----划分特征：', 'period')
------划分值:12.000,左节点损失:0.000,右节点损失:0.005,总损失:0.005
------划分值:24.000,左节点损失:0.002,右节点损失:0.002,总损失:0.004
------划分值:48.000,左节点损失:0.003,右节点损失:0.001,总损失:0.004
------划分值:96.000,左节点损失:0.004,右节点损失:0.000,总损失:0.005
------划分值:192.000,左节点损失:0.005,右节点损失:0.000,总损失:0.005
('--最佳划分特征：', 'location')
('--最佳划分值：', 10.0)
--树的深度：3
('----划分特征：', 'material')
------划分值:24.000,左节点损失:0.000,右节点损失:0.001,总损失:0.001
------划分值:25.000,左节点损失:0.000,右节点损失:0.000,总损失:0.001
------划分值:32.000,左节点损失:0.001,右节点损失:0.000,总损失:0.001
------划分值:33.000,左节点损失:0.001,右节点损失:0.000,总损失:0.001
('----划分特征：', 'location')
------划分值:9.000,左节点损失:0.001,右节点损失:0.000,总损失:0.001
------划分值:7.000,左节点损失:0.000,右节点损失:0.000,总损失:0.001
------划分值:5.000,左节点损失:0.000,右节点损失:0.001,总损失:0.001
('----划分特征：', 'period')
------划分值:12.000,左节点损失:0.000,右节点损失:0.001,总损失:0.001
------划分值:24.000,左节点损失:0.000,右节点损失:0.000,总损失:0.001
------划分值:48.000,左节点损失:0.001,右节点损失:0.000,总损失:0.001
------划分值:96.000,左节点损失:0.001,右节点损失:0.000,总损失:0.001
('--最佳划分特征：', 'period')
('--最佳划分值：', 24.0)
('叶子节点预测值：', -0.10359485699229815)
('叶子节点预测值：', -0.10805122062866178)
--树的深度：3
('----划分特征：', 'material')
------划分值:24.000,左节点损失:0.000,右节点损失:0.003,总损失:0.003
------划分值:25.000,左节点损失:0.000,右节点损失:0.003,总损失:0.003
------划分值:26.000,左节点损失:0.000,右节点损失:0.003,总损失:0.003
------划分值:27.000,左节点损失:0.001,右节点损失:0.002,总损失:0.003
------划分值:28.000,左节点损失:0.001,右节点损失:0.002,总损失:0.003
------划分值:29.000,左节点损失:0.001,右节点损失:0.002,总损失:0.003
------划分值:30.000,左节点损失:0.001,右节点损失:0.002,总损失:0.003
------划分值:31.000,左节点损失:0.001,右节点损失:0.002,总损失:0.003
------划分值:32.000,左节点损失:0.002,右节点损失:0.001,总损失:0.003
------划分值:33.000,左节点损失:0.002,右节点损失:0.000,总损失:0.003
('----划分特征：', 'location')
------划分值:10.000,左节点损失:0.000,右节点损失:0.003,总损失:0.003
('----划分特征：', 'period')
------划分值:12.000,左节点损失:0.000,右节点损失:0.003,总损失:0.003
------划分值:24.000,左节点损失:0.001,右节点损失:0.001,总损失:0.002
------划分值:48.000,左节点损失:0.001,右节点损失:0.000,总损失:0.002
------划分值:96.000,左节点损失:0.002,右节点损失:0.000,总损失:0.002
------划分值:192.000,左节点损失:0.002,右节点损失:0.000,总损失:0.002
('--最佳划分特征：', 'period')
('--最佳划分值：', 24.0)
('叶子节点预测值：', -0.09100243881047995)
('叶子节点预测值：', -0.10191028881047995)
--树的深度：2
('----划分特征：', 'material')
------划分值:24.000,左节点损失:0.000,右节点损失:0.003,总损失:0.003
------划分值:25.000,左节点损失:0.001,右节点损失:0.002,总损失:0.002
------划分值:26.000,左节点损失:0.002,右节点损失:0.001,总损失:0.002
------划分值:27.000,左节点损失:0.002,右节点损失:0.001,总损失:0.002
------划分值:28.000,左节点损失:0.002,右节点损失:0.001,总损失:0.002
------划分值:29.000,左节点损失:0.002,右节点损失:0.001,总损失:0.002
------划分值:30.000,左节点损失:0.002,右节点损失:0.000,总损失:0.002
------划分值:31.000,左节点损失:0.002,右节点损失:0.000,总损失:0.002
------划分值:32.000,左节点损失:0.002,右节点损失:0.000,总损失:0.002
------划分值:33.000,左节点损失:0.002,右节点损失:0.000,总损失:0.002
('----划分特征：', 'location')
------划分值:13.000,左节点损失:0.001,右节点损失:0.002,总损失:0.003
------划分值:11.000,左节点损失:0.000,右节点损失:0.003,总损失:0.003
------划分值:18.000,左节点损失:0.001,右节点损失:0.001,总损失:0.002
------划分值:20.000,左节点损失:0.002,右节点损失:0.001,总损失:0.002
------划分值:22.000,左节点损失:0.002,右节点损失:0.000,总损失:0.003
------划分值:19.000,左节点损失:0.001,右节点损失:0.001,总损失:0.003
('----划分特征：', 'period')
------划分值:12.000,左节点损失:0.000,右节点损失:0.003,总损失:0.003
------划分值:24.000,左节点损失:0.001,右节点损失:0.001,总损失:0.002
------划分值:48.000,左节点损失:0.002,右节点损失:0.000,总损失:0.002
------划分值:96.000,左节点损失:0.002,右节点损失:0.000,总损失:0.002
------划分值:192.000,左节点损失:0.003,右节点损失:0.000,总损失:0.003
------划分值:36.000,左节点损失:0.002,右节点损失:0.000,总损失:0.002
------划分值:72.000,左节点损失:0.002,右节点损失:0.000,总损失:0.002
------划分值:120.000,左节点损失:0.002,右节点损失:0.000,总损失:0.002
('--最佳划分特征：', 'location')
('--最佳划分值：', 18.0)
--树的深度：3
('----划分特征：', 'material')
------划分值:24.000,左节点损失:0.000,右节点损失:0.001,总损失:0.001
------划分值:25.000,左节点损失:0.000,右节点损失:0.001,总损失:0.001
------划分值:26.000,左节点损失:0.000,右节点损失:0.001,总损失:0.001
------划分值:27.000,左节点损失:0.000,右节点损失:0.000,总损失:0.001
------划分值:28.000,左节点损失:0.000,右节点损失:0.000,总损失:0.001
------划分值:29.000,左节点损失:0.000,右节点损失:0.000,总损失:0.001
------划分值:30.000,左节点损失:0.000,右节点损失:0.000,总损失:0.001
------划分值:31.000,左节点损失:0.001,右节点损失:0.000,总损失:0.001
------划分值:32.000,左节点损失:0.001,右节点损失:0.000,总损失:0.001
------划分值:33.000,左节点损失:0.001,右节点损失:0.000,总损失:0.001
('----划分特征：', 'location')
------划分值:13.000,左节点损失:0.001,右节点损失:0.000,总损失:0.001
------划分值:11.000,左节点损失:0.000,右节点损失:0.001,总损失:0.001
('----划分特征：', 'period')
------划分值:12.000,左节点损失:0.000,右节点损失:0.001,总损失:0.001
------划分值:24.000,左节点损失:0.000,右节点损失:0.000,总损失:0.001
------划分值:48.000,左节点损失:0.000,右节点损失:0.000,总损失:0.001
------划分值:96.000,左节点损失:0.001,右节点损失:0.000,总损失:0.001
('--最佳划分特征：', 'material')
('--最佳划分值：', 28.0)
('叶子节点预测值：', -0.10727422587608278)
('叶子节点预测值：', -0.1098480986807078)
--树的深度：3
('----划分特征：', 'material')
------划分值:25.000,左节点损失:0.001,右节点损失:0.001,总损失:0.001
------划分值:24.000,左节点损失:0.000,右节点损失:0.001,总损失:0.001
------划分值:32.000,左节点损失:0.001,右节点损失:0.000,总损失:0.001
('----划分特征：', 'location')
------划分值:18.000,左节点损失:0.000,右节点损失:0.001,总损失:0.001
------划分值:20.000,左节点损失:0.001,右节点损失:0.001,总损失:0.001
------划分值:22.000,左节点损失:0.001,右节点损失:0.000,总损失:0.001
------划分值:19.000,左节点损失:0.000,右节点损失:0.001,总损失:0.001
('----划分特征：', 'period')
------划分值:12.000,左节点损失:0.000,右节点损失:0.001,总损失:0.001
------划分值:24.000,左节点损失:0.001,右节点损失:0.000,总损失:0.001
------划分值:48.000,左节点损失:0.001,右节点损失:0.000,总损失:0.001
------划分值:96.000,左节点损失:0.001,右节点损失:0.000,总损失:0.001
------划分值:192.000,左节点损失:0.001,右节点损失:0.000,总损失:0.001
------划分值:36.000,左节点损失:0.001,右节点损失:0.000,总损失:0.001
------划分值:72.000,左节点损失:0.001,右节点损失:0.000,总损失:0.001
------划分值:120.000,左节点损失:0.001,右节点损失:0.000,总损失:0.001
('--最佳划分特征：', 'period')
('--最佳划分值：', 36.0)
('叶子节点预测值：', -0.10160503881047994)
('叶子节点预测值：', -0.10803099790138906)
第3棵树: mse_loss:0.0103
