-----------------------------构建第4颗树-----------------------------
--树的深度：0
('----划分特征：', 'material')
------划分值:0.000,左节点损失:0.000,右节点损失:15.481,总损失:15.481
------划分值:1.000,左节点损失:0.678,右节点损失:14.764,总损失:15.442
------划分值:2.000,左节点损失:0.818,右节点损失:14.641,总损失:15.459
------划分值:3.000,左节点损失:1.054,右节点损失:14.427,总损失:15.480
------划分值:4.000,左节点损失:1.707,右节点损失:13.757,总损失:15.464
------划分值:5.000,左节点损失:2.572,右节点损失:12.849,总损失:15.421
------划分值:6.000,左节点损失:3.632,右节点损失:11.709,总损失:15.341
------划分值:7.000,左节点损失:3.791,右节点损失:11.562,总损失:15.353
------划分值:8.000,左节点损失:3.901,右节点损失:11.480,总损失:15.381
------划分值:9.000,左节点损失:4.038,右节点损失:11.365,总损失:15.403
------划分值:10.000,左节点损失:4.364,右节点损失:11.045,总损失:15.409
------划分值:11.000,左节点损失:4.521,右节点损失:10.871,总损失:15.393
------划分值:12.000,左节点损失:4.691,右节点损失:10.701,总损失:15.392
------划分值:13.000,左节点损失:4.812,右节点损失:10.601,总损失:15.413
------划分值:14.000,左节点损失:5.113,右节点损失:10.286,总损失:15.399
------划分值:15.000,左节点损失:5.245,右节点损失:10.167,总损失:15.412
------划分值:16.000,左节点损失:5.330,右节点损失:10.071,总损失:15.401
------划分值:17.000,左节点损失:6.208,右节点损失:9.156,总损失:15.364
------划分值:18.000,左节点损失:7.485,右节点损失:7.690,总损失:15.175
------划分值:19.000,左节点损失:8.825,右节点损失:6.051,总损失:14.876
------划分值:20.000,左节点损失:9.725,右节点损失:4.868,总损失:14.592
------划分值:21.000,左节点损失:10.862,右节点损失:3.283,总损失:14.145
------划分值:22.000,左节点损失:11.690,右节点损失:2.655,总损失:14.345
------划分值:23.000,左节点损失:12.447,右节点损失:1.429,总损失:13.876
------划分值:24.000,左节点损失:13.230,右节点损失:0.008,总损失:13.238
------划分值:25.000,左节点损失:13.709,右节点损失:0.006,总损失:13.715
------划分值:26.000,左节点损失:14.143,右节点损失:0.005,总损失:14.148
------划分值:27.000,左节点损失:14.278,右节点损失:0.004,总损失:14.282
------划分值:28.000,左节点损失:14.418,右节点损失:0.004,总损失:14.422
------划分值:29.000,左节点损失:14.558,右节点损失:0.004,总损失:14.562
------划分值:30.000,左节点损失:14.693,右节点损失:0.004,总损失:14.697
------划分值:31.000,左节点损失:14.814,右节点损失:0.003,总损失:14.816
------划分值:32.000,左节点损失:14.952,右节点损失:0.002,总损失:14.955
------划分值:33.000,左节点损失:15.251,右节点损失:0.001,总损失:15.252
('----划分特征：', 'location')
------划分值:9.000,左节点损失:6.717,右节点损失:8.585,总损失:15.302
------划分值:7.000,左节点损失:5.297,右节点损失:10.102,总损失:15.398
------划分值:5.000,左节点损失:3.592,右节点损失:11.055,总损失:14.646
------划分值:13.000,左节点损失:9.781,右节点损失:5.554,总损失:15.335
------划分值:11.000,左节点损失:9.108,右节点损失:6.345,总损失:15.454
------划分值:10.000,左节点损失:8.305,右节点损失:7.054,总损失:15.360
------划分值:22.000,左节点损失:14.537,右节点损失:0.602,总损失:15.139
------划分值:20.000,左节点损失:13.880,右节点损失:1.216,总损失:15.096
------划分值:18.000,左节点损失:12.683,右节点损失:2.770,总损失:15.453
------划分值:21.000,左节点损失:14.513,右节点损失:0.678,总损失:15.190
------划分值:8.000,左节点损失:6.653,右节点损失:8.646,总损失:15.298
------划分值:12.000,左节点损失:9.755,右节点损失:5.597,总损失:15.351
------划分值:14.000,左节点损失:12.339,右节点损失:3.062,总损失:15.401
------划分值:16.000,左节点损失:12.347,右节点损失:3.057,总损失:15.403
------划分值:17.000,左节点损失:12.386,右节点损失:3.027,总损失:15.413
------划分值:19.000,左节点损失:13.199,右节点损失:2.280,总损失:15.480
------划分值:6.000,左节点损失:4.375,右节点损失:10.704,总损失:15.079
------划分值:2.000,左节点损失:0.051,右节点损失:15.370,总损失:15.422
------划分值:4.000,左节点损失:1.462,右节点损失:14.015,总损失:15.477
------划分值:3.000,左节点损失:0.483,右节点损失:14.861,总损失:15.344
------划分值:1.000,左节点损失:0.000,右节点损失:15.481,总损失:15.481
('----划分特征：', 'period')
------划分值:12.000,左节点损失:0.000,右节点损失:15.481,总损失:15.481
------划分值:24.000,左节点损失:5.115,右节点损失:10.089,总损失:15.204
------划分值:48.000,左节点损失:11.031,右节点损失:3.904,总损失:14.935
------划分值:96.000,左节点损失:13.099,右节点损失:1.824,总损失:14.923
------划分值:192.000,左节点损失:15.001,右节点损失:0.058,总损失:15.059
------划分值:120.000,左节点损失:14.902,右节点损失:0.142,总损失:15.044
------划分值:36.000,左节点损失:9.522,右节点损失:5.656,总损失:15.179
------划分值:72.000,左节点损失:13.075,右节点损失:1.832,总损失:14.906
('--最佳划分特征：', 'material')
('--最佳划分值：', 24.0)
--树的深度：1
('----划分特征：', 'material')
------划分值:0.000,左节点损失:0.000,右节点损失:13.230,总损失:13.230
------划分值:1.000,左节点损失:0.678,右节点损失:12.549,总损失:13.227
------划分值:2.000,左节点损失:0.818,右节点损失:12.412,总损失:13.230
------划分值:3.000,左节点损失:1.054,右节点损失:12.136,总损失:13.190
------划分值:4.000,左节点损失:1.707,右节点损失:11.510,总损失:13.218
------划分值:5.000,左节点损失:2.572,右节点损失:10.658,总损失:13.230
------划分值:6.000,左节点损失:3.632,右节点损失:9.596,总损失:13.228
------划分值:7.000,左节点损失:3.791,右节点损失:9.439,总损失:13.230
------划分值:8.000,左节点损失:3.901,右节点损失:9.327,总损失:13.228
------划分值:9.000,左节点损失:4.038,右节点损失:9.181,总损失:13.219
------划分值:10.000,左节点损失:4.364,右节点损失:8.845,总损失:13.208
------划分值:11.000,左节点损失:4.521,右节点损失:8.690,总损失:13.212
------划分值:12.000,左节点损失:4.691,右节点损失:8.515,总损失:13.206
------划分值:13.000,左节点损失:4.812,右节点损失:8.372,总损失:13.184
------划分值:14.000,左节点损失:5.113,右节点损失:8.072,总损失:13.185
------划分值:15.000,左节点损失:5.245,右节点损失:7.919,总损失:13.163
------划分值:16.000,左节点损失:5.330,右节点损失:7.839,总损失:13.169
------划分值:17.000,左节点损失:6.208,右节点损失:6.955,总损失:13.163
------划分值:18.000,左节点损失:7.485,右节点损失:5.731,总损失:13.216
------划分值:19.000,左节点损失:8.825,右节点损失:4.405,总损失:13.229
------划分值:20.000,左节点损失:9.725,右节点损失:3.489,总损失:13.214
------划分值:21.000,左节点损失:10.862,右节点损失:2.300,总损失:13.162
------划分值:22.000,左节点损失:11.690,右节点损失:1.539,总损失:13.229
------划分值:23.000,左节点损失:12.447,右节点损失:0.783,总损失:13.230
('----划分特征：', 'location')
------划分值:9.000,左节点损失:6.373,右节点损失:6.849,总损失:13.222
------划分值:7.000,左节点损失:5.159,右节点损失:8.070,总损失:13.229
------划分值:5.000,左节点损失:3.592,右节点损失:9.212,总损失:12.804
------划分值:13.000,左节点损失:8.603,右节点损失:4.387,总损失:12.989
------划分值:11.000,左节点损失:8.266,右节点损失:4.818,总损失:13.083
------划分值:10.000,左节点损失:7.783,右节点损失:5.447,总损失:13.230
------划分值:22.000,左节点损失:12.542,右节点损失:0.344,总损失:12.886
------划分值:20.000,左节点损失:12.074,右节点损失:0.793,总损失:12.867
------划分值:18.000,左节点损失:10.925,右节点损失:2.293,总损失:13.218
------划分值:21.000,左节点损失:12.511,右节点损失:0.445,总损失:12.955
------划分值:8.000,左节点损失:6.305,右节点损失:6.914,总损失:13.219
------划分值:12.000,左节点损失:8.567,右节点损失:4.461,总损失:13.028
------划分值:14.000,左节点损失:10.642,右节点损失:2.543,总损失:13.185
------划分值:16.000,左节点损失:10.647,右节点损失:2.536,总损失:13.184
------划分值:17.000,左节点损失:10.677,右节点损失:2.513,总损失:13.190
------划分值:19.000,左节点损失:11.250,右节点损失:1.979,总损失:13.229
------划分值:6.000,左节点损失:4.192,右节点损失:8.908,总损失:13.100
------划分值:2.000,左节点损失:0.051,右节点损失:13.165,总损失:13.217
------划分值:4.000,左节点损失:1.462,右节点损失:11.739,总损失:13.201
------划分值:3.000,左节点损失:0.483,右节点损失:12.429,总损失:12.913
------划分值:1.000,左节点损失:0.000,右节点损失:13.230,总损失:13.230
('----划分特征：', 'period')
------划分值:12.000,左节点损失:0.000,右节点损失:13.230,总损失:13.230
------划分值:24.000,左节点损失:4.376,右节点损失:8.623,总损失:13.000
------划分值:48.000,左节点损失:9.759,右节点损失:3.223,总损失:12.982
------划分值:96.000,左节点损失:11.242,右节点损失:1.574,总损失:12.816
------划分值:192.000,左节点损失:12.678,右节点损失:0.044,总损失:12.722
------划分值:120.000,左节点损失:12.598,右节点损失:0.124,总损失:12.722
------划分值:36.000,左节点损失:8.272,右节点损失:4.770,总损失:13.042
('--最佳划分特征：', 'period')
('--最佳划分值：', 192.0)
--树的深度：2
('----划分特征：', 'material')
------划分值:0.000,左节点损失:0.000,右节点损失:12.678,总损失:12.678
------划分值:1.000,左节点损失:0.624,右节点损失:12.046,总损失:12.670
------划分值:2.000,左节点损失:0.747,右节点损失:11.930,总损失:12.677
------划分值:3.000,左节点损失:0.966,右节点损失:11.690,总损失:12.656
------划分值:4.000,左节点损失:1.558,右节点损失:11.116,总损失:12.675
------划分值:5.000,左节点损失:2.371,右节点损失:10.302,总损失:12.673
------划分值:6.000,左节点损失:3.320,右节点损失:9.333,总损失:12.653
------划分值:7.000,左节点损失:3.464,右节点损失:9.197,总损失:12.661
------划分值:8.000,左节点损失:3.569,右节点损失:9.104,总损失:12.672
------划分值:9.000,左节点损失:3.696,右节点损失:8.982,总损失:12.677
------划分值:10.000,左节点损失:3.981,右节点损失:8.697,总损失:12.678
------划分值:11.000,左节点损失:4.118,右节点损失:8.560,总损失:12.677
------划分值:12.000,左节点损失:4.268,右节点损失:8.410,总损失:12.678
------划分值:13.000,左节点损失:4.372,右节点损失:8.303,总损失:12.675
------划分值:14.000,左节点损失:4.645,右节点损失:8.031,总损失:12.676
------划分值:15.000,左节点损失:4.766,右节点损失:7.907,总损失:12.672
------划分值:16.000,左节点损失:4.836,右节点损失:7.839,总损失:12.674
------划分值:17.000,左节点损失:5.714,右节点损失:6.955,总损失:12.669
------划分值:18.000,左节点损失:6.946,右节点损失:5.731,总损失:12.677
------划分值:19.000,左节点损失:8.249,右节点损失:4.405,总损失:12.654
------划分值:20.000,左节点损失:9.133,右节点损失:3.489,总损失:12.622
------划分值:21.000,左节点损失:10.256,右节点损失:2.300,总损失:12.556
------划分值:22.000,左节点损失:11.138,右节点损失:1.539,总损失:12.677
------划分值:23.000,左节点损失:11.894,右节点损失:0.783,总损失:12.676
('----划分特征：', 'location')
------划分值:9.000,左节点损失:6.074,右节点损失:6.593,总损失:12.667
------划分值:7.000,左节点损失:5.052,右节点损失:7.618,总损失:12.670
------划分值:5.000,左节点损失:3.592,右节点损失:8.765,总损失:12.357
------划分值:13.000,左节点损失:8.194,右节点损失:4.324,总损失:12.518
------划分值:11.000,左节点损失:7.938,右节点损失:4.614,总损失:12.552
------划分值:10.000,左节点损失:7.503,右节点损失:5.175,总损失:12.678
------划分值:22.000,左节点损失:12.040,右节点损失:0.344,总损失:12.384
------划分值:20.000,左节点损失:11.622,右节点损失:0.740,总损失:12.362
------划分值:18.000,左节点损失:10.414,右节点损失:2.263,总损失:12.677
------划分值:21.000,左节点损失:12.029,右节点损失:0.380,总损失:12.409
------划分值:8.000,左节点损失:6.003,右节点损失:6.660,总损失:12.663
------划分值:12.000,左节点损失:8.176,右节点损失:4.361,总损失:12.537
------划分值:14.000,左节点损失:10.152,右节点损失:2.510,总损失:12.662
------划分值:16.000,左节点损失:10.157,右节点损失:2.503,总损失:12.660
------划分值:17.000,左节点损失:10.183,右节点损失:2.480,总损失:12.664
------划分值:19.000,左节点损失:10.710,右节点损失:1.957,总损失:12.667
------划分值:6.000,左节点损失:4.035,右节点损失:8.531,总损失:12.566
------划分值:2.000,左节点损失:0.051,右节点损失:12.621,总损失:12.672
------划分值:4.000,左节点损失:1.462,右节点损失:11.153,总损失:12.614
------划分值:3.000,左节点损失:0.483,右节点损失:11.798,总损失:12.281
------划分值:1.000,左节点损失:0.000,右节点损失:12.678,总损失:12.678
('----划分特征：', 'period')
------划分值:12.000,左节点损失:0.000,右节点损失:12.678,总损失:12.678
------划分值:24.000,左节点损失:4.376,右节点损失:8.169,总损失:12.545
------划分值:48.000,左节点损失:9.759,右节点损失:2.873,总损失:12.632
------划分值:96.000,左节点损失:11.242,右节点损失:1.360,总损失:12.602
------划分值:120.000,左节点损失:12.598,右节点损失:0.075,总损失:12.673
------划分值:36.000,左节点损失:8.272,右节点损失:4.359,总损失:12.631
('--最佳划分特征：', 'location')
('--最佳划分值：', 3.0)
--树的深度：3
('----划分特征：', 'material')
------划分值:16.000,左节点损失:0.000,右节点损失:0.483,总损失:0.483
------划分值:17.000,左节点损失:0.082,右节点损失:0.399,总损失:0.481
------划分值:18.000,左节点损失:0.132,右节点损失:0.350,总损失:0.482
------划分值:19.000,左节点损失:0.173,右节点损失:0.310,总损失:0.483
------划分值:20.000,左节点损失:0.256,右节点损失:0.222,总损失:0.479
------划分值:21.000,左节点损失:0.311,右节点损失:0.168,总损失:0.478
------划分值:22.000,左节点损失:0.368,右节点损失:0.114,总损失:0.482
------划分值:23.000,左节点损失:0.454,右节点损失:0.021,总损失:0.475
('----划分特征：', 'location')
------划分值:2.000,左节点损失:0.051,右节点损失:0.003,总损失:0.055
------划分值:1.000,左节点损失:0.000,右节点损失:0.483,总损失:0.483
('----划分特征：', 'period')
------划分值:12.000,左节点损失:0.000,右节点损失:0.483,总损失:0.483
------划分值:24.000,左节点损失:0.167,右节点损失:0.313,总损失:0.481
------划分值:36.000,左节点损失:0.278,右节点损失:0.203,总损失:0.481
('--最佳划分特征：', 'location')
('--最佳划分值：', 2.0)
('叶子节点预测值：', 0.030190813929293844)
('叶子节点预测值：', -0.08360375441620661)
--树的深度：3
('----划分特征：', 'material')
------划分值:0.000,左节点损失:0.000,右节点损失:11.798,总损失:11.798
------划分值:1.000,左节点损失:0.624,右节点损失:11.173,总损失:11.797
------划分值:2.000,左节点损失:0.747,右节点损失:11.050,总损失:11.797
------划分值:3.000,左节点损失:0.966,右节点损失:10.784,总损失:11.751
------划分值:4.000,左节点损失:1.558,右节点损失:10.218,总损失:11.777
------划分值:5.000,左节点损失:2.371,右节点损失:9.426,总损失:11.797
------划分值:6.000,左节点损失:3.320,右节点损失:8.477,总损失:11.797
------划分值:7.000,左节点损失:3.464,右节点损失:8.334,总损失:11.798
------划分值:8.000,左节点损失:3.569,右节点损失:8.224,总损失:11.793
------划分值:9.000,左节点损失:3.696,右节点损失:8.086,总损失:11.781
------划分值:10.000,左节点损失:3.981,右节点损失:7.789,总损失:11.770
------划分值:11.000,左节点损失:4.118,右节点损失:7.655,总损失:11.773
------划分值:12.000,左节点损失:4.268,右节点损失:7.498,总损失:11.766
------划分值:13.000,左节点损失:4.372,右节点损失:7.369,总损失:11.741
------划分值:14.000,左节点损失:4.645,右节点损失:7.098,总损失:11.742
------划分值:15.000,左节点损失:4.766,右节点损失:6.951,总损失:11.717
------划分值:16.000,左节点损失:4.836,右节点损失:6.888,总损失:11.724
------划分值:17.000,左节点损失:5.605,右节点损失:6.105,总损失:11.710
------划分值:18.000,左节点损失:6.728,右节点损失:5.048,总损失:11.776
------划分值:19.000,左节点损失:7.916,右节点损失:3.882,总损失:11.798
------划分值:20.000,左节点损失:8.681,右节点损失:3.103,总损失:11.784
------划分值:21.000,左节点损失:9.688,右节点损失:2.046,总损失:11.734
------划分值:22.000,左节点损失:10.484,右节点损失:1.308,总损失:11.793
------划分值:23.000,左节点损失:11.120,右节点损失:0.674,总损失:11.794
('----划分特征：', 'location')
------划分值:9.000,左节点损失:5.061,右节点损失:6.593,总损失:11.654
------划分值:7.000,左节点损失:4.115,右节点损失:7.618,总损失:11.733
------划分值:5.000,左节点损失:1.106,右节点损失:8.765,总损失:9.872
------划分值:13.000,左节点损失:7.411,右节点损失:4.324,总损失:11.735
------划分值:11.000,左节点损失:7.150,右节点损失:4.614,总损失:11.765
------划分值:10.000,左节点损失:6.580,右节点损失:5.175,总损失:11.755
------划分值:22.000,左节点损失:11.216,右节点损失:0.344,总损失:11.560
------划分值:20.000,左节点损失:10.827,右节点损失:0.740,总损失:11.567
------划分值:18.000,左节点损失:9.524,右节点损失:2.263,总损失:11.788
------划分值:21.000,左节点损失:11.204,右节点损失:0.380,总损失:11.584
------划分值:8.000,左节点损失:4.973,右节点损失:6.660,总损失:11.633
------划分值:12.000,左节点损失:7.387,右节点损失:4.361,总损失:11.748
------划分值:14.000,左节点损失:9.288,右节点损失:2.510,总损失:11.798
------划分值:16.000,左节点损失:9.295,右节点损失:2.503,总损失:11.798
------划分值:17.000,左节点损失:9.318,右节点损失:2.480,总损失:11.798
------划分值:19.000,左节点损失:9.795,右节点损失:1.957,总损失:11.752
------划分值:6.000,左节点损失:2.635,右节点损失:8.531,总损失:11.166
------划分值:4.000,左节点损失:0.447,右节点损失:11.153,总损失:11.600
------划分值:3.000,左节点损失:0.000,右节点损失:11.798,总损失:11.798
('----划分特征：', 'period')
------划分值:12.000,左节点损失:0.000,右节点损失:11.798,总损失:11.798
------划分值:24.000,左节点损失:4.026,右节点损失:7.631,总损失:11.657
------划分值:48.000,左节点损失:8.811,右节点损失:2.873,总损失:11.684
------划分值:96.000,左节点损失:10.312,右节点损失:1.360,总损失:11.672
------划分值:120.000,左节点损失:11.717,右节点损失:0.075,总损失:11.792
------划分值:36.000,左节点损失:7.646,右节点损失:4.087,总损失:11.732
('--最佳划分特征：', 'location')
('--最佳划分值：', 5.0)
('叶子节点预测值：', 0.14962082296746365)
('叶子节点预测值：', 0.012635718770644969)
--树的深度：2
('----划分特征：', 'material')
------划分值:0.000,左节点损失:0.000,右节点损失:0.044,总损失:0.044
------划分值:1.000,左节点损失:0.002,右节点损失:0.042,总损失:0.044
------划分值:2.000,左节点损失:0.002,右节点损失:0.042,总损失:0.044
------划分值:3.000,左节点损失:0.006,右节点损失:0.035,总损失:0.041
------划分值:4.000,左节点损失:0.017,右节点损失:0.027,总损失:0.044
------划分值:5.000,左节点损失:0.018,右节点损失:0.026,总损失:0.044
------划分值:6.000,左节点损失:0.025,右节点损失:0.019,总损失:0.044
------划分值:7.000,左节点损失:0.026,右节点损失:0.018,总损失:0.044
------划分值:8.000,左节点损失:0.026,右节点损失:0.018,总损失:0.044
------划分值:9.000,左节点损失:0.027,右节点损失:0.017,总损失:0.044
------划分值:10.000,左节点损失:0.028,右节点损失:0.016,总损失:0.044
------划分值:11.000,左节点损失:0.033,右节点损失:0.011,总损失:0.044
------划分值:12.000,左节点损失:0.036,右节点损失:0.008,总损失:0.044
------划分值:13.000,左节点损失:0.038,右节点损失:0.006,总损失:0.044
------划分值:14.000,左节点损失:0.043,右节点损失:0.001,总损失:0.044
------划分值:15.000,左节点损失:0.044,右节点损失:0.000,总损失:0.044
('----划分特征：', 'location')
------划分值:7.000,左节点损失:0.006,右节点损失:0.038,总损失:0.044
------划分值:5.000,左节点损失:0.000,右节点损失:0.044,总损失:0.044
------划分值:11.000,左节点损失:0.017,右节点损失:0.024,总损失:0.040
------划分值:10.000,左节点损失:0.009,右节点损失:0.029,总损失:0.039
------划分值:13.000,左节点损失:0.026,右节点损失:0.016,总损失:0.042
------划分值:18.000,左节点损失:0.029,右节点损失:0.011,总损失:0.040
------划分值:21.000,左节点损失:0.044,右节点损失:0.000,总损失:0.044
------划分值:12.000,左节点损失:0.026,右节点损失:0.017,总损失:0.043
('----划分特征：', 'period')
------划分值:192.000,左节点损失:0.000,右节点损失:0.044,总损失:0.044
('--最佳划分特征：', 'location')
('--最佳划分值：', 10.0)
--树的深度：3
('----划分特征：', 'material')
------划分值:0.000,左节点损失:0.000,右节点损失:0.009,总损失:0.009
------划分值:1.000,左节点损失:0.001,右节点损失:0.008,总损失:0.009
------划分值:2.000,左节点损失:0.001,右节点损失:0.008,总损失:0.009
------划分值:3.000,左节点损失:0.004,右节点损失:0.005,总损失:0.009
------划分值:4.000,左节点损失:0.004,右节点损失:0.005,总损失:0.009
------划分值:5.000,左节点损失:0.006,右节点损失:0.004,总损失:0.009
------划分值:6.000,左节点损失:0.006,右节点损失:0.003,总损失:0.009
------划分值:7.000,左节点损失:0.006,右节点损失:0.003,总损失:0.009
------划分值:8.000,左节点损失:0.006,右节点损失:0.003,总损失:0.009
------划分值:9.000,左节点损失:0.007,右节点损失:0.003,总损失:0.009
------划分值:10.000,左节点损失:0.007,右节点损失:0.002,总损失:0.009
------划分值:11.000,左节点损失:0.007,右节点损失:0.002,总损失:0.009
------划分值:12.000,左节点损失:0.007,右节点损失:0.002,总损失:0.009
------划分值:13.000,左节点损失:0.008,右节点损失:0.001,总损失:0.009
------划分值:14.000,左节点损失:0.009,右节点损失:0.001,总损失:0.009
('----划分特征：', 'location')
------划分值:7.000,左节点损失:0.006,右节点损失:0.000,总损失:0.007
------划分值:5.000,左节点损失:0.000,右节点损失:0.009,总损失:0.009
('----划分特征：', 'period')
------划分值:192.000,左节点损失:0.000,右节点损失:0.009,总损失:0.009
('--最佳划分特征：', 'location')
('--最佳划分值：', 7.0)
('叶子节点预测值：', -0.06073325422252724)
('叶子节点预测值：', -0.07805678363429196)
--树的深度：3
('----划分特征：', 'material')
------划分值:0.000,左节点损失:0.000,右节点损失:0.029,总损失:0.029
------划分值:1.000,左节点损失:0.000,右节点损失:0.028,总损失:0.028
------划分值:2.000,左节点损失:0.000,右节点损失:0.028,总损失:0.028
------划分值:3.000,左节点损失:0.002,右节点损失:0.024,总损失:0.026
------划分值:4.000,左节点损失:0.011,右节点损失:0.017,总损失:0.028
------划分值:5.000,左节点损失:0.012,右节点损失:0.016,总损失:0.028
------划分值:6.000,左节点损失:0.018,右节点损失:0.010,总损失:0.028
------划分值:7.000,左节点损失:0.018,右节点损失:0.010,总损失:0.028
------划分值:8.000,左节点损失:0.018,右节点损失:0.009,总损失:0.028
------划分值:9.000,左节点损失:0.019,右节点损失:0.009,总损失:0.027
------划分值:10.000,左节点损失:0.019,右节点损失:0.008,总损失:0.027
------划分值:11.000,左节点损失:0.023,右节点损失:0.005,总损失:0.029
------划分值:12.000,左节点损失:0.025,右节点损失:0.004,总损失:0.029
------划分值:13.000,左节点损失:0.025,右节点损失:0.003,总损失:0.029
------划分值:14.000,左节点损失:0.028,右节点损失:0.001,总损失:0.029
------划分值:15.000,左节点损失:0.029,右节点损失:0.000,总损失:0.029
('----划分特征：', 'location')
------划分值:11.000,左节点损失:0.005,右节点损失:0.024,总损失:0.029
------划分值:10.000,左节点损失:0.000,右节点损失:0.029,总损失:0.029
------划分值:13.000,左节点损失:0.013,右节点损失:0.016,总损失:0.029
------划分值:18.000,左节点损失:0.015,右节点损失:0.011,总损失:0.027
------划分值:21.000,左节点损失:0.028,右节点损失:0.000,总损失:0.028
------划分值:12.000,左节点损失:0.012,右节点损失:0.017,总损失:0.029
('----划分特征：', 'period')
------划分值:192.000,左节点损失:0.000,右节点损失:0.029,总损失:0.029
('--最佳划分特征：', 'material')
('--最佳划分值：', 3.0)
('叶子节点预测值：', -0.07102224617245392)
('叶子节点预测值：', -0.04932124848778896)
--树的深度：1
('----划分特征：', 'material')
------划分值:24.000,左节点损失:0.000,右节点损失:0.008,总损失:0.008
------划分值:25.000,左节点损失:0.001,右节点损失:0.006,总损失:0.008
------划分值:26.000,左节点损失:0.003,右节点损失:0.005,总损失:0.008
------划分值:27.000,左节点损失:0.003,右节点损失:0.004,总损失:0.008
------划分值:28.000,左节点损失:0.003,右节点损失:0.004,总损失:0.008
------划分值:29.000,左节点损失:0.004,右节点损失:0.004,总损失:0.008
------划分值:30.000,左节点损失:0.004,右节点损失:0.004,总损失:0.008
------划分值:31.000,左节点损失:0.005,右节点损失:0.003,总损失:0.008
------划分值:32.000,左节点损失:0.005,右节点损失:0.002,总损失:0.008
------划分值:33.000,左节点损失:0.007,右节点损失:0.001,总损失:0.008
('----划分特征：', 'location')
------划分值:9.000,左节点损失:0.001,右节点损失:0.007,总损失:0.008
------划分值:7.000,左节点损失:0.000,右节点损失:0.007,总损失:0.008
------划分值:5.000,左节点损失:0.000,右节点损失:0.008,总损失:0.008
------划分值:13.000,左节点损失:0.005,右节点损失:0.002,总损失:0.007
------划分值:11.000,左节点损失:0.005,右节点损失:0.002,总损失:0.007
------划分值:10.000,左节点损失:0.001,右节点损失:0.007,总损失:0.008
------划分值:18.000,左节点损失:0.006,右节点损失:0.001,总损失:0.008
------划分值:20.000,左节点损失:0.007,右节点损失:0.001,总损失:0.008
------划分值:22.000,左节点损失:0.008,右节点损失:0.000,总损失:0.008
------划分值:19.000,左节点损失:0.007,右节点损失:0.001,总损失:0.008
('----划分特征：', 'period')
------划分值:12.000,左节点损失:0.000,右节点损失:0.008,总损失:0.008
------划分值:24.000,左节点损失:0.004,右节点损失:0.003,总损失:0.007
------划分值:48.000,左节点损失:0.005,右节点损失:0.002,总损失:0.007
------划分值:96.000,左节点损失:0.007,右节点损失:0.001,总损失:0.007
------划分值:192.000,左节点损失:0.008,右节点损失:0.000,总损失:0.008
------划分值:36.000,左节点损失:0.005,右节点损失:0.002,总损失:0.007
------划分值:72.000,左节点损失:0.007,右节点损失:0.001,总损失:0.007
------划分值:120.000,左节点损失:0.008,右节点损失:0.000,总损失:0.008
('--最佳划分特征：', 'location')
('--最佳划分值：', 11.0)
--树的深度：2
('----划分特征：', 'material')
------划分值:24.000,左节点损失:0.000,右节点损失:0.005,总损失:0.005
------划分值:25.000,左节点损失:0.001,右节点损失:0.004,总损失:0.005
------划分值:26.000,左节点损失:0.001,右节点损失:0.004,总损失:0.005
------划分值:27.000,左节点损失:0.001,右节点损失:0.003,总损失:0.004
------划分值:28.000,左节点损失:0.001,右节点损失:0.003,总损失:0.005
------划分值:29.000,左节点损失:0.001,右节点损失:0.003,总损失:0.004
------划分值:30.000,左节点损失:0.001,右节点损失:0.003,总损失:0.004
------划分值:31.000,左节点损失:0.002,右节点损失:0.002,总损失:0.004
------划分值:32.000,左节点损失:0.002,右节点损失:0.002,总损失:0.004
------划分值:33.000,左节点损失:0.004,右节点损失:0.001,总损失:0.004
('----划分特征：', 'location')
------划分值:9.000,左节点损失:0.001,右节点损失:0.004,总损失:0.004
------划分值:7.000,左节点损失:0.000,右节点损失:0.004,总损失:0.005
------划分值:5.000,左节点损失:0.000,右节点损失:0.005,总损失:0.005
------划分值:10.000,左节点损失:0.001,右节点损失:0.003,总损失:0.004
('----划分特征：', 'period')
------划分值:12.000,左节点损失:0.000,右节点损失:0.005,总损失:0.005
------划分值:24.000,左节点损失:0.002,右节点损失:0.002,总损失:0.004
------划分值:48.000,左节点损失:0.003,右节点损失:0.001,总损失:0.004
------划分值:96.000,左节点损失:0.004,右节点损失:0.000,总损失:0.004
------划分值:192.000,左节点损失:0.004,右节点损失:0.000,总损失:0.004
('--最佳划分特征：', 'location')
('--最佳划分值：', 10.0)
--树的深度：3
('----划分特征：', 'material')
------划分值:24.000,左节点损失:0.000,右节点损失:0.001,总损失:0.001
------划分值:25.000,左节点损失:0.000,右节点损失:0.000,总损失:0.001
------划分值:32.000,左节点损失:0.001,右节点损失:0.000,总损失:0.001
------划分值:33.000,左节点损失:0.001,右节点损失:0.000,总损失:0.001
('----划分特征：', 'location')
------划分值:9.000,左节点损失:0.001,右节点损失:0.000,总损失:0.001
------划分值:7.000,左节点损失:0.000,右节点损失:0.000,总损失:0.001
------划分值:5.000,左节点损失:0.000,右节点损失:0.001,总损失:0.001
('----划分特征：', 'period')
------划分值:12.000,左节点损失:0.000,右节点损失:0.001,总损失:0.001
------划分值:24.000,左节点损失:0.000,右节点损失:0.000,总损失:0.001
------划分值:48.000,左节点损失:0.001,右节点损失:0.000,总损失:0.001
------划分值:96.000,左节点损失:0.001,右节点损失:0.000,总损失:0.001
('--最佳划分特征：', 'location')
('--最佳划分值：', 9.0)
('叶子节点预测值：', -0.09491387129306832)
('叶子节点预测值：', -0.09857012129306833)
--树的深度：3
('----划分特征：', 'material')
------划分值:24.000,左节点损失:0.000,右节点损失:0.003,总损失:0.003
------划分值:25.000,左节点损失:0.000,右节点损失:0.002,总损失:0.003
------划分值:26.000,左节点损失:0.000,右节点损失:0.002,总损失:0.003
------划分值:27.000,左节点损失:0.001,右节点损失:0.002,总损失:0.003
------划分值:28.000,左节点损失:0.001,右节点损失:0.002,总损失:0.003
------划分值:29.000,左节点损失:0.001,右节点损失:0.002,总损失:0.003
------划分值:30.000,左节点损失:0.001,右节点损失:0.002,总损失:0.003
------划分值:31.000,左节点损失:0.001,右节点损失:0.001,总损失:0.003
------划分值:32.000,左节点损失:0.002,右节点损失:0.001,总损失:0.003
------划分值:33.000,左节点损失:0.002,右节点损失:0.000,总损失:0.003
('----划分特征：', 'location')
------划分值:10.000,左节点损失:0.000,右节点损失:0.003,总损失:0.003
('----划分特征：', 'period')
------划分值:12.000,左节点损失:0.000,右节点损失:0.003,总损失:0.003
------划分值:24.000,左节点损失:0.001,右节点损失:0.001,总损失:0.002
------划分值:48.000,左节点损失:0.001,右节点损失:0.000,总损失:0.002
------划分值:96.000,左节点损失:0.002,右节点损失:0.000,总损失:0.002
------划分值:192.000,左节点损失:0.002,右节点损失:0.000,总损失:0.002
('--最佳划分特征：', 'period')
('--最佳划分值：', 48.0)
('叶子节点预测值：', -0.08474680242943197)
('叶子节点预测值：', -0.09309520992943195)
--树的深度：2
('----划分特征：', 'material')
------划分值:24.000,左节点损失:0.000,右节点损失:0.002,总损失:0.002
------划分值:25.000,左节点损失:0.001,右节点损失:0.002,总损失:0.002
------划分值:26.000,左节点损失:0.001,右节点损失:0.001,总损失:0.002
------划分值:27.000,左节点损失:0.002,右节点损失:0.001,总损失:0.002
------划分值:28.000,左节点损失:0.002,右节点损失:0.001,总损失:0.002
------划分值:29.000,左节点损失:0.002,右节点损失:0.000,总损失:0.002
------划分值:30.000,左节点损失:0.002,右节点损失:0.000,总损失:0.002
------划分值:31.000,左节点损失:0.002,右节点损失:0.000,总损失:0.002
------划分值:32.000,左节点损失:0.002,右节点损失:0.000,总损失:0.002
------划分值:33.000,左节点损失:0.002,右节点损失:0.000,总损失:0.002
('----划分特征：', 'location')
------划分值:13.000,左节点损失:0.001,右节点损失:0.002,总损失:0.002
------划分值:11.000,左节点损失:0.000,右节点损失:0.002,总损失:0.002
------划分值:18.000,左节点损失:0.001,右节点损失:0.001,总损失:0.002
------划分值:20.000,左节点损失:0.001,右节点损失:0.001,总损失:0.002
------划分值:22.000,左节点损失:0.002,右节点损失:0.000,总损失:0.002
------划分值:19.000,左节点损失:0.001,右节点损失:0.001,总损失:0.002
('----划分特征：', 'period')
------划分值:12.000,左节点损失:0.000,右节点损失:0.002,总损失:0.002
------划分值:24.000,左节点损失:0.001,右节点损失:0.001,总损失:0.002
------划分值:48.000,左节点损失:0.002,右节点损失:0.000,总损失:0.002
------划分值:96.000,左节点损失:0.002,右节点损失:0.000,总损失:0.002
------划分值:192.000,左节点损失:0.002,右节点损失:0.000,总损失:0.002
------划分值:36.000,左节点损失:0.002,右节点损失:0.000,总损失:0.002
------划分值:72.000,左节点损失:0.002,右节点损失:0.000,总损失:0.002
------划分值:120.000,左节点损失:0.002,右节点损失:0.000,总损失:0.002
('--最佳划分特征：', 'period')
('--最佳划分值：', 24.0)
--树的深度：3
('----划分特征：', 'material')
------划分值:24.000,左节点损失:0.000,右节点损失:0.001,总损失:0.001
------划分值:25.000,左节点损失:0.000,右节点损失:0.001,总损失:0.001
------划分值:26.000,左节点损失:0.001,右节点损失:0.000,总损失:0.001
------划分值:27.000,左节点损失:0.001,右节点损失:0.000,总损失:0.001
------划分值:28.000,左节点损失:0.001,右节点损失:0.000,总损失:0.001
------划分值:29.000,左节点损失:0.001,右节点损失:0.000,总损失:0.001
------划分值:30.000,左节点损失:0.001,右节点损失:0.000,总损失:0.001
------划分值:31.000,左节点损失:0.001,右节点损失:0.000,总损失:0.001
------划分值:32.000,左节点损失:0.001,右节点损失:0.000,总损失:0.001
------划分值:33.000,左节点损失:0.001,右节点损失:0.000,总损失:0.001
('----划分特征：', 'location')
------划分值:13.000,左节点损失:0.000,右节点损失:0.001,总损失:0.001
------划分值:11.000,左节点损失:0.000,右节点损失:0.001,总损失:0.001
------划分值:18.000,左节点损失:0.000,右节点损失:0.001,总损失:0.001
------划分值:20.000,左节点损失:0.001,右节点损失:0.000,总损失:0.001
------划分值:22.000,左节点损失:0.001,右节点损失:0.000,总损失:0.001
------划分值:19.000,左节点损失:0.001,右节点损失:0.001,总损失:0.001
('----划分特征：', 'period')
------划分值:12.000,左节点损失:0.000,右节点损失:0.001,总损失:0.001
('--最佳划分特征：', 'material')
('--最佳划分值：', 27.0)
('叶子节点预测值：', -0.09075537811505337)
('叶子节点预测值：', -0.09691921894045771)
--树的深度：3
('----划分特征：', 'material')
------划分值:24.000,左节点损失:0.000,右节点损失:0.001,总损失:0.001
------划分值:25.000,左节点损失:0.000,右节点损失:0.001,总损失:0.001
------划分值:26.000,左节点损失:0.000,右节点损失:0.000,总损失:0.001
------划分值:27.000,左节点损失:0.000,右节点损失:0.000,总损失:0.001
------划分值:28.000,左节点损失:0.001,右节点损失:0.000,总损失:0.001
------划分值:29.000,左节点损失:0.001,右节点损失:0.000,总损失:0.001
------划分值:30.000,左节点损失:0.001,右节点损失:0.000,总损失:0.001
------划分值:31.000,左节点损失:0.001,右节点损失:0.000,总损失:0.001
------划分值:32.000,左节点损失:0.001,右节点损失:0.000,总损失:0.001
------划分值:33.000,左节点损失:0.001,右节点损失:0.000,总损失:0.001
('----划分特征：', 'location')
------划分值:13.000,左节点损失:0.000,右节点损失:0.001,总损失:0.001
------划分值:11.000,左节点损失:0.000,右节点损失:0.001,总损失:0.001
------划分值:18.000,左节点损失:0.000,右节点损失:0.000,总损失:0.001
------划分值:20.000,左节点损失:0.001,右节点损失:0.000,总损失:0.001
------划分值:22.000,左节点损失:0.001,右节点损失:0.000,总损失:0.001
------划分值:19.000,左节点损失:0.001,右节点损失:0.000,总损失:0.001
('----划分特征：', 'period')
------划分值:24.000,左节点损失:0.000,右节点损失:0.001,总损失:0.001
------划分值:48.000,左节点损失:0.000,右节点损失:0.000,总损失:0.001
------划分值:96.000,左节点损失:0.001,右节点损失:0.000,总损失:0.001
------划分值:192.000,左节点损失:0.001,右节点损失:0.000,总损失:0.001
------划分值:36.000,左节点损失:0.000,右节点损失:0.000,总损失:0.001
------划分值:72.000,左节点损失:0.001,右节点损失:0.000,总损失:0.001
------划分值:120.000,左节点损失:0.001,右节点损失:0.000,总损失:0.001
('--最佳划分特征：', 'material')
('--最佳划分值：', 28.0)
('叶子节点预测值：', -0.09673624477207543)
('叶子节点预测值：', -0.09905109311129646)
第4棵树: mse_loss:0.0096
