-----------------------------构建第5颗树-----------------------------
--树的深度：0
('----划分特征：', 'material')
------划分值:0.000,左节点损失:0.000,右节点损失:14.432,总损失:14.432
------划分值:1.000,左节点损失:0.669,右节点损失:13.727,总损失:14.396
------划分值:2.000,左节点损失:0.806,右节点损失:13.606,总损失:14.412
------划分值:3.000,左节点损失:1.038,右节点损失:13.394,总损失:14.432
------划分值:4.000,左节点损失:1.683,右节点损失:12.735,总损失:14.418
------划分值:5.000,左节点损失:2.541,右节点损失:11.835,总损失:14.376
------划分值:6.000,左节点损失:3.587,右节点损失:10.712,总损失:14.299
------划分值:7.000,左节点损失:3.742,右节点损失:10.569,总损失:14.311
------划分值:8.000,左节点损失:3.849,右节点损失:10.489,总损失:14.338
------划分值:9.000,左节点损失:3.984,右节点损失:10.376,总损失:14.360
------划分值:10.000,左节点损失:4.303,右节点损失:10.063,总损失:14.365
------划分值:11.000,左节点损失:4.457,右节点损失:9.893,总损失:14.349
------划分值:12.000,左节点损失:4.623,右节点损失:9.727,总损失:14.349
------划分值:13.000,左节点损失:4.741,右节点损失:9.629,总损失:14.369
------划分值:14.000,左节点损失:5.037,右节点损失:9.319,总损失:14.356
------划分值:15.000,左节点损失:5.166,右节点损失:9.203,总损失:14.369
------划分值:16.000,左节点损失:5.249,右节点损失:9.109,总损失:14.358
------划分值:17.000,左节点损失:6.062,右节点损失:8.270,总损失:14.332
------划分值:18.000,左节点损失:7.248,右节点损失:6.921,总损失:14.169
------划分值:19.000,左节点损失:8.493,右节点损失:5.418,总损失:13.911
------划分值:20.000,左节点损失:9.334,右节点损失:4.332,总损失:13.667
------划分值:21.000,左节点损失:10.388,右节点损失:2.899,总损失:13.287
------划分值:22.000,左节点损失:11.172,右节点损失:2.332,总损失:13.504
------划分值:23.000,左节点损失:11.876,右节点损失:1.252,总损失:13.128
------划分值:24.000,左节点损失:12.609,右节点损失:0.007,总损失:12.616
------划分值:25.000,左节点损失:12.996,右节点损失:0.006,总损失:13.002
------划分值:26.000,左节点损失:13.348,右节点损失:0.005,总损失:13.352
------划分值:27.000,左节点损失:13.457,右节点损失:0.004,总损失:13.461
------划分值:28.000,左节点损失:13.571,右节点损失:0.004,总损失:13.574
------划分值:29.000,左节点损失:13.685,右节点损失:0.004,总损失:13.688
------划分值:30.000,左节点损失:13.794,右节点损失:0.004,总损失:13.797
------划分值:31.000,左节点损失:13.891,右节点损失:0.002,总损失:13.893
------划分值:32.000,左节点损失:14.004,右节点损失:0.002,总损失:14.006
------划分值:33.000,左节点损失:14.246,右节点损失:0.001,总损失:14.247
('----划分特征：', 'location')
------划分值:9.000,左节点损失:6.072,右节点损失:8.230,总损失:14.302
------划分值:7.000,左节点损失:4.711,右节点损失:9.675,总损失:14.387
------划分值:5.000,左节点损失:3.130,右节点损失:10.627,总损失:13.756
------划分值:13.000,左节点损失:8.909,右节点损失:5.364,总损失:14.274
------划分值:11.000,左节点损失:8.320,右节点损失:6.072,总损失:14.392
------划分值:10.000,左节点损失:7.621,右节点损失:6.729,总损失:14.349
------划分值:22.000,左节点损失:13.520,右节点损失:0.572,总损失:14.092
------划分值:20.000,左节点损失:12.893,右节点损失:1.155,总损失:14.048
------划分值:18.000,左节点损失:11.722,右节点损失:2.682,总损失:14.404
------划分值:21.000,左节点损失:13.498,右节点损失:0.644,总损失:14.142
------划分值:8.000,左节点损失:6.007,右节点损失:8.291,总损失:14.298
------划分值:12.000,左节点损失:8.886,右节点损失:5.405,总损失:14.291
------划分值:14.000,左节点损失:11.383,右节点损失:2.969,总损失:14.352
------划分值:16.000,左节点损失:11.390,右节点损失:2.964,总损失:14.355
------划分值:17.000,左节点损失:11.429,右节点损失:2.936,总损失:14.364
------划分值:19.000,左节点损失:12.210,右节点损失:2.221,总损失:14.431
------划分值:6.000,左节点损失:3.814,右节点损失:10.305,总损失:14.118
------划分值:2.000,左节点损失:0.051,右节点损失:14.333,总损失:14.384
------划分值:4.000,左节点损失:1.226,右节点损失:13.205,总损失:14.431
------划分值:3.000,左节点损失:0.402,右节点损失:13.920,总损失:14.322
------划分值:1.000,左节点损失:0.000,右节点损失:14.432,总损失:14.432
('----划分特征：', 'period')
------划分值:12.000,左节点损失:0.000,右节点损失:14.432,总损失:14.432
------划分值:24.000,左节点损失:4.760,右节点损失:9.415,总损失:14.175
------划分值:48.000,左节点损失:10.274,右节点损失:3.710,总损失:13.984
------划分值:96.000,左节点损失:12.233,右节点损失:1.730,总损失:13.963
------划分值:192.000,左节点损失:14.037,右节点损失:0.053,总损失:14.090
------划分值:120.000,左节点损失:13.942,右节点损失:0.135,总损失:14.077
------划分值:36.000,左节点损失:8.879,右节点损失:5.292,总损失:14.172
------划分值:72.000,左节点损失:12.213,右节点损失:1.736,总损失:13.949
('--最佳划分特征：', 'material')
('--最佳划分值：', 24.0)
--树的深度：1
('----划分特征：', 'material')
------划分值:0.000,左节点损失:0.000,右节点损失:12.609,总损失:12.609
------划分值:1.000,左节点损失:0.669,右节点损失:11.934,总损失:12.604
------划分值:2.000,左节点损失:0.806,右节点损失:11.803,总损失:12.609
------划分值:3.000,左节点损失:1.038,右节点损失:11.536,总损失:12.574
------划分值:4.000,左节点损失:1.683,右节点损失:10.917,总损失:12.600
------划分值:5.000,左节点损失:2.541,右节点损失:10.067,总损失:12.609
------划分值:6.000,左节点损失:3.587,右节点损失:9.017,总损失:12.603
------划分值:7.000,左节点损失:3.742,右节点损失:8.865,总损失:12.607
------划分值:8.000,左节点损失:3.849,右节点损失:8.759,总损失:12.608
------划分值:9.000,左节点损失:3.984,右节点损失:8.619,总损失:12.603
------划分值:10.000,左节点损失:4.303,右节点损失:8.293,总损失:12.596
------划分值:11.000,左节点损失:4.457,右节点损失:8.142,总损失:12.599
------划分值:12.000,左节点损失:4.623,右节点损失:7.972,总损失:12.595
------划分值:13.000,左节点损失:4.741,右节点损失:7.837,总损失:12.578
------划分值:14.000,左节点损失:5.037,右节点损失:7.543,总损失:12.580
------划分值:15.000,左节点损失:5.166,右节点损失:7.397,总损失:12.562
------划分值:16.000,左节点损失:5.249,右节点损失:7.318,总损失:12.567
------划分值:17.000,左节点损失:6.062,右节点损失:6.497,总损失:12.560
------划分值:18.000,左节点损失:7.248,右节点损失:5.353,总损失:12.601
------划分值:19.000,左节点损失:8.493,右节点损失:4.113,总损失:12.606
------划分值:20.000,左节点损失:9.334,右节点损失:3.253,总损失:12.587
------划分值:21.000,左节点损失:10.388,右节点损失:2.146,总损失:12.534
------划分值:22.000,左节点损失:11.172,右节点损失:1.436,总损失:12.608
------划分值:23.000,左节点损失:11.876,右节点损失:0.733,总损失:12.609
('----划分特征：', 'location')
------划分值:9.000,左节点损失:5.796,右节点损失:6.809,总损失:12.605
------划分值:7.000,左节点损失:4.604,右节点损失:7.999,总损失:12.603
------划分值:5.000,左节点损失:3.130,右节点损失:9.134,总损失:12.263
------划分值:13.000,左节点损失:7.978,右节点损失:4.379,总损失:12.358
------划分值:11.000,左节点损失:7.656,右节点损失:4.790,总损失:12.447
------划分值:10.000,左节点损失:7.203,右节点损失:5.405,总损失:12.609
------划分值:22.000,左节点损失:11.917,右节点损失:0.344,总损失:12.261
------划分值:20.000,左节点损失:11.450,右节点损失:0.788,总损失:12.239
------划分值:18.000,左节点损失:10.305,右节点损失:2.289,总损失:12.594
------划分值:21.000,左节点损失:11.889,右节点损失:0.440,总损失:12.328
------划分值:8.000,左节点损失:5.730,右节点损失:6.874,总损失:12.603
------划分值:12.000,左节点损失:7.947,右节点损失:4.448,总损失:12.395
------划分值:14.000,左节点损失:10.021,右节点损失:2.539,总损失:12.560
------划分值:16.000,左节点损失:10.026,右节点损失:2.532,总损失:12.558
------划分值:17.000,左节点损失:10.056,右节点损失:2.509,总损失:12.565
------划分值:19.000,左节点损失:10.632,右节点损失:1.976,总损失:12.608
------划分值:6.000,左节点损失:3.667,右节点损失:8.843,总损失:12.509
------划分值:2.000,左节点损失:0.051,右节点损失:12.546,总损失:12.598
------划分值:4.000,左节点损失:1.226,右节点损失:11.348,总损失:12.575
------划分值:3.000,左节点损失:0.402,右节点损失:11.950,总损失:12.351
------划分值:1.000,左节点损失:0.000,右节点损失:12.609,总损失:12.609
('----划分特征：', 'period')
------划分值:12.000,左节点损失:0.000,右节点损失:12.609,总损失:12.609
------划分值:24.000,左节点损失:4.146,右节点损失:8.243,总损失:12.390
------划分值:48.000,左节点损失:9.243,右节点损失:3.160,总损失:12.403
------划分值:96.000,左节点损失:10.725,右节点损失:1.532,总损失:12.257
------划分值:192.000,左节点损失:12.155,右节点损失:0.042,总损失:12.197
------划分值:120.000,左节点损失:12.075,右节点损失:0.120,总损失:12.196
------划分值:36.000,左节点损失:7.860,右节点损失:4.583,总损失:12.442
('--最佳划分特征：', 'period')
('--最佳划分值：', 120.0)
--树的深度：2
('----划分特征：', 'material')
------划分值:0.000,左节点损失:0.000,右节点损失:12.075,总损失:12.075
------划分值:1.000,左节点损失:0.593,右节点损失:11.477,总损失:12.071
------划分值:2.000,左节点损失:0.713,右节点损失:11.362,总损失:12.075
------划分值:3.000,左节点损失:0.927,右节点损失:11.124,总损失:12.051
------划分值:4.000,左节点损失:1.501,右节点损失:10.572,总损失:12.073
------划分值:5.000,左节点损失:2.314,右节点损失:9.755,总损失:12.070
------划分值:6.000,左节点损失:3.238,右节点损失:8.805,总损失:12.044
------划分值:7.000,左节点损失:3.383,右节点损失:8.670,总损失:12.053
------划分值:8.000,左节点损失:3.488,右节点损失:8.578,总损失:12.066
------划分值:9.000,左节点损失:3.616,右节点损失:8.458,总损失:12.073
------划分值:10.000,左节点损失:3.901,右节点损失:8.174,总损失:12.075
------划分值:11.000,左节点损失:4.038,右节点损失:8.036,总损失:12.074
------划分值:12.000,左节点损失:4.188,右节点损失:7.887,总损失:12.075
------划分值:13.000,左节点损失:4.293,右节点损失:7.782,总损失:12.075
------划分值:14.000,左节点损失:4.566,右节点损失:7.510,总损失:12.075
------划分值:15.000,左节点损失:4.687,右节点损失:7.387,总损失:12.073
------划分值:16.000,左节点损失:4.756,右节点损失:7.318,总损失:12.075
------划分值:17.000,左节点损失:5.573,右节点损失:6.497,总损失:12.071
------划分值:18.000,左节点损失:6.721,右节点损失:5.353,总损失:12.073
------划分值:19.000,左节点损失:7.934,右节点损失:4.113,总损失:12.047
------划分值:20.000,左节点损失:8.762,右节点损失:3.253,总损失:12.015
------划分值:21.000,左节点损失:9.804,右节点损失:2.146,总损失:11.950
------划分值:22.000,左节点损失:10.639,右节点损失:1.436,总损失:12.075
------划分值:23.000,左节点损失:11.341,右节点损失:0.733,总损失:12.074
('----划分特征：', 'location')
------划分值:9.000,左节点损失:5.557,右节点损失:6.514,总损失:12.071
------划分值:7.000,左节点损失:4.521,右节点损失:7.538,总损失:12.059
------划分值:5.000,左节点损失:3.130,右节点损失:8.687,总损失:11.817
------划分值:13.000,左节点损失:7.654,右节点损失:4.240,总损失:11.894
------划分值:11.000,左节点损失:7.398,右节点损失:4.531,总损失:11.929
------划分值:10.000,左节点损失:6.979,右节点损失:5.095,总损失:12.074
------划分值:22.000,左节点损失:11.431,右节点损失:0.344,总损失:11.775
------划分值:20.000,左节点损失:11.008,右节点损失:0.740,总损失:11.748
------划分值:18.000,左节点损失:9.810,右节点损失:2.263,总损失:12.074
------划分值:21.000,左节点损失:11.419,右节点损失:0.380,总损失:11.799
------划分值:8.000,左节点损失:5.487,右节点损失:6.581,总损失:12.068
------划分值:12.000,左节点损失:7.637,右节点损失:4.277,总损失:11.914
------划分值:14.000,左节点损失:9.546,右节点损失:2.510,总损失:12.055
------划分值:16.000,左节点损失:9.551,右节点损失:2.503,总损失:12.054
------划分值:17.000,左节点损失:9.577,右节点损失:2.480,总损失:12.058
------划分值:19.000,左节点损失:10.110,右节点损失:1.957,总损失:12.067
------划分值:6.000,左节点损失:3.540,右节点损失:8.453,总损失:11.992
------划分值:2.000,左节点损失:0.051,右节点损失:12.019,总损失:12.071
------划分值:4.000,左节点损失:1.226,右节点损失:10.783,总损失:12.009
------划分值:3.000,左节点损失:0.402,右节点损失:11.351,总损失:11.753
------划分值:1.000,左节点损失:0.000,右节点损失:12.075,总损失:12.075
('----划分特征：', 'period')
------划分值:12.000,左节点损失:0.000,右节点损失:12.075,总损失:12.075
------划分值:24.000,左节点损失:4.146,右节点损失:7.798,总损失:11.945
------划分值:48.000,左节点损失:9.243,右节点损失:2.796,总损失:12.039
------划分值:96.000,左节点损失:10.725,右节点损失:1.284,总损失:12.009
------划分值:36.000,左节点损失:7.860,右节点损失:4.172,总损失:12.032
('--最佳划分特征：', 'location')
('--最佳划分值：', 20.0)
--树的深度：3
('----划分特征：', 'material')
------划分值:0.000,左节点损失:0.000,右节点损失:11.008,总损失:11.008
------划分值:1.000,左节点损失:0.533,右节点损失:10.470,总损失:11.002
------划分值:2.000,左节点损失:0.648,右节点损失:10.358,总损失:11.007
------划分值:3.000,左节点损失:0.849,右节点损失:10.142,总损失:10.990
------划分值:4.000,左节点损失:1.356,右节点损失:9.651,总损失:11.007
------划分值:5.000,左节点损失:2.182,右节点损失:8.813,总损失:10.996
------划分值:6.000,左节点损失:3.051,右节点损失:7.908,总损失:10.959
------划分值:7.000,左节点损失:3.192,右节点损失:7.776,总损失:10.968
------划分值:8.000,左节点损失:3.290,右节点损失:7.694,总损失:10.985
------划分值:9.000,左节点损失:3.412,右节点损失:7.584,总损失:10.996
------划分值:10.000,左节点损失:3.695,右节点损失:7.302,总损失:10.998
------划分值:11.000,左节点损失:3.834,右节点损失:7.158,总损失:10.992
------划分值:12.000,左节点损失:3.983,右节点损失:7.009,总损失:10.993
------划分值:13.000,左节点损失:4.084,右节点损失:6.917,总损失:11.001
------划分值:14.000,左节点损失:4.358,右节点损失:6.639,总损失:10.996
------划分值:15.000,左节点损失:4.476,右节点损失:6.526,总损失:11.002
------划分值:16.000,左节点损失:4.480,右节点损失:6.523,总损失:11.002
------划分值:17.000,左节点损失:5.248,右节点损失:5.759,总损失:11.007
------划分值:18.000,左节点损失:6.287,右节点损失:4.709,总损失:10.996
------划分值:19.000,左节点损失:7.336,右节点损失:3.641,总损失:10.977
------划分值:20.000,左节点损失:8.090,右节点损失:2.869,总损失:10.958
------划分值:21.000,左节点损失:9.075,右节点损失:1.833,总损失:10.909
------划分值:22.000,左节点损失:9.749,右节点损失:1.249,总损失:10.998
------划分值:23.000,左节点损失:10.395,右节点损失:0.600,总损失:10.995
('----划分特征：', 'location')
------划分值:9.000,左节点损失:5.557,右节点损失:5.368,总损失:10.924
------划分值:7.000,左节点损失:4.521,右节点损失:6.485,总损失:11.007
------划分值:5.000,左节点损失:3.130,右节点损失:7.475,总损失:10.605
------划分值:13.000,左节点损失:7.654,右节点损失:3.337,总损失:10.991
------划分值:11.000,左节点损失:7.398,右节点损失:3.595,总损失:10.993
------划分值:10.000,左节点损失:6.979,右节点损失:3.979,总损失:10.958
------划分值:18.000,左节点损失:9.810,右节点损失:0.977,总损失:10.788
------划分值:8.000,左节点损失:5.487,右节点损失:5.429,总损失:10.916
------划分值:12.000,左节点损失:7.637,右节点损失:3.360,总损失:10.996
------划分值:14.000,左节点损失:9.546,右节点损失:1.374,总损失:10.920
------划分值:16.000,左节点损失:9.551,右节点损失:1.365,总损失:10.916
------划分值:17.000,左节点损失:9.577,右节点损失:1.321,总损失:10.898
------划分值:19.000,左节点损失:10.110,右节点损失:0.008,总损失:10.119
------划分值:6.000,左节点损失:3.540,右节点损失:7.265,总损失:10.805
------划分值:2.000,左节点损失:0.051,右节点损失:10.942,总损失:10.994
------划分值:4.000,左节点损失:1.226,右节点损失:9.755,总损失:10.981
------划分值:3.000,左节点损失:0.402,右节点损失:10.362,总损失:10.764
------划分值:1.000,左节点损失:0.000,右节点损失:11.008,总损失:11.008
('----划分特征：', 'period')
------划分值:12.000,左节点损失:0.000,右节点损失:11.008,总损失:11.008
------划分值:24.000,左节点损失:3.736,右节点损失:7.185,总损失:10.921
------划分值:48.000,左节点损失:8.329,右节点损失:2.667,总损失:10.995
------划分值:96.000,左节点损失:9.739,右节点损失:1.232,总损失:10.971
------划分值:36.000,左节点损失:7.157,右节点损失:3.828,总损失:10.984
('--最佳划分特征：', 'location')
('--最佳划分值：', 19.0)
('叶子节点预测值：', 0.020220661337553316)
('叶子节点预测值：', -0.09806538948014597)
--树的深度：3
('----划分特征：', 'material')
------划分值:0.000,左节点损失:0.000,右节点损失:0.740,总损失:0.740
------划分值:3.000,左节点损失:0.049,右节点损失:0.691,总损失:0.740
------划分值:5.000,左节点损失:0.099,右节点损失:0.641,总损失:0.740
------划分值:15.000,左节点损失:0.137,右节点损失:0.600,总损失:0.737
------划分值:16.000,左节点损失:0.187,右节点损失:0.550,总损失:0.738
------划分值:17.000,左节点损失:0.230,右节点损失:0.510,总损失:0.740
------划分值:18.000,左节点损失:0.264,右节点损失:0.472,总损失:0.736
------划分值:19.000,左节点损失:0.328,右节点损失:0.375,总损失:0.703
------划分值:20.000,左节点损失:0.348,右节点损失:0.327,总损失:0.675
------划分值:21.000,左节点损失:0.387,右节点损失:0.275,总损失:0.662
------划分值:22.000,左节点损失:0.649,右节点损失:0.089,总损失:0.738
------划分值:23.000,左节点损失:0.683,右节点损失:0.048,总损失:0.731
('----划分特征：', 'location')
------划分值:22.000,左节点损失:0.343,右节点损失:0.344,总损失:0.687
------划分值:20.000,左节点损失:0.000,右节点损失:0.740,总损失:0.740
------划分值:21.000,左节点损失:0.324,右节点损失:0.380,总损失:0.704
('----划分特征：', 'period')
------划分值:12.000,左节点损失:0.000,右节点损失:0.740,总损失:0.740
------划分值:24.000,左节点损失:0.242,右节点损失:0.446,总损失:0.688
------划分值:48.000,左节点损失:0.625,右节点损失:0.109,总损失:0.734
------划分值:96.000,左节点损失:0.675,右节点损失:0.049,总损失:0.724
------划分值:36.000,左节点损失:0.417,右节点损失:0.283,总损失:0.701
('--最佳划分特征：', 'material')
('--最佳划分值：', 21.0)
('叶子节点预测值：', 0.07446529844680945)
('叶子节点预测值：', 0.024274037444606805)
--树的深度：2
('----划分特征：', 'material')
------划分值:0.000,左节点损失:0.000,右节点损失:0.120,总损失:0.120
------划分值:1.000,左节点损失:0.061,右节点损失:0.052,总损失:0.113
------划分值:2.000,左节点损失:0.064,右节点损失:0.052,总损失:0.116
------划分值:3.000,左节点损失:0.074,右节点损失:0.046,总损失:0.120
------划分值:4.000,左节点损失:0.089,右节点损失:0.031,总损失:0.120
------划分值:5.000,左节点损失:0.090,右节点损失:0.031,总损失:0.120
------划分值:6.000,左节点损失:0.103,右节点损失:0.018,总损失:0.120
------划分值:7.000,左节点损失:0.103,右节点损失:0.017,总损失:0.120
------划分值:8.000,左节点损失:0.104,右节点损失:0.017,总损失:0.120
------划分值:9.000,左节点损失:0.104,右节点损失:0.016,总损失:0.120
------划分值:10.000,左节点损失:0.105,右节点损失:0.015,总损失:0.120
------划分值:11.000,左节点损失:0.110,右节点损失:0.010,总损失:0.120
------划分值:12.000,左节点损失:0.113,右节点损失:0.007,总损失:0.120
------划分值:13.000,左节点损失:0.115,右节点损失:0.005,总损失:0.120
------划分值:14.000,左节点损失:0.119,右节点损失:0.001,总损失:0.120
------划分值:15.000,左节点损失:0.120,右节点损失:0.000,总损失:0.120
('----划分特征：', 'location')
------划分值:7.000,左节点损失:0.006,右节点损失:0.114,总损失:0.120
------划分值:5.000,左节点损失:0.000,右节点损失:0.120,总损失:0.120
------划分值:11.000,左节点损失:0.016,右节点损失:0.100,总损失:0.116
------划分值:10.000,左节点损失:0.009,右节点损失:0.106,总损失:0.115
------划分值:13.000,左节点损失:0.025,右节点损失:0.092,总损失:0.116
------划分值:18.000,左节点损失:0.106,右节点损失:0.011,总损失:0.117
------划分值:21.000,左节点损失:0.120,右节点损失:0.000,总损失:0.120
------划分值:12.000,左节点损失:0.024,右节点损失:0.094,总损失:0.118
('----划分特征：', 'period')
------划分值:192.000,左节点损失:0.075,右节点损失:0.042,总损失:0.117
------划分值:120.000,左节点损失:0.000,右节点损失:0.120,总损失:0.120
('--最佳划分特征：', 'material')
('--最佳划分值：', 1.0)
--树的深度：3
('----划分特征：', 'material')
------划分值:0.000,左节点损失:0.000,右节点损失:0.061,总损失:0.061
('----划分特征：', 'location')
------划分值:7.000,左节点损失:0.000,右节点损失:0.061,总损失:0.061
------划分值:5.000,左节点损失:0.000,右节点损失:0.061,总损失:0.061
------划分值:11.000,左节点损失:0.001,右节点损失:0.050,总损失:0.051
------划分值:10.000,左节点损失:0.001,右节点损失:0.057,总损失:0.058
------划分值:13.000,左节点损失:0.001,右节点损失:0.000,总损失:0.001
------划分值:12.000,左节点损失:0.001,右节点损失:0.038,总损失:0.039
('----划分特征：', 'period')
------划分值:192.000,左节点损失:0.000,右节点损失:0.001,总损失:0.001
------划分值:120.000,左节点损失:0.000,右节点损失:0.061,总损失:0.061
('--最佳划分特征：', 'location')
('--最佳划分值：', 13.0)
('叶子节点预测值：', -0.05932479589346246)
('叶子节点预测值：', 0.2041316553468481)
--树的深度：3
('----划分特征：', 'material')
------划分值:1.000,左节点损失:0.000,右节点损失:0.052,总损失:0.052
------划分值:2.000,左节点损失:0.000,右节点损失:0.052,总损失:0.052
------划分值:3.000,左节点损失:0.004,右节点损失:0.046,总损失:0.050
------划分值:4.000,左节点损失:0.020,右节点损失:0.031,总损失:0.051
------划分值:5.000,左节点损失:0.021,右节点损失:0.031,总损失:0.051
------划分值:6.000,左节点损失:0.034,右节点损失:0.018,总损失:0.051
------划分值:7.000,左节点损失:0.034,右节点损失:0.017,总损失:0.052
------划分值:8.000,左节点损失:0.035,右节点损失:0.017,总损失:0.052
------划分值:9.000,左节点损失:0.035,右节点损失:0.016,总损失:0.051
------划分值:10.000,左节点损失:0.036,右节点损失:0.015,总损失:0.051
------划分值:11.000,左节点损失:0.042,右节点损失:0.010,总损失:0.052
------划分值:12.000,左节点损失:0.045,右节点损失:0.007,总损失:0.052
------划分值:13.000,左节点损失:0.046,右节点损失:0.005,总损失:0.052
------划分值:14.000,左节点损失:0.051,右节点损失:0.001,总损失:0.052
------划分值:15.000,左节点损失:0.052,右节点损失:0.000,总损失:0.052
('----划分特征：', 'location')
------划分值:7.000,左节点损失:0.006,右节点损失:0.046,总损失:0.052
------划分值:5.000,左节点损失:0.000,右节点损失:0.052,总损失:0.052
------划分值:11.000,左节点损失:0.015,右节点损失:0.036,总损失:0.051
------划分值:10.000,左节点损失:0.008,右节点损失:0.041,总损失:0.049
------划分值:13.000,左节点损失:0.023,右节点损失:0.029,总损失:0.052
------划分值:18.000,左节点损失:0.036,右节点损失:0.011,总损失:0.048
------划分值:21.000,左节点损失:0.052,右节点损失:0.000,总损失:0.052
------划分值:12.000,左节点损失:0.023,右节点损失:0.029,总损失:0.052
('----划分特征：', 'period')
------划分值:192.000,左节点损失:0.000,右节点损失:0.040,总损失:0.040
------划分值:120.000,左节点损失:0.000,右节点损失:0.052,总损失:0.052
('--最佳划分特征：', 'period')
('--最佳划分值：', 192.0)
('叶子节点预测值：', -0.13133184348480545)
('叶子节点预测值：', -0.05356772762495445)
--树的深度：1
('----划分特征：', 'material')
------划分值:24.000,左节点损失:0.000,右节点损失:0.007,总损失:0.007
------划分值:25.000,左节点损失:0.001,右节点损失:0.006,总损失:0.007
------划分值:26.000,左节点损失:0.002,右节点损失:0.005,总损失:0.007
------划分值:27.000,左节点损失:0.003,右节点损失:0.004,总损失:0.007
------划分值:28.000,左节点损失:0.003,右节点损失:0.004,总损失:0.007
------划分值:29.000,左节点损失:0.003,右节点损失:0.004,总损失:0.007
------划分值:30.000,左节点损失:0.004,右节点损失:0.004,总损失:0.007
------划分值:31.000,左节点损失:0.004,右节点损失:0.002,总损失:0.007
------划分值:32.000,左节点损失:0.005,右节点损失:0.002,总损失:0.007
------划分值:33.000,左节点损失:0.006,右节点损失:0.001,总损失:0.007
('----划分特征：', 'location')
------划分值:9.000,左节点损失:0.001,右节点损失:0.006,总损失:0.007
------划分值:7.000,左节点损失:0.000,右节点损失:0.007,总损失:0.007
------划分值:5.000,左节点损失:0.000,右节点损失:0.007,总损失:0.007
------划分值:13.000,左节点损失:0.005,右节点损失:0.002,总损失:0.007
------划分值:11.000,左节点损失:0.004,右节点损失:0.002,总损失:0.006
------划分值:10.000,左节点损失:0.001,右节点损失:0.006,总损失:0.007
------划分值:18.000,左节点损失:0.006,右节点损失:0.001,总损失:0.007
------划分值:20.000,左节点损失:0.006,右节点损失:0.001,总损失:0.007
------划分值:22.000,左节点损失:0.007,右节点损失:0.000,总损失:0.007
------划分值:19.000,左节点损失:0.006,右节点损失:0.001,总损失:0.007
('----划分特征：', 'period')
------划分值:12.000,左节点损失:0.000,右节点损失:0.007,总损失:0.007
------划分值:24.000,左节点损失:0.003,右节点损失:0.003,总损失:0.006
------划分值:48.000,左节点损失:0.005,右节点损失:0.002,总损失:0.006
------划分值:96.000,左节点损失:0.006,右节点损失:0.001,总损失:0.007
------划分值:192.000,左节点损失:0.007,右节点损失:0.000,总损失:0.007
------划分值:36.000,左节点损失:0.005,右节点损失:0.002,总损失:0.006
------划分值:72.000,左节点损失:0.006,右节点损失:0.001,总损失:0.007
------划分值:120.000,左节点损失:0.007,右节点损失:0.000,总损失:0.007
('--最佳划分特征：', 'period')
('--最佳划分值：', 24.0)
--树的深度：2
('----划分特征：', 'material')
------划分值:24.000,左节点损失:0.000,右节点损失:0.003,总损失:0.003
------划分值:25.000,左节点损失:0.001,右节点损失:0.003,总损失:0.003
------划分值:26.000,左节点损失:0.001,右节点损失:0.002,总损失:0.003
------划分值:27.000,左节点损失:0.001,右节点损失:0.002,总损失:0.003
------划分值:28.000,左节点损失:0.001,右节点损失:0.002,总损失:0.003
------划分值:29.000,左节点损失:0.002,右节点损失:0.002,总损失:0.003
------划分值:30.000,左节点损失:0.002,右节点损失:0.002,总损失:0.003
------划分值:31.000,左节点损失:0.002,右节点损失:0.001,总损失:0.003
------划分值:32.000,左节点损失:0.002,右节点损失:0.001,总损失:0.003
------划分值:33.000,左节点损失:0.003,右节点损失:0.000,总损失:0.003
('----划分特征：', 'location')
------划分值:9.000,左节点损失:0.000,右节点损失:0.003,总损失:0.003
------划分值:7.000,左节点损失:0.000,右节点损失:0.003,总损失:0.003
------划分值:5.000,左节点损失:0.000,右节点损失:0.003,总损失:0.003
------划分值:13.000,左节点损失:0.002,右节点损失:0.001,总损失:0.003
------划分值:11.000,左节点损失:0.002,右节点损失:0.001,总损失:0.003
------划分值:10.000,左节点损失:0.000,右节点损失:0.003,总损失:0.003
------划分值:18.000,左节点损失:0.003,右节点损失:0.001,总损失:0.003
------划分值:20.000,左节点损失:0.003,右节点损失:0.000,总损失:0.003
------划分值:22.000,左节点损失:0.003,右节点损失:0.000,总损失:0.003
------划分值:19.000,左节点损失:0.003,右节点损失:0.001,总损失:0.003
('----划分特征：', 'period')
------划分值:12.000,左节点损失:0.000,右节点损失:0.003,总损失:0.003
('--最佳划分特征：', 'location')
('--最佳划分值：', 11.0)
--树的深度：3
('----划分特征：', 'material')
------划分值:24.000,左节点损失:0.000,右节点损失:0.002,总损失:0.002
------划分值:25.000,左节点损失:0.000,右节点损失:0.002,总损失:0.002
------划分值:26.000,左节点损失:0.000,右节点损失:0.001,总损失:0.002
------划分值:27.000,左节点损失:0.000,右节点损失:0.001,总损失:0.002
------划分值:28.000,左节点损失:0.001,右节点损失:0.001,总损失:0.002
------划分值:29.000,左节点损失:0.001,右节点损失:0.001,总损失:0.002
------划分值:30.000,左节点损失:0.001,右节点损失:0.001,总损失:0.002
------划分值:31.000,左节点损失:0.001,右节点损失:0.001,总损失:0.002
------划分值:32.000,左节点损失:0.001,右节点损失:0.001,总损失:0.002
------划分值:33.000,左节点损失:0.002,右节点损失:0.000,总损失:0.002
('----划分特征：', 'location')
------划分值:9.000,左节点损失:0.000,右节点损失:0.002,总损失:0.002
------划分值:7.000,左节点损失:0.000,右节点损失:0.002,总损失:0.002
------划分值:5.000,左节点损失:0.000,右节点损失:0.002,总损失:0.002
------划分值:10.000,左节点损失:0.000,右节点损失:0.001,总损失:0.001
('----划分特征：', 'period')
------划分值:12.000,左节点损失:0.000,右节点损失:0.002,总损失:0.002
('--最佳划分特征：', 'location')
('--最佳划分值：', 10.0)
('叶子节点预测值：', -0.08361102961830696)
('叶子节点预测值：', -0.07342751468648877)
--树的深度：3
('----划分特征：', 'material')
------划分值:24.000,左节点损失:0.000,右节点损失:0.001,总损失:0.001
------划分值:25.000,左节点损失:0.000,右节点损失:0.001,总损失:0.001
------划分值:26.000,左节点损失:0.001,右节点损失:0.000,总损失:0.001
------划分值:27.000,左节点损失:0.001,右节点损失:0.000,总损失:0.001
------划分值:28.000,左节点损失:0.001,右节点损失:0.000,总损失:0.001
------划分值:29.000,左节点损失:0.001,右节点损失:0.000,总损失:0.001
------划分值:30.000,左节点损失:0.001,右节点损失:0.000,总损失:0.001
------划分值:31.000,左节点损失:0.001,右节点损失:0.000,总损失:0.001
------划分值:32.000,左节点损失:0.001,右节点损失:0.000,总损失:0.001
------划分值:33.000,左节点损失:0.001,右节点损失:0.000,总损失:0.001
('----划分特征：', 'location')
------划分值:13.000,左节点损失:0.000,右节点损失:0.001,总损失:0.001
------划分值:11.000,左节点损失:0.000,右节点损失:0.001,总损失:0.001
------划分值:18.000,左节点损失:0.000,右节点损失:0.001,总损失:0.001
------划分值:20.000,左节点损失:0.001,右节点损失:0.000,总损失:0.001
------划分值:22.000,左节点损失:0.001,右节点损失:0.000,总损失:0.001
------划分值:19.000,左节点损失:0.001,右节点损失:0.001,总损失:0.001
('----划分特征：', 'period')
------划分值:12.000,左节点损失:0.000,右节点损失:0.001,总损失:0.001
('--最佳划分特征：', 'location')
('--最佳划分值：', 18.0)
('叶子节点预测值：', -0.08660708792112613)
('叶子节点预测值：', -0.08070127585697409)
--树的深度：2
('----划分特征：', 'material')
------划分值:24.000,左节点损失:0.000,右节点损失:0.003,总损失:0.003
------划分值:25.000,左节点损失:0.001,右节点损失:0.002,总损失:0.003
------划分值:26.000,左节点损失:0.001,右节点损失:0.002,总损失:0.003
------划分值:27.000,左节点损失:0.001,右节点损失:0.002,总损失:0.003
------划分值:28.000,左节点损失:0.001,右节点损失:0.002,总损失:0.003
------划分值:29.000,左节点损失:0.001,右节点损失:0.002,总损失:0.003
------划分值:30.000,左节点损失:0.001,右节点损失:0.002,总损失:0.003
------划分值:31.000,左节点损失:0.002,右节点损失:0.001,总损失:0.003
------划分值:32.000,左节点损失:0.002,右节点损失:0.001,总损失:0.003
------划分值:33.000,左节点损失:0.003,右节点损失:0.000,总损失:0.003
('----划分特征：', 'location')
------划分值:9.000,左节点损失:0.000,右节点损失:0.003,总损失:0.003
------划分值:7.000,左节点损失:0.000,右节点损失:0.003,总损失:0.003
------划分值:5.000,左节点损失:0.000,右节点损失:0.003,总损失:0.003
------划分值:13.000,左节点损失:0.002,右节点损失:0.001,总损失:0.003
------划分值:11.000,左节点损失:0.002,右节点损失:0.001,总损失:0.003
------划分值:10.000,左节点损失:0.000,右节点损失:0.003,总损失:0.003
------划分值:18.000,左节点损失:0.002,右节点损失:0.000,总损失:0.003
------划分值:20.000,左节点损失:0.003,右节点损失:0.000,总损失:0.003
------划分值:22.000,左节点损失:0.003,右节点损失:0.000,总损失:0.003
------划分值:19.000,左节点损失:0.003,右节点损失:0.000,总损失:0.003
('----划分特征：', 'period')
------划分值:24.000,左节点损失:0.000,右节点损失:0.003,总损失:0.003
------划分值:48.000,左节点损失:0.001,右节点损失:0.002,总损失:0.003
------划分值:96.000,左节点损失:0.002,右节点损失:0.001,总损失:0.003
------划分值:192.000,左节点损失:0.003,右节点损失:0.000,总损失:0.003
------划分值:36.000,左节点损失:0.001,右节点损失:0.002,总损失:0.003
------划分值:72.000,左节点损失:0.002,右节点损失:0.001,总损失:0.003
------划分值:120.000,左节点损失:0.003,右节点损失:0.000,总损失:0.003
('--最佳划分特征：', 'location')
('--最佳划分值：', 11.0)
--树的深度：3
('----划分特征：', 'material')
------划分值:24.000,左节点损失:0.000,右节点损失:0.002,总损失:0.002
------划分值:25.000,左节点损失:0.000,右节点损失:0.001,总损失:0.002
------划分值:26.000,左节点损失:0.000,右节点损失:0.001,总损失:0.002
------划分值:27.000,左节点损失:0.000,右节点损失:0.001,总损失:0.002
------划分值:28.000,左节点损失:0.000,右节点损失:0.001,总损失:0.002
------划分值:29.000,左节点损失:0.000,右节点损失:0.001,总损失:0.002
------划分值:30.000,左节点损失:0.000,右节点损失:0.001,总损失:0.002
------划分值:31.000,左节点损失:0.001,右节点损失:0.001,总损失:0.001
------划分值:32.000,左节点损失:0.001,右节点损失:0.001,总损失:0.002
------划分值:33.000,左节点损失:0.001,右节点损失:0.000,总损失:0.002
('----划分特征：', 'location')
------划分值:9.000,左节点损失:0.000,右节点损失:0.001,总损失:0.002
------划分值:7.000,左节点损失:0.000,右节点损失:0.002,总损失:0.002
------划分值:5.000,左节点损失:0.000,右节点损失:0.002,总损失:0.002
------划分值:10.000,左节点损失:0.000,右节点损失:0.001,总损失:0.001
('----划分特征：', 'period')
------划分值:24.000,左节点损失:0.000,右节点损失:0.002,总损失:0.002
------划分值:48.000,左节点损失:0.001,右节点损失:0.001,总损失:0.002
------划分值:96.000,左节点损失:0.001,右节点损失:0.000,总损失:0.002
------划分值:192.000,左节点损失:0.002,右节点损失:0.000,总损失:0.002
('--最佳划分特征：', 'location')
('--最佳划分值：', 10.0)
('叶子节点预测值：', -0.08762175689103421)
('叶子节点预测值：', -0.08261844912398876)
--树的深度：3
('----划分特征：', 'material')
------划分值:24.000,左节点损失:0.000,右节点损失:0.001,总损失:0.001
------划分值:25.000,左节点损失:0.000,右节点损失:0.001,总损失:0.001
------划分值:26.000,左节点损失:0.000,右节点损失:0.000,总损失:0.001
------划分值:27.000,左节点损失:0.000,右节点损失:0.000,总损失:0.001
------划分值:28.000,左节点损失:0.001,右节点损失:0.000,总损失:0.001
------划分值:29.000,左节点损失:0.001,右节点损失:0.000,总损失:0.001
------划分值:30.000,左节点损失:0.001,右节点损失:0.000,总损失:0.001
------划分值:31.000,左节点损失:0.001,右节点损失:0.000,总损失:0.001
------划分值:32.000,左节点损失:0.001,右节点损失:0.000,总损失:0.001
------划分值:33.000,左节点损失:0.001,右节点损失:0.000,总损失:0.001
('----划分特征：', 'location')
------划分值:13.000,左节点损失:0.000,右节点损失:0.001,总损失:0.001
------划分值:11.000,左节点损失:0.000,右节点损失:0.001,总损失:0.001
------划分值:18.000,左节点损失:0.000,右节点损失:0.000,总损失:0.001
------划分值:20.000,左节点损失:0.001,右节点损失:0.000,总损失:0.001
------划分值:22.000,左节点损失:0.001,右节点损失:0.000,总损失:0.001
------划分值:19.000,左节点损失:0.001,右节点损失:0.000,总损失:0.001
('----划分特征：', 'period')
------划分值:24.000,左节点损失:0.000,右节点损失:0.001,总损失:0.001
------划分值:48.000,左节点损失:0.000,右节点损失:0.000,总损失:0.001
------划分值:96.000,左节点损失:0.001,右节点损失:0.000,总损失:0.001
------划分值:192.000,左节点损失:0.001,右节点损失:0.000,总损失:0.001
------划分值:36.000,左节点损失:0.000,右节点损失:0.000,总损失:0.001
------划分值:72.000,左节点损失:0.001,右节点损失:0.000,总损失:0.001
------划分值:120.000,左节点损失:0.001,右节点损失:0.000,总损失:0.001
('--最佳划分特征：', 'location')
('--最佳划分值：', 18.0)
('叶子节点预测值：', -0.08872787414024425)
('叶子节点预测值：', -0.08649599362251627)
第5棵树: mse_loss:0.0092
