-----------------------------构建第6颗树-----------------------------
--树的深度：0
('----划分特征：', 'material')
------划分值:0.000,左节点损失:0.000,右节点损失:13.747,总损失:13.747
------划分值:1.000,左节点损失:0.652,右节点损失:13.065,总损失:13.718
------划分值:2.000,左节点损失:0.784,右节点损失:12.947,总损失:13.732
------划分值:3.000,左节点损失:1.012,右节点损失:12.733,总损失:13.746
------划分值:4.000,左节点损失:1.641,右节点损失:12.097,总损失:13.738
------划分值:5.000,左节点损失:2.495,右节点损失:11.207,总损失:13.702
------划分值:6.000,左节点损失:3.517,右节点损失:10.119,总损失:13.635
------划分值:7.000,左节点损失:3.669,右节点损失:9.978,总损失:13.647
------划分值:8.000,左节点损失:3.774,右节点损失:9.898,总损失:13.672
------划分值:9.000,左节点损失:3.905,右节点损失:9.786,总损失:13.692
------划分值:10.000,左节点损失:4.217,右节点损失:9.480,总损失:13.697
------划分值:11.000,左节点损失:4.368,右节点损失:9.315,总损失:13.683
------划分值:12.000,左节点损失:4.531,右节点损失:9.153,总损失:13.684
------划分值:13.000,左节点损失:4.646,右节点损失:9.056,总损失:13.702
------划分值:14.000,左节点损失:4.938,右节点损失:8.752,总损失:13.691
------划分值:15.000,左节点损失:5.065,右节点损失:8.637,总损失:13.702
------划分值:16.000,左节点损失:5.141,右节点损失:8.553,总损失:13.694
------划分值:17.000,左节点损失:5.927,右节点损失:7.750,总损失:13.676
------划分值:18.000,左节点损失:7.073,右节点损失:6.469,总损失:13.542
------划分值:19.000,左节点损失:8.277,右节点损失:5.046,总损失:13.324
------划分值:20.000,左节点损失:9.089,右节点损失:4.028,总损失:13.117
------划分值:21.000,左节点损失:10.111,右节点损失:2.684,总损失:12.795
------划分值:22.000,左节点损失:10.874,右节点损失:2.134,总损失:13.009
------划分值:23.000,左节点损失:11.556,右节点损失:1.142,总损失:12.698
------划分值:24.000,左节点损失:12.269,右节点损失:0.007,总损失:12.276
------划分值:25.000,左节点损失:12.582,右节点损失:0.005,总损失:12.588
------划分值:26.000,左节点损失:12.867,右节点损失:0.004,总损失:12.871
------划分值:27.000,左节点损失:12.955,右节点损失:0.004,总损失:12.959
------划分值:28.000,左节点损失:13.048,右节点损失:0.004,总损失:13.051
------划分值:29.000,左节点损失:13.140,右节点损失:0.003,总损失:13.144
------划分值:30.000,左节点损失:13.229,右节点损失:0.003,总损失:13.232
------划分值:31.000,左节点损失:13.307,右节点损失:0.002,总损失:13.309
------划分值:32.000,左节点损失:13.399,右节点损失:0.002,总损失:13.402
------划分值:33.000,左节点损失:13.596,右节点损失:0.001,总损失:13.596
('----划分特征：', 'location')
------划分值:9.000,左节点损失:5.980,右节点损失:7.661,总损失:13.641
------划分值:7.000,左节点损失:4.674,右节点损失:9.042,总损失:13.716
------划分值:5.000,左节点损失:3.130,右节点损失:9.998,总损失:13.127
------划分值:13.000,左节点损失:8.651,右节点损失:4.934,总损失:13.585
------划分值:11.000,左节点损失:8.132,右节点损失:5.567,总损失:13.699
------划分值:10.000,左节点损失:7.502,右节点损失:6.183,总损失:13.685
------划分值:22.000,左节点损失:12.929,右节点损失:0.527,总损失:13.456
------划分值:20.000,左节点损失:12.374,右节点损失:1.062,总损失:13.436
------划分值:18.000,左节点损失:11.359,右节点损失:2.361,总损失:13.721
------划分值:21.000,左节点损失:12.908,右节点损失:0.594,总损失:13.502
------划分值:8.000,左节点损失:5.915,右节点损失:7.722,总损失:13.637
------划分值:12.000,左节点损失:8.630,右节点损失:4.973,总损失:13.603
------划分值:14.000,左节点损失:11.029,右节点损失:2.643,总损失:13.671
------划分值:16.000,左节点损失:11.035,右节点损失:2.638,总损失:13.673
------划分值:17.000,左节点损失:11.072,右节点损失:2.610,总损失:13.683
------划分值:19.000,左节点损失:11.819,右节点损失:1.928,总损失:13.747
------划分值:6.000,左节点损失:3.768,右节点损失:9.700,总损失:13.468
------划分值:2.000,左节点损失:0.051,右节点损失:13.655,总损失:13.706
------划分值:4.000,左节点损失:1.226,右节点损失:12.521,总损失:13.747
------划分值:3.000,左节点损失:0.402,右节点损失:13.218,总损失:13.620
------划分值:1.000,左节点损失:0.000,右节点损失:13.747,总损失:13.747
('----划分特征：', 'period')
------划分值:12.000,左节点损失:0.000,右节点损失:13.747,总损失:13.747
------划分值:24.000,左节点损失:4.576,右节点损失:8.932,总损失:13.509
------划分值:48.000,左节点损失:9.841,右节点损失:3.515,总损失:13.356
------划分值:96.000,左节点损失:11.706,右节点损失:1.632,总损失:13.338
------划分值:192.000,左节点损失:13.419,右节点损失:0.051,总损失:13.470
------划分值:120.000,左节点损失:13.341,右节点损失:0.117,总损失:13.459
------划分值:36.000,左节点损失:8.528,右节点损失:4.990,总损失:13.518
------划分值:72.000,左节点损失:11.690,右节点损失:1.637,总损失:13.327
('--最佳划分特征：', 'material')
('--最佳划分值：', 24.0)
--树的深度：1
('----划分特征：', 'material')
------划分值:0.000,左节点损失:0.000,右节点损失:12.269,总损失:12.269
------划分值:1.000,左节点损失:0.652,右节点损失:11.613,总损失:12.265
------划分值:2.000,左节点损失:0.784,右节点损失:11.485,总损失:12.269
------划分值:3.000,左节点损失:1.012,右节点损失:11.221,总损失:12.233
------划分值:4.000,左节点损失:1.641,右节点损失:10.618,总损失:12.260
------划分值:5.000,左节点损失:2.495,右节点损失:9.774,总损失:12.269
------划分值:6.000,左节点损失:3.517,右节点损失:8.748,总损失:12.264
------划分值:7.000,左节点损失:3.669,右节点损失:8.599,总损失:12.268
------划分值:8.000,左节点损失:3.774,右节点损失:8.496,总损失:12.269
------划分值:9.000,左节点损失:3.905,右节点损失:8.359,总损失:12.264
------划分值:10.000,左节点损失:4.217,右节点损失:8.040,总损失:12.257
------划分值:11.000,左节点损失:4.368,右节点损失:7.892,总损失:12.260
------划分值:12.000,左节点损失:4.531,右节点损失:7.725,总损失:12.256
------划分值:13.000,左节点损失:4.646,右节点损失:7.594,总损失:12.240
------划分值:14.000,左节点损失:4.938,右节点损失:7.304,总损失:12.242
------划分值:15.000,左节点损失:5.065,右节点损失:7.161,总损失:12.226
------划分值:16.000,左节点损失:5.141,右节点损失:7.088,总损失:12.230
------划分值:17.000,左节点损失:5.927,右节点损失:6.294,总损失:12.221
------划分值:18.000,左节点损失:7.073,右节点损失:5.188,总损失:12.261
------划分值:19.000,左节点损失:8.277,右节点损失:3.990,总损失:12.267
------划分值:20.000,左节点损失:9.089,右节点损失:3.160,总损失:12.250
------划分值:21.000,左节点损失:10.111,右节点损失:2.090,总损失:12.200
------划分值:22.000,左节点损失:10.874,右节点损失:1.394,总损失:12.268
------划分值:23.000,左节点损失:11.556,右节点损失:0.713,总损失:12.269
('----划分特征：', 'location')
------划分值:9.000,左节点损失:5.757,右节点损失:6.509,总损失:12.266
------划分值:7.000,左节点损失:4.589,右节点损失:7.674,总损失:12.262
------划分值:5.000,左节点损失:3.130,右节点损失:8.807,总损失:11.936
------划分值:13.000,左节点损失:7.914,右节点损失:4.106,总损失:12.020
------划分值:11.000,左节点损失:7.607,右节点损失:4.498,总损失:12.105
------划分值:10.000,左节点损失:7.165,右节点损失:5.103,总损失:12.269
------划分值:22.000,左节点损失:11.634,右节点损失:0.338,总损失:11.971
------划分值:20.000,左节点损失:11.205,右节点损失:0.765,总损失:11.970
------划分值:18.000,左节点损失:10.216,右节点损失:2.039,总损失:12.255
------划分值:21.000,左节点损失:11.607,右节点损失:0.425,总损失:12.032
------划分值:8.000,左节点损失:5.690,右节点损失:6.574,总损失:12.265
------划分值:12.000,左节点损失:7.886,右节点损失:4.170,总损失:12.057
------划分值:14.000,左节点损失:9.934,右节点损失:2.286,总损失:12.221
------划分值:16.000,左节点损失:9.939,右节点损失:2.280,总损失:12.219
------划分值:17.000,左节点损失:9.968,右节点损失:2.257,总损失:12.225
------划分值:19.000,左节点损失:10.540,右节点损失:1.728,总损失:12.269
------划分值:6.000,左节点损失:3.647,右节点损失:8.527,总损失:12.174
------划分值:2.000,左节点损失:0.051,右节点损失:12.208,总损失:12.259
------划分值:4.000,左节点损失:1.226,右节点损失:11.006,总损失:12.232
------划分值:3.000,左节点损失:0.402,右节点损失:11.603,总损失:12.005
------划分值:1.000,左节点损失:0.000,右节点损失:12.269,总损失:12.269
('----划分特征：', 'period')
------划分值:12.000,左节点损失:0.000,右节点损失:12.269,总损失:12.269
------划分值:24.000,左节点损失:4.065,右节点损失:7.997,总损失:12.062
------划分值:48.000,左节点损失:8.999,右节点损失:3.083,总损失:12.082
------划分值:96.000,左节点损失:10.477,右节点损失:1.480,总损失:11.957
------划分值:192.000,左节点损失:11.894,右节点损失:0.042,总损失:11.936
------划分值:120.000,左节点损失:11.829,右节点损失:0.106,总损失:11.935
------划分值:36.000,左节点损失:7.695,右节点损失:4.424,总损失:12.119
('--最佳划分特征：', 'period')
('--最佳划分值：', 120.0)
--树的深度：2
('----划分特征：', 'material')
------划分值:0.000,左节点损失:0.000,右节点损失:11.829,总损失:11.829
------划分值:1.000,左节点损失:0.590,右节点损失:11.235,总损失:11.826
------划分值:2.000,左节点损失:0.710,右节点损失:11.120,总损失:11.829
------划分值:3.000,左节点损失:0.922,右节点损失:10.881,总损失:11.803
------划分值:4.000,左节点损失:1.493,右节点损失:10.334,总损失:11.827
------划分值:5.000,左节点损失:2.307,右节点损失:9.518,总损失:11.825
------划分值:6.000,左节点损失:3.228,右节点损失:8.574,总损失:11.802
------划分值:7.000,左节点损失:3.372,右节点损失:8.438,总损失:11.810
------划分值:8.000,左节点损失:3.476,右节点损失:8.346,总损失:11.822
------划分值:9.000,左节点损失:3.603,右节点损失:8.225,总损失:11.828
------划分值:10.000,左节点损失:3.888,右节点损失:7.941,总损失:11.829
------划分值:11.000,左节点损失:4.025,右节点损失:7.804,总损失:11.829
------划分值:12.000,左节点损失:4.175,右节点损失:7.654,总损失:11.829
------划分值:13.000,左节点损失:4.280,右节点损失:7.549,总损失:11.828
------划分值:14.000,左节点损失:4.552,右节点损失:7.277,总损失:11.829
------划分值:15.000,左节点损失:4.673,右节点损失:7.153,总损失:11.826
------划分值:16.000,左节点损失:4.739,右节点损失:7.088,总损失:11.828
------划分值:17.000,左节点损失:5.528,右节点损失:6.294,总损失:11.822
------划分值:18.000,左节点损失:6.641,右节点损失:5.188,总损失:11.829
------划分值:19.000,左节点损失:7.817,右节点损失:3.990,总损失:11.806
------划分值:20.000,左节点损失:8.616,右节点损失:3.160,总损失:11.777
------划分值:21.000,左节点损失:9.627,右节点损失:2.090,总损失:11.717
------划分值:22.000,左节点损失:10.435,右节点损失:1.394,总损失:11.829
------划分值:23.000,左节点损失:11.116,右节点损失:0.713,总损失:11.829
('----划分特征：', 'location')
------划分值:9.000,左节点损失:5.557,右节点损失:6.269,总损失:11.825
------划分值:7.000,左节点损失:4.521,右节点损失:7.291,总损失:11.812
------划分值:5.000,左节点损失:3.130,右节点损失:8.444,总损失:11.573
------划分值:13.000,左节点损失:7.654,右节点损失:3.989,总损失:11.643
------划分值:11.000,左节点损失:7.398,右节点损失:4.281,总损失:11.679
------划分值:10.000,左节点损失:6.979,右节点损失:4.849,总损失:11.827
------划分值:22.000,左节点损失:11.232,右节点损失:0.338,总损失:11.570
------划分值:20.000,左节点损失:10.839,右节点损失:0.725,总损失:11.564
------划分值:18.000,左节点损失:9.810,右节点损失:2.017,总损失:11.827
------划分值:21.000,左节点损失:11.220,右节点损失:0.375,总损失:11.595
------划分值:8.000,左节点损失:5.487,右节点损失:6.336,总损失:11.823
------划分值:12.000,左节点损失:7.637,右节点损失:4.026,总损失:11.663
------划分值:14.000,左节点损失:9.546,右节点损失:2.262,总损失:11.807
------划分值:16.000,左节点损失:9.551,右节点损失:2.255,总损失:11.806
------划分值:17.000,左节点损失:9.577,右节点损失:2.232,总损失:11.810
------划分值:19.000,左节点损失:10.110,右节点损失:1.713,总损失:11.823
------划分值:6.000,左节点损失:3.540,右节点损失:8.209,总损失:11.748
------划分值:2.000,左节点损失:0.051,右节点损失:11.774,总损失:11.825
------划分值:4.000,左节点损失:1.226,右节点损失:10.536,总损失:11.762
------划分值:3.000,左节点损失:0.402,右节点损失:11.103,总损失:11.505
------划分值:1.000,左节点损失:0.000,右节点损失:11.829,总损失:11.829
('----划分特征：', 'period')
------划分值:12.000,左节点损失:0.000,右节点损失:11.829,总损失:11.829
------划分值:24.000,左节点损失:4.065,右节点损失:7.635,总损失:11.700
------划分值:48.000,左节点损失:8.999,右节点损失:2.791,总损失:11.789
------划分值:96.000,左节点损失:10.477,右节点损失:1.283,总损失:11.760
------划分值:36.000,左节点损失:7.695,右节点损失:4.090,总损失:11.785
('--最佳划分特征：', 'location')
('--最佳划分值：', 3.0)
--树的深度：3
('----划分特征：', 'material')
------划分值:16.000,左节点损失:0.000,右节点损失:0.402,总损失:0.402
------划分值:17.000,左节点损失:0.069,右节点损失:0.330,总损失:0.399
------划分值:18.000,左节点损失:0.109,右节点损失:0.291,总损失:0.401
------划分值:19.000,左节点损失:0.142,右节点损失:0.259,总损失:0.402
------划分值:20.000,左节点损失:0.212,右节点损失:0.186,总损失:0.398
------划分值:21.000,左节点损失:0.257,右节点损失:0.140,总损失:0.398
------划分值:22.000,左节点损失:0.305,右节点损失:0.096,总损失:0.401
------划分值:23.000,左节点损失:0.378,右节点损失:0.016,总损失:0.394
('----划分特征：', 'location')
------划分值:2.000,左节点损失:0.051,右节点损失:0.003,总损失:0.055
------划分值:1.000,左节点损失:0.000,右节点损失:0.402,总损失:0.402
('----划分特征：', 'period')
------划分值:12.000,左节点损失:0.000,右节点损失:0.402,总损失:0.402
------划分值:24.000,左节点损失:0.139,右节点损失:0.260,总损失:0.399
------划分值:36.000,左节点损失:0.229,右节点损失:0.171,总损失:0.400
('--最佳划分特征：', 'location')
('--最佳划分值：', 2.0)
('叶子节点预测值：', 0.02514966640260913)
('叶子节点预测值：', -0.07726544510834128)
--树的深度：3
('----划分特征：', 'material')
------划分值:0.000,左节点损失:0.000,右节点损失:11.103,总损失:11.103
------划分值:1.000,左节点损失:0.590,右节点损失:10.513,总损失:11.103
------划分值:2.000,左节点损失:0.710,右节点损失:10.391,总损失:11.101
------划分值:3.000,左节点损失:0.922,右节点损失:10.129,总损失:11.051
------划分值:4.000,左节点损失:1.493,右节点损失:9.592,总损失:11.084
------划分值:5.000,左节点损失:2.307,右节点损失:8.796,总损失:11.103
------划分值:6.000,左节点损失:3.228,右节点损失:7.873,总损失:11.100
------划分值:7.000,左节点损失:3.372,右节点损失:7.731,总损失:11.103
------划分值:8.000,左节点损失:3.476,右节点损失:7.625,总损失:11.101
------划分值:9.000,左节点损失:3.603,右节点损失:7.490,总损失:11.093
------划分值:10.000,左节点损失:3.888,右节点损失:7.197,总损失:11.085
------划分值:11.000,左节点损失:4.025,右节点损失:7.062,总损失:11.087
------划分值:12.000,左节点损失:4.175,右节点损失:6.907,总损失:11.082
------划分值:13.000,左节点损失:4.280,右节点损失:6.782,总损失:11.062
------划分值:14.000,左节点损失:4.552,右节点损失:6.512,总损失:11.064
------划分值:15.000,左节点损失:4.673,右节点损失:6.370,总损失:11.043
------划分值:16.000,左节点损失:4.739,右节点损失:6.308,总损失:11.048
------划分值:17.000,左节点损失:5.438,右节点损失:5.594,总损失:11.031
------划分值:18.000,左节点损失:6.461,右节点损失:4.626,总损失:11.087
------划分值:19.000,左节点损失:7.541,右节点损失:3.561,总损失:11.102
------划分值:20.000,左节点损失:8.243,右节点损失:2.845,总损失:11.088
------划分值:21.000,左节点损失:9.157,右节点损失:1.883,总损失:11.040
------划分值:22.000,左节点损失:9.897,右节点损失:1.201,总损失:11.098
------划分值:23.000,左节点损失:10.478,右节点损失:0.622,总损失:11.099
('----划分特征：', 'location')
------划分值:9.000,左节点损失:4.738,右节点损失:6.269,总损失:11.006
------划分值:7.000,左节点损失:3.784,右节点损失:7.291,总损失:11.075
------划分值:5.000,左节点损失:1.106,右节点损失:8.444,总损失:9.550
------划分值:13.000,左节点损失:7.025,右节点损失:3.989,总损失:11.013
------划分值:11.000,左节点损失:6.767,右节点损失:4.281,总损失:11.048
------划分值:10.000,左节点损失:6.233,右节点损失:4.849,总损失:11.081
------划分值:22.000,左节点损失:10.554,右节点损失:0.338,总损失:10.892
------划分值:20.000,左节点损失:10.184,右节点损失:0.725,总损失:10.909
------划分值:18.000,左节点损失:9.082,右节点损失:2.017,总损失:11.099
------划分值:21.000,左节点损失:10.541,右节点损失:0.375,总损失:10.915
------划分值:8.000,左节点损失:4.654,右节点损失:6.336,总损失:10.990
------划分值:12.000,左节点损失:7.003,右节点损失:4.026,总损失:11.029
------划分值:14.000,左节点损失:8.841,右节点损失:2.262,总损失:11.102
------划分值:16.000,左节点损失:8.847,右节点损失:2.255,总损失:11.102
------划分值:17.000,左节点损失:8.871,右节点损失:2.232,总损失:11.103
------划分值:19.000,左节点损失:9.358,右节点损失:1.713,总损失:11.070
------划分值:6.000,左节点损失:2.407,右节点损失:8.209,总损失:10.615
------划分值:4.000,左节点损失:0.447,右节点损失:10.536,总损失:10.983
------划分值:3.000,左节点损失:0.000,右节点损失:11.103,总损失:11.103
('----划分特征：', 'period')
------划分值:12.000,左节点损失:0.000,右节点损失:11.103,总损失:11.103
------划分值:24.000,左节点损失:3.774,右节点损失:7.193,总损失:10.967
------划分值:48.000,左节点损失:8.215,右节点损失:2.791,总损失:11.006
------划分值:96.000,左节点损失:9.708,右节点损失:1.283,总损失:10.991
------划分值:36.000,左节点损失:7.177,右节点损失:3.865,总损失:11.043
('--最佳划分特征：', 'location')
('--最佳划分值：', 5.0)
('叶子节点预测值：', 0.132636674536962)
('叶子节点预测值：', 0.00960748598966349)
--树的深度：2
('----划分特征：', 'material')
------划分值:0.000,左节点损失:0.000,右节点损失:0.106,总损失:0.106
------划分值:1.000,左节点损失:0.050,右节点损失:0.050,总损失:0.100
------划分值:2.000,左节点损失:0.052,右节点损失:0.050,总损失:0.102
------划分值:3.000,左节点损失:0.062,右节点损失:0.044,总损失:0.105
------划分值:4.000,左节点损失:0.075,右节点损失:0.030,总损失:0.105
------划分值:5.000,左节点损失:0.076,右节点损失:0.029,总损失:0.105
------划分值:6.000,左节点损失:0.088,右节点损失:0.018,总损失:0.106
------划分值:7.000,左节点损失:0.088,右节点损失:0.017,总损失:0.106
------划分值:8.000,左节点损失:0.089,右节点损失:0.017,总损失:0.106
------划分值:9.000,左节点损失:0.089,右节点损失:0.016,总损失:0.105
------划分值:10.000,左节点损失:0.090,右节点损失:0.015,总损失:0.105
------划分值:11.000,左节点损失:0.095,右节点损失:0.010,总损失:0.106
------划分值:12.000,左节点损失:0.098,右节点损失:0.007,总损失:0.105
------划分值:13.000,左节点损失:0.100,右节点损失:0.005,总损失:0.105
------划分值:14.000,左节点损失:0.104,右节点损失:0.001,总损失:0.106
------划分值:15.000,左节点损失:0.105,右节点损失:0.000,总损失:0.105
('----划分特征：', 'location')
------划分值:7.000,左节点损失:0.006,右节点损失:0.099,总损失:0.105
------划分值:5.000,左节点损失:0.000,右节点损失:0.106,总损失:0.106
------划分值:11.000,左节点损失:0.016,右节点损失:0.085,总损失:0.101
------划分值:10.000,左节点损失:0.009,右节点损失:0.091,总损失:0.100
------划分值:13.000,左节点损失:0.025,右节点损失:0.077,总损失:0.102
------划分值:18.000,左节点损失:0.091,右节点损失:0.011,总损失:0.102
------划分值:21.000,左节点损失:0.105,右节点损失:0.000,总损失:0.105
------划分值:12.000,左节点损失:0.024,右节点损失:0.079,总损失:0.103
('----划分特征：', 'period')
------划分值:192.000,左节点损失:0.061,右节点损失:0.042,总损失:0.103
------划分值:120.000,左节点损失:0.000,右节点损失:0.106,总损失:0.106
('--最佳划分特征：', 'material')
('--最佳划分值：', 1.0)
--树的深度：3
('----划分特征：', 'material')
------划分值:0.000,左节点损失:0.000,右节点损失:0.050,总损失:0.050
('----划分特征：', 'location')
------划分值:7.000,左节点损失:0.000,右节点损失:0.050,总损失:0.050
------划分值:5.000,左节点损失:0.000,右节点损失:0.050,总损失:0.050
------划分值:11.000,左节点损失:0.001,右节点损失:0.041,总损失:0.042
------划分值:10.000,左节点损失:0.001,右节点损失:0.046,总损失:0.047
------划分值:13.000,左节点损失:0.001,右节点损失:0.000,总损失:0.001
------划分值:12.000,左节点损失:0.001,右节点损失:0.031,总损失:0.032
('----划分特征：', 'period')
------划分值:192.000,左节点损失:0.000,右节点损失:0.001,总损失:0.001
------划分值:120.000,左节点损失:0.000,右节点损失:0.050,总损失:0.050
('--最佳划分特征：', 'location')
('--最佳划分值：', 13.0)
('叶子节点预测值：', -0.05339231630411621)
('叶子节点预测值：', 0.1837184898121633)
--树的深度：3
('----划分特征：', 'material')
------划分值:1.000,左节点损失:0.000,右节点损失:0.050,总损失:0.050
------划分值:2.000,左节点损失:0.000,右节点损失:0.050,总损失:0.050
------划分值:3.000,左节点损失:0.004,右节点损失:0.044,总损失:0.048
------划分值:4.000,左节点损失:0.019,右节点损失:0.030,总损失:0.049
------划分值:5.000,左节点损失:0.020,右节点损失:0.029,总损失:0.049
------划分值:6.000,左节点损失:0.032,右节点损失:0.018,总损失:0.049
------划分值:7.000,左节点损失:0.032,右节点损失:0.017,总损失:0.049
------划分值:8.000,左节点损失:0.033,右节点损失:0.017,总损失:0.049
------划分值:9.000,左节点损失:0.033,右节点损失:0.016,总损失:0.049
------划分值:10.000,左节点损失:0.034,右节点损失:0.015,总损失:0.049
------划分值:11.000,左节点损失:0.040,右节点损失:0.010,总损失:0.050
------划分值:12.000,左节点损失:0.043,右节点损失:0.007,总损失:0.050
------划分值:13.000,左节点损失:0.044,右节点损失:0.005,总损失:0.049
------划分值:14.000,左节点损失:0.049,右节点损失:0.001,总损失:0.050
------划分值:15.000,左节点损失:0.049,右节点损失:0.000,总损失:0.050
('----划分特征：', 'location')
------划分值:7.000,左节点损失:0.006,右节点损失:0.044,总损失:0.050
------划分值:5.000,左节点损失:0.000,右节点损失:0.050,总损失:0.050
------划分值:11.000,左节点损失:0.015,右节点损失:0.034,总损失:0.048
------划分值:10.000,左节点损失:0.008,右节点损失:0.039,总损失:0.046
------划分值:13.000,左节点损失:0.023,右节点损失:0.027,总损失:0.050
------划分值:18.000,左节点损失:0.034,右节点损失:0.011,总损失:0.045
------划分值:21.000,左节点损失:0.050,右节点损失:0.000,总损失:0.050
------划分值:12.000,左节点损失:0.023,右节点损失:0.027,总损失:0.050
('----划分特征：', 'period')
------划分值:192.000,左节点损失:0.000,右节点损失:0.040,总损失:0.040
------划分值:120.000,左节点损失:0.000,右节点损失:0.050,总损失:0.050
('--最佳划分特征：', 'period')
('--最佳划分值：', 192.0)
('叶子节点预测值：', -0.11819865913632492)
('叶子节点预测值：', -0.048210954862459)
--树的深度：1
('----划分特征：', 'material')
------划分值:24.000,左节点损失:0.000,右节点损失:0.007,总损失:0.007
------划分值:25.000,左节点损失:0.001,右节点损失:0.005,总损失:0.006
------划分值:26.000,左节点损失:0.002,右节点损失:0.004,总损失:0.006
------划分值:27.000,左节点损失:0.003,右节点损失:0.004,总损失:0.006
------划分值:28.000,左节点损失:0.003,右节点损失:0.004,总损失:0.006
------划分值:29.000,左节点损失:0.003,右节点损失:0.003,总损失:0.006
------划分值:30.000,左节点损失:0.003,右节点损失:0.003,总损失:0.006
------划分值:31.000,左节点损失:0.004,右节点损失:0.002,总损失:0.006
------划分值:32.000,左节点损失:0.004,右节点损失:0.002,总损失:0.006
------划分值:33.000,左节点损失:0.006,右节点损失:0.001,总损失:0.006
('----划分特征：', 'location')
------划分值:9.000,左节点损失:0.001,右节点损失:0.006,总损失:0.007
------划分值:7.000,左节点损失:0.000,右节点损失:0.006,总损失:0.007
------划分值:5.000,左节点损失:0.000,右节点损失:0.007,总损失:0.007
------划分值:13.000,左节点损失:0.005,右节点损失:0.002,总损失:0.006
------划分值:11.000,左节点损失:0.004,右节点损失:0.002,总损失:0.006
------划分值:10.000,左节点损失:0.001,右节点损失:0.006,总损失:0.006
------划分值:18.000,左节点损失:0.005,右节点损失:0.001,总损失:0.007
------划分值:20.000,左节点损失:0.006,右节点损失:0.001,总损失:0.007
------划分值:22.000,左节点损失:0.006,右节点损失:0.000,总损失:0.006
------划分值:19.000,左节点损失:0.006,右节点损失:0.001,总损失:0.007
('----划分特征：', 'period')
------划分值:12.000,左节点损失:0.000,右节点损失:0.007,总损失:0.007
------划分值:24.000,左节点损失:0.003,右节点损失:0.003,总损失:0.006
------划分值:48.000,左节点损失:0.005,右节点损失:0.001,总损失:0.006
------划分值:96.000,左节点损失:0.006,右节点损失:0.001,总损失:0.006
------划分值:192.000,左节点损失:0.006,右节点损失:0.000,总损失:0.007
------划分值:36.000,左节点损失:0.004,右节点损失:0.001,总损失:0.006
------划分值:72.000,左节点损失:0.005,右节点损失:0.001,总损失:0.006
------划分值:120.000,左节点损失:0.006,右节点损失:0.000,总损失:0.006
('--最佳划分特征：', 'period')
('--最佳划分值：', 36.0)
--树的深度：2
('----划分特征：', 'material')
------划分值:24.000,左节点损失:0.000,右节点损失:0.004,总损失:0.004
------划分值:25.000,左节点损失:0.001,右节点损失:0.004,总损失:0.004
------划分值:26.000,左节点损失:0.001,右节点损失:0.003,总损失:0.004
------划分值:27.000,左节点损失:0.002,右节点损失:0.003,总损失:0.004
------划分值:28.000,左节点损失:0.002,右节点损失:0.003,总损失:0.004
------划分值:29.000,左节点损失:0.002,右节点损失:0.002,总损失:0.004
------划分值:30.000,左节点损失:0.002,右节点损失:0.002,总损失:0.004
------划分值:31.000,左节点损失:0.003,右节点损失:0.002,总损失:0.004
------划分值:32.000,左节点损失:0.003,右节点损失:0.002,总损失:0.004
------划分值:33.000,左节点损失:0.004,右节点损失:0.000,总损失:0.004
('----划分特征：', 'location')
------划分值:9.000,左节点损失:0.000,右节点损失:0.004,总损失:0.004
------划分值:7.000,左节点损失:0.000,右节点损失:0.004,总损失:0.004
------划分值:5.000,左节点损失:0.000,右节点损失:0.004,总损失:0.004
------划分值:13.000,左节点损失:0.003,右节点损失:0.001,总损失:0.004
------划分值:11.000,左节点损失:0.003,右节点损失:0.001,总损失:0.004
------划分值:10.000,左节点损失:0.001,右节点损失:0.004,总损失:0.004
------划分值:18.000,左节点损失:0.004,右节点损失:0.001,总损失:0.004
------划分值:20.000,左节点损失:0.004,右节点损失:0.000,总损失:0.004
------划分值:22.000,左节点损失:0.004,右节点损失:0.000,总损失:0.004
------划分值:19.000,左节点损失:0.004,右节点损失:0.001,总损失:0.004
('----划分特征：', 'period')
------划分值:12.000,左节点损失:0.000,右节点损失:0.004,总损失:0.004
------划分值:24.000,左节点损失:0.003,右节点损失:0.001,总损失:0.004
('--最佳划分特征：', 'location')
('--最佳划分值：', 11.0)
--树的深度：3
('----划分特征：', 'material')
------划分值:24.000,左节点损失:0.000,右节点损失:0.003,总损失:0.003
------划分值:25.000,左节点损失:0.000,右节点损失:0.002,总损失:0.003
------划分值:26.000,左节点损失:0.001,右节点损失:0.002,总损失:0.003
------划分值:27.000,左节点损失:0.001,右节点损失:0.002,总损失:0.003
------划分值:28.000,左节点损失:0.001,右节点损失:0.002,总损失:0.003
------划分值:29.000,左节点损失:0.001,右节点损失:0.002,总损失:0.003
------划分值:30.000,左节点损失:0.001,右节点损失:0.002,总损失:0.003
------划分值:31.000,左节点损失:0.001,右节点损失:0.001,总损失:0.002
------划分值:32.000,左节点损失:0.001,右节点损失:0.001,总损失:0.003
------划分值:33.000,左节点损失:0.002,右节点损失:0.000,总损失:0.003
('----划分特征：', 'location')
------划分值:9.000,左节点损失:0.000,右节点损失:0.002,总损失:0.003
------划分值:7.000,左节点损失:0.000,右节点损失:0.002,总损失:0.003
------划分值:5.000,左节点损失:0.000,右节点损失:0.003,总损失:0.003
------划分值:10.000,左节点损失:0.001,右节点损失:0.001,总损失:0.002
('----划分特征：', 'period')
------划分值:12.000,左节点损失:0.000,右节点损失:0.003,总损失:0.003
------划分值:24.000,左节点损失:0.002,右节点损失:0.001,总损失:0.002
('--最佳划分特征：', 'location')
('--最佳划分值：', 10.0)
('叶子节点预测值：', -0.07641535998980958)
('叶子节点预测值：', -0.06846982399596487)
--树的深度：3
('----划分特征：', 'material')
------划分值:24.000,左节点损失:0.000,右节点损失:0.001,总损失:0.001
------划分值:25.000,左节点损失:0.000,右节点损失:0.001,总损失:0.001
------划分值:26.000,左节点损失:0.001,右节点损失:0.000,总损失:0.001
------划分值:27.000,左节点损失:0.001,右节点损失:0.000,总损失:0.001
------划分值:28.000,左节点损失:0.001,右节点损失:0.000,总损失:0.001
------划分值:29.000,左节点损失:0.001,右节点损失:0.000,总损失:0.001
------划分值:30.000,左节点损失:0.001,右节点损失:0.000,总损失:0.001
------划分值:31.000,左节点损失:0.001,右节点损失:0.000,总损失:0.001
------划分值:32.000,左节点损失:0.001,右节点损失:0.000,总损失:0.001
------划分值:33.000,左节点损失:0.001,右节点损失:0.000,总损失:0.001
('----划分特征：', 'location')
------划分值:13.000,左节点损失:0.000,右节点损失:0.001,总损失:0.001
------划分值:11.000,左节点损失:0.000,右节点损失:0.001,总损失:0.001
------划分值:18.000,左节点损失:0.000,右节点损失:0.001,总损失:0.001
------划分值:20.000,左节点损失:0.001,右节点损失:0.000,总损失:0.001
------划分值:22.000,左节点损失:0.001,右节点损失:0.000,总损失:0.001
------划分值:19.000,左节点损失:0.001,右节点损失:0.001,总损失:0.001
('----划分特征：', 'period')
------划分值:12.000,左节点损失:0.000,右节点损失:0.001,总损失:0.001
------划分值:24.000,左节点损失:0.001,右节点损失:0.000,总损失:0.001
('--最佳划分特征：', 'material')
('--最佳划分值：', 27.0)
('叶子节点预测值：', -0.07445576111800165)
('叶子节点预测值：', -0.07906584611555836)
--树的深度：2
('----划分特征：', 'material')
------划分值:24.000,左节点损失:0.000,右节点损失:0.001,总损失:0.001
------划分值:25.000,左节点损失:0.000,右节点损失:0.001,总损失:0.001
------划分值:26.000,左节点损失:0.001,右节点损失:0.001,总损失:0.001
------划分值:27.000,左节点损失:0.001,右节点损失:0.001,总损失:0.001
------划分值:28.000,左节点损失:0.001,右节点损失:0.001,总损失:0.001
------划分值:29.000,左节点损失:0.001,右节点损失:0.001,总损失:0.001
------划分值:30.000,左节点损失:0.001,右节点损失:0.001,总损失:0.001
------划分值:31.000,左节点损失:0.001,右节点损失:0.000,总损失:0.001
------划分值:32.000,左节点损失:0.001,右节点损失:0.000,总损失:0.001
------划分值:33.000,左节点损失:0.001,右节点损失:0.000,总损失:0.001
('----划分特征：', 'location')
------划分值:9.000,左节点损失:0.000,右节点损失:0.001,总损失:0.001
------划分值:7.000,左节点损失:0.000,右节点损失:0.001,总损失:0.001
------划分值:5.000,左节点损失:0.000,右节点损失:0.001,总损失:0.001
------划分值:13.000,左节点损失:0.001,右节点损失:0.000,总损失:0.001
------划分值:11.000,左节点损失:0.001,右节点损失:0.000,总损失:0.001
------划分值:10.000,左节点损失:0.000,右节点损失:0.001,总损失:0.001
------划分值:18.000,左节点损失:0.001,右节点损失:0.000,总损失:0.001
------划分值:20.000,左节点损失:0.001,右节点损失:0.000,总损失:0.001
------划分值:22.000,左节点损失:0.001,右节点损失:0.000,总损失:0.001
------划分值:19.000,左节点损失:0.001,右节点损失:0.000,总损失:0.001
('----划分特征：', 'period')
------划分值:48.000,左节点损失:0.000,右节点损失:0.001,总损失:0.001
------划分值:96.000,左节点损失:0.001,右节点损失:0.001,总损失:0.001
------划分值:192.000,左节点损失:0.001,右节点损失:0.000,总损失:0.001
------划分值:36.000,左节点损失:0.000,右节点损失:0.001,总损失:0.001
------划分值:72.000,左节点损失:0.001,右节点损失:0.001,总损失:0.001
------划分值:120.000,左节点损失:0.001,右节点损失:0.000,总损失:0.001
('--最佳划分特征：', 'location')
('--最佳划分值：', 11.0)
--树的深度：3
('----划分特征：', 'material')
------划分值:24.000,左节点损失:0.000,右节点损失:0.001,总损失:0.001
------划分值:25.000,左节点损失:0.000,右节点损失:0.001,总损失:0.001
------划分值:26.000,左节点损失:0.000,右节点损失:0.001,总损失:0.001
------划分值:27.000,左节点损失:0.000,右节点损失:0.001,总损失:0.001
------划分值:28.000,左节点损失:0.000,右节点损失:0.001,总损失:0.001
------划分值:29.000,左节点损失:0.000,右节点损失:0.001,总损失:0.001
------划分值:30.000,左节点损失:0.000,右节点损失:0.001,总损失:0.001
------划分值:31.000,左节点损失:0.000,右节点损失:0.000,总损失:0.001
------划分值:32.000,左节点损失:0.000,右节点损失:0.000,总损失:0.001
------划分值:33.000,左节点损失:0.001,右节点损失:0.000,总损失:0.001
('----划分特征：', 'location')
------划分值:9.000,左节点损失:0.000,右节点损失:0.001,总损失:0.001
------划分值:7.000,左节点损失:0.000,右节点损失:0.001,总损失:0.001
------划分值:5.000,左节点损失:0.000,右节点损失:0.001,总损失:0.001
------划分值:10.000,左节点损失:0.000,右节点损失:0.000,总损失:0.001
('----划分特征：', 'period')
------划分值:48.000,左节点损失:0.000,右节点损失:0.001,总损失:0.001
------划分值:96.000,左节点损失:0.000,右节点损失:0.000,总损失:0.001
------划分值:192.000,左节点损失:0.001,右节点损失:0.000,总损失:0.001
('--最佳划分特征：', 'location')
('--最佳划分值：', 10.0)
('叶子节点预测值：', -0.07949897514132472)
('叶子节点预测值：', -0.07552384402408989)
--树的深度：3
('----划分特征：', 'material')
------划分值:24.000,左节点损失:0.000,右节点损失:0.000,总损失:0.000
------划分值:25.000,左节点损失:0.000,右节点损失:0.000,总损失:0.000
------划分值:26.000,左节点损失:0.000,右节点损失:0.000,总损失:0.000
------划分值:27.000,左节点损失:0.000,右节点损失:0.000,总损失:0.000
------划分值:28.000,左节点损失:0.000,右节点损失:0.000,总损失:0.000
------划分值:29.000,左节点损失:0.000,右节点损失:0.000,总损失:0.000
------划分值:30.000,左节点损失:0.000,右节点损失:0.000,总损失:0.000
------划分值:31.000,左节点损失:0.000,右节点损失:0.000,总损失:0.000
------划分值:32.000,左节点损失:0.000,右节点损失:0.000,总损失:0.000
------划分值:33.000,左节点损失:0.000,右节点损失:0.000,总损失:0.000
('----划分特征：', 'location')
------划分值:13.000,左节点损失:0.000,右节点损失:0.000,总损失:0.000
------划分值:11.000,左节点损失:0.000,右节点损失:0.000,总损失:0.000
------划分值:18.000,左节点损失:0.000,右节点损失:0.000,总损失:0.000
------划分值:20.000,左节点损失:0.000,右节点损失:0.000,总损失:0.000
------划分值:22.000,左节点损失:0.000,右节点损失:0.000,总损失:0.000
------划分值:19.000,左节点损失:0.000,右节点损失:0.000,总损失:0.000
('----划分特征：', 'period')
------划分值:48.000,左节点损失:0.000,右节点损失:0.000,总损失:0.000
------划分值:96.000,左节点损失:0.000,右节点损失:0.000,总损失:0.000
------划分值:192.000,左节点损失:0.000,右节点损失:0.000,总损失:0.000
------划分值:36.000,左节点损失:0.000,右节点损失:0.000,总损失:0.000
------划分值:72.000,左节点损失:0.000,右节点损失:0.000,总损失:0.000
------划分值:120.000,左节点损失:0.000,右节点损失:0.000,总损失:0.000
('--最佳划分特征：', 'material')
('--最佳划分值：', 31.0)
('叶子节点预测值：', -0.07939735223199387)
('叶子节点预测值：', -0.08115778754202545)
第6棵树: mse_loss:0.0086
