-----------------------------构建第7颗树-----------------------------
--树的深度：0
('----划分特征：', 'material')
------划分值:0.000,左节点损失:0.000,右节点损失:12.969,总损失:12.969
------划分值:1.000,左节点损失:0.642,右节点损失:12.300,总损失:12.941
------划分值:2.000,左节点损失:0.771,右节点损失:12.183,总损失:12.955
------划分值:3.000,左节点损失:0.997,右节点损失:11.970,总损失:12.967
------划分值:4.000,左节点损失:1.618,右节点损失:11.343,总损失:12.961
------划分值:5.000,左节点损失:2.467,右节点损失:10.459,总损失:12.926
------划分值:6.000,左节点损失:3.475,右节点损失:9.385,总损失:12.860
------划分值:7.000,左节点损失:3.625,右节点损失:9.246,总损失:12.871
------划分值:8.000,左节点损失:3.728,右节点损失:9.168,总损失:12.896
------划分值:9.000,左节点损失:3.859,右节点损失:9.057,总损失:12.916
------划分值:10.000,左节点损失:4.165,右节点损失:8.755,总损失:12.921
------划分值:11.000,左节点损失:4.315,右节点损失:8.593,总损失:12.908
------划分值:12.000,左节点损失:4.476,右节点损失:8.432,总损失:12.908
------划分值:13.000,左节点损失:4.588,右节点损失:8.337,总损失:12.926
------划分值:14.000,左节点损失:4.878,右节点损失:8.037,总损失:12.915
------划分值:15.000,左节点损失:5.003,右节点损失:7.923,总损失:12.926
------划分值:16.000,左节点损失:5.078,右节点损失:7.840,总损失:12.919
------划分值:17.000,左节点损失:5.813,右节点损失:7.094,总损失:12.907
------划分值:18.000,左节点损失:6.886,右节点损失:5.905,总损失:12.790
------划分值:19.000,左节点损失:8.012,右节点损失:4.589,总损失:12.601
------划分值:20.000,左节点损失:8.777,右节点损失:3.644,总损失:12.421
------划分值:21.000,左节点损失:9.730,右节点损失:2.417,总损失:12.147
------划分值:22.000,左节点损失:10.458,右节点损失:1.907,总损失:12.365
------划分值:23.000,左节点损失:11.098,右节点损失:1.018,总损失:12.116
------划分值:24.000,左节点损失:11.771,右节点损失:0.006,总损失:11.777
------划分值:25.000,左节点损失:12.024,右节点损失:0.005,总损失:12.029
------划分值:26.000,左节点损失:12.255,右节点损失:0.004,总损失:12.258
------划分值:27.000,左节点损失:12.326,右节点损失:0.003,总损失:12.329
------划分值:28.000,左节点损失:12.401,右节点损失:0.003,总损失:12.404
------划分值:29.000,左节点损失:12.477,右节点损失:0.003,总损失:12.480
------划分值:30.000,左节点损失:12.549,右节点损失:0.003,总损失:12.552
------划分值:31.000,左节点损失:12.611,右节点损失:0.002,总损失:12.613
------划分值:32.000,左节点损失:12.687,右节点损失:0.002,总损失:12.689
------划分值:33.000,左节点损失:12.846,右节点损失:0.001,总损失:12.846
('----划分特征：', 'location')
------划分值:9.000,左节点损失:5.479,右节点损失:7.416,总损失:12.895
------划分值:7.000,左节点损失:4.206,右节点损失:8.750,总损失:12.956
------划分值:5.000,左节点损失:2.756,右节点损失:9.711,总损失:12.467
------划分值:13.000,左节点损失:8.001,右节点损失:4.793,总损失:12.794
------划分值:11.000,左节点损失:7.536,右节点损失:5.370,总损失:12.905
------划分值:10.000,左节点损失:6.974,右节点损失:5.955,总损失:12.930
------划分值:22.000,左节点损失:12.171,右节点损失:0.507,总损失:12.678
------划分值:20.000,左节点损失:11.636,右节点损失:1.020,总损失:12.656
------划分值:18.000,左节点损失:10.638,右节点损失:2.303,总损失:12.941
------划分值:21.000,左节点损失:12.152,右节点损失:0.570,总损失:12.723
------划分值:8.000,左节点损失:5.414,右节点损失:7.477,总损失:12.891
------划分值:12.000,左节点损失:7.982,右节点损失:4.831,总损失:12.812
------划分值:14.000,左节点损失:10.311,右节点损失:2.581,总损失:12.892
------划分值:16.000,左节点损失:10.318,右节点损失:2.576,总损失:12.894
------划分值:17.000,左节点损失:10.354,右节点损失:2.549,总损失:12.903
------划分值:19.000,左节点损失:11.079,右节点损失:1.889,总损失:12.968
------划分值:6.000,左节点损失:3.322,右节点损失:9.430,总损失:12.752
------划分值:2.000,左节点损失:0.051,右节点损失:12.884,总损失:12.936
------划分值:4.000,左节点损失:1.044,右节点损失:11.923,总损失:12.968
------划分值:3.000,左节点损失:0.336,右节点损失:12.530,总损失:12.866
------划分值:1.000,左节点损失:0.000,右节点损失:12.969,总损失:12.969
('----划分特征：', 'period')
------划分值:12.000,左节点损失:0.000,右节点损失:12.969,总损失:12.969
------划分值:24.000,左节点损失:4.301,右节点损失:8.445,总损失:12.746
------划分值:48.000,左节点损失:9.266,右节点损失:3.381,总损失:12.646
------划分值:96.000,左节点损失:11.058,右节点损失:1.564,总损失:12.623
------划分值:192.000,左节点损失:12.694,右节点损失:0.050,总损失:12.744
------划分值:120.000,左节点损失:12.632,右节点损失:0.103,总损失:12.735
------划分值:36.000,左节点损失:8.038,右节点损失:4.731,总损失:12.770
------划分值:72.000,左节点损失:11.045,右节点损失:1.568,总损失:12.613
('--最佳划分特征：', 'material')
('--最佳划分值：', 24.0)
--树的深度：1
('----划分特征：', 'material')
------划分值:0.000,左节点损失:0.000,右节点损失:11.771,总损失:11.771
------划分值:1.000,左节点损失:0.642,右节点损失:11.125,总损失:11.766
------划分值:2.000,左节点损失:0.771,右节点损失:11.000,总损失:11.771
------划分值:3.000,左节点损失:0.997,右节点损失:10.742,总损失:11.739
------划分值:4.000,左节点损失:1.618,右节点损失:10.146,总损失:11.764
------划分值:5.000,左节点损失:2.467,右节点损失:9.304,总损失:11.771
------划分值:6.000,左节点损失:3.475,右节点损失:8.287,总损失:11.762
------划分值:7.000,左节点损失:3.625,右节点损失:8.142,总损失:11.767
------划分值:8.000,左节点损失:3.728,右节点损失:8.043,总损失:11.771
------划分值:9.000,左节点损失:3.859,右节点损失:7.910,总损失:11.769
------划分值:10.000,左节点损失:4.165,右节点损失:7.599,总损失:11.764
------划分值:11.000,左节点损失:4.315,右节点损失:7.452,总损失:11.767
------划分值:12.000,左节点损失:4.476,右节点损失:7.289,总损失:11.764
------划分值:13.000,左节点损失:4.588,右节点损失:7.164,总损失:11.752
------划分值:14.000,左节点损失:4.878,右节点损失:6.876,总损失:11.754
------划分值:15.000,左节点损失:5.003,右节点损失:6.739,总损失:11.742
------划分值:16.000,左节点损失:5.078,右节点损失:6.667,总损失:11.745
------划分值:17.000,左节点损失:5.813,右节点损失:5.923,总损失:11.736
------划分值:18.000,左节点损失:6.886,右节点损失:4.881,总损失:11.767
------划分值:19.000,左节点损失:8.012,右节点损失:3.754,总损失:11.766
------划分值:20.000,左节点损失:8.777,右节点损失:2.969,总损失:11.746
------划分值:21.000,左节点损失:9.730,右节点损失:1.966,总损失:11.696
------划分值:22.000,左节点损失:10.458,右节点损失:1.312,总损失:11.770
------划分值:23.000,左节点损失:11.098,右节点损失:0.673,总损失:11.771
('----划分特征：', 'location')
------划分值:9.000,左节点损失:5.302,右节点损失:6.469,总损失:11.770
------划分值:7.000,左节点损失:4.140,右节点损失:7.615,总损失:11.756
------划分值:5.000,左节点损失:2.756,右节点损失:8.746,总损失:11.501
------划分值:13.000,左节点损失:7.423,右节点损失:4.088,总损失:11.511
------划分值:11.000,左节点损失:7.125,右节点损失:4.466,总损失:11.591
------划分值:10.000,左节点损失:6.707,右节点损失:5.062,总损失:11.768
------划分值:22.000,左节点损失:11.132,右节点损失:0.338,总损失:11.470
------划分值:20.000,左节点损失:10.704,右节点损失:0.761,总损失:11.465
------划分值:18.000,左节点损失:9.718,右节点损失:2.036,总损失:11.754
------划分值:21.000,左节点损失:11.108,右节点损失:0.420,总损失:11.529
------划分值:8.000,左节点损失:5.235,右节点损失:6.534,总损失:11.769
------划分值:12.000,左节点损失:7.398,右节点损失:4.149,总损失:11.547
------划分值:14.000,左节点损失:9.435,右节点损失:2.283,总损失:11.718
------划分值:16.000,左节点损失:9.440,右节点损失:2.277,总损失:11.717
------划分值:17.000,左节点损失:9.469,右节点损失:2.254,总损失:11.723
------划分值:19.000,左节点损失:10.045,右节点损失:1.726,总损失:11.771
------划分值:6.000,左节点损失:3.225,右节点损失:8.475,总损失:11.699
------划分值:2.000,左节点损失:0.051,右节点损失:11.711,总损失:11.763
------划分值:4.000,左节点损失:1.044,右节点损失:10.685,总损失:11.730
------划分值:3.000,左节点损失:0.336,右节点损失:11.221,总损失:11.556
------划分值:1.000,左节点损失:0.000,右节点损失:11.771,总损失:11.771
('----划分特征：', 'period')
------划分值:12.000,左节点损失:0.000,右节点损失:11.771,总损失:11.771
------划分值:24.000,左节点损失:3.874,右节点损失:7.699,总损失:11.573
------划分值:48.000,左节点损失:8.581,右节点损失:3.033,总损失:11.615
------划分值:96.000,左节点损失:10.059,右节点损失:1.445,总损失:11.504
------划分值:192.000,左节点损失:11.459,右节点损失:0.042,总损失:11.501
------划分值:120.000,左节点损失:11.407,右节点损失:0.093,总损失:11.500
------划分值:36.000,左节点损失:7.357,右节点损失:4.280,总损失:11.637
('--最佳划分特征：', 'location')
('--最佳划分值：', 20.0)
--树的深度：2
('----划分特征：', 'material')
------划分值:0.000,左节点损失:0.000,右节点损失:10.704,总损失:10.704
------划分值:1.000,左节点损失:0.582,右节点损失:10.117,总损失:10.698
------划分值:2.000,左节点损失:0.707,右节点损失:9.997,总损失:10.703
------划分值:3.000,左节点损失:0.919,右节点损失:9.761,总损失:10.680
------划分值:4.000,左节点损失:1.467,右节点损失:9.234,总损失:10.701
------划分值:5.000,左节点损失:2.327,右节点损失:8.374,总损失:10.700
------划分值:6.000,左节点损失:3.269,右节点损失:7.413,总损失:10.683
------划分值:7.000,左节点损失:3.416,右节点损失:7.272,总损失:10.689
------划分值:8.000,左节点损失:3.514,右节点损失:7.184,总损失:10.699
------划分值:9.000,左节点损失:3.640,右节点损失:7.064,总损失:10.703
------划分值:10.000,左节点损失:3.944,右节点损失:6.760,总损失:10.704
------划分值:11.000,左节点损失:4.095,右节点损失:6.608,总损失:10.703
------划分值:12.000,左节点损失:4.255,右节点损失:6.448,总损失:10.704
------划分值:13.000,左节点损失:4.364,右节点损失:6.339,总损失:10.703
------划分值:14.000,左节点损失:4.655,右节点损失:6.049,总损失:10.704
------划分值:15.000,左节点损失:4.777,右节点损失:5.925,总损失:10.702
------划分值:16.000,左节点损失:4.782,右节点损失:5.920,总损失:10.702
------划分值:17.000,左节点损失:5.469,右节点损失:5.229,总损失:10.698
------划分值:18.000,左节点损失:6.432,右节点损失:4.272,总损失:10.704
------划分值:19.000,左节点损失:7.393,右节点损失:3.303,总损失:10.696
------划分值:20.000,左节点损失:8.087,右节点损失:2.596,总损失:10.682
------划分值:21.000,左节点损失:8.986,右节点损失:1.656,总损失:10.642
------划分值:22.000,左节点损失:9.575,右节点损失:1.127,总损失:10.701
------划分值:23.000,左节点损失:10.156,右节点损失:0.542,总损失:10.698
('----划分特征：', 'location')
------划分值:9.000,左节点损失:5.302,右节点损失:5.349,总损失:10.651
------划分值:7.000,左节点损失:4.140,右节点损失:6.563,总损失:10.703
------划分值:5.000,左节点损失:2.756,右节点损失:7.548,总损失:10.303
------划分值:13.000,左节点损失:7.423,右节点损失:3.222,总损失:10.645
------划分值:11.000,左节点损失:7.125,右节点损失:3.545,总损失:10.670
------划分值:10.000,左节点损失:6.707,右节点损失:3.962,总损失:10.669
------划分值:18.000,左节点损失:9.718,右节点损失:0.871,总损失:10.590
------划分值:8.000,左节点损失:5.235,右节点损失:5.411,总损失:10.646
------划分值:12.000,左节点损失:7.398,右节点损失:3.264,总损失:10.661
------划分值:14.000,左节点损失:9.435,右节点损失:1.241,总损失:10.676
------划分值:16.000,左节点损失:9.440,右节点损失:1.233,总损失:10.673
------划分值:17.000,左节点损失:9.469,右节点损失:1.194,总损失:10.663
------划分值:19.000,左节点损失:10.045,右节点损失:0.008,总损失:10.053
------划分值:6.000,左节点损失:3.225,右节点损失:7.306,总损失:10.530
------划分值:2.000,左节点损失:0.051,右节点损失:10.633,总损失:10.685
------划分值:4.000,左节点损失:1.044,右节点损失:9.646,总损失:10.690
------划分值:3.000,左节点损失:0.336,右节点损失:10.212,总损失:10.548
------划分值:1.000,左节点损失:0.000,右节点损失:10.704,总损失:10.704
('----划分特征：', 'period')
------划分值:12.000,左节点损失:0.000,右节点损失:10.704,总损失:10.704
------划分值:24.000,左节点损失:3.490,右节点损失:7.076,总损失:10.567
------划分值:48.000,左节点损失:7.727,右节点损失:2.889,总损失:10.616
------划分值:96.000,左节点损失:9.137,右节点损失:1.385,总损失:10.522
------划分值:192.000,左节点损失:10.457,右节点损失:0.041,总损失:10.498
------划分值:120.000,左节点损失:10.406,右节点损失:0.093,总损失:10.499
------划分值:36.000,左节点损失:6.702,右节点损失:3.914,总损失:10.616
('--最佳划分特征：', 'location')
('--最佳划分值：', 19.0)
--树的深度：3
('----划分特征：', 'material')
------划分值:0.000,左节点损失:0.000,右节点损失:10.045,总损失:10.045
------划分值:1.000,左节点损失:0.582,右节点损失:9.462,总损失:10.044
------划分值:2.000,左节点损失:0.707,右节点损失:9.337,总损失:10.043
------划分值:3.000,左节点损失:0.919,右节点损失:9.075,总损失:9.994
------划分值:4.000,左节点损失:1.467,右节点损失:8.556,总损失:10.022
------划分值:5.000,左节点损失:2.327,右节点损失:7.717,总损失:10.043
------划分值:6.000,左节点损失:3.269,右节点损失:6.775,总损失:10.044
------划分值:7.000,左节点损失:3.416,右节点损失:6.628,总损失:10.045
------划分值:8.000,左节点损失:3.514,右节点损失:6.525,总损失:10.040
------划分值:9.000,左节点损失:3.640,右节点损失:6.389,总损失:10.029
------划分值:10.000,左节点损失:3.944,右节点损失:6.074,总损失:10.018
------划分值:11.000,左节点损失:4.095,右节点损失:5.928,总损失:10.023
------划分值:12.000,左节点损失:4.255,右节点损失:5.762,总损失:10.017
------划分值:13.000,左节点损失:4.364,右节点损失:5.630,总损失:9.994
------划分值:14.000,左节点损失:4.655,右节点损失:5.342,总损失:9.997
------划分值:15.000,左节点损失:4.777,右节点损失:5.196,总损失:9.973
------划分值:16.000,左节点损失:4.782,右节点损失:5.188,总损失:9.970
------划分值:17.000,左节点损失:5.386,右节点损失:4.583,总损失:9.969
------划分值:18.000,左节点损失:6.271,右节点损失:3.745,总损失:10.016
------划分值:19.000,左节点损失:7.150,右节点损失:2.889,总损失:10.039
------划分值:20.000,左节点损失:7.770,右节点损失:2.275,总损失:10.045
------划分值:21.000,左节点损失:8.565,右节点损失:1.462,总损失:10.027
------划分值:22.000,左节点损失:9.065,右节点损失:0.978,总损失:10.043
------划分值:23.000,左节点损失:9.560,右节点损失:0.485,总损失:10.044
('----划分特征：', 'location')
------划分值:9.000,左节点损失:5.302,右节点损失:4.742,总损失:10.044
------划分值:7.000,左节点损失:4.140,右节点损失:5.885,总损失:10.026
------划分值:5.000,左节点损失:2.756,右节点损失:7.009,总损失:9.765
------划分值:13.000,左节点损失:7.423,右节点损失:2.103,总损失:9.526
------划分值:11.000,左节点损失:7.125,右节点损失:2.633,总损失:9.758
------划分值:10.000,左节点损失:6.707,右节点损失:3.333,总损失:10.040
------划分值:18.000,左节点损失:9.718,右节点损失:0.256,总损失:9.974
------划分值:8.000,左节点损失:5.235,右节点损失:4.808,总损失:10.043
------划分值:12.000,左节点损失:7.398,右节点损失:2.220,总损失:9.617
------划分值:14.000,左节点损失:9.435,右节点损失:0.446,总损失:9.880
------划分值:16.000,左节点损失:9.440,右节点损失:0.424,总损失:9.864
------划分值:17.000,左节点损失:9.469,右节点损失:0.406,总损失:9.875
------划分值:6.000,左节点损失:3.225,右节点损失:6.744,总损失:9.969
------划分值:2.000,左节点损失:0.051,右节点损失:9.985,总损失:10.037
------划分值:4.000,左节点损失:1.044,右节点损失:8.955,总损失:10.000
------划分值:3.000,左节点损失:0.336,右节点损失:9.486,总损失:9.822
------划分值:1.000,左节点损失:0.000,右节点损失:10.045,总损失:10.045
('----划分特征：', 'period')
------划分值:12.000,左节点损失:0.000,右节点损失:10.045,总损失:10.045
------划分值:24.000,左节点损失:3.279,右节点损失:6.632,总损失:9.911
------划分值:48.000,左节点损失:6.966,右节点损失:2.889,总损失:9.855
------划分值:96.000,左节点损失:8.384,右节点损失:1.385,总损失:9.768
------划分值:192.000,左节点损失:9.742,右节点损失:0.041,总损失:9.783
------划分值:120.000,左节点损失:9.689,右节点损失:0.093,总损失:9.782
------划分值:36.000,左节点损失:6.253,右节点损失:3.694,总损失:9.946
('--最佳划分特征：', 'location')
('--最佳划分值：', 13.0)
('叶子节点预测值：', 0.001817580467742905)
('叶子节点预测值：', 0.06128451611023433)
--树的深度：3
('----划分特征：', 'material')
------划分值:16.000,左节点损失:0.000,右节点损失:0.008,总损失:0.008
------划分值:17.000,左节点损失:0.001,右节点损失:0.008,总损失:0.008
------划分值:18.000,左节点损失:0.002,右节点损失:0.006,总损失:0.008
------划分值:19.000,左节点损失:0.003,右节点损失:0.004,总损失:0.008
------划分值:20.000,左节点损失:0.004,右节点损失:0.004,总损失:0.008
------划分值:21.000,左节点损失:0.005,右节点损失:0.003,总损失:0.008
------划分值:22.000,左节点损失:0.006,右节点损失:0.002,总损失:0.008
------划分值:23.000,左节点损失:0.007,右节点损失:0.001,总损失:0.008
('----划分特征：', 'location')
------划分值:19.000,左节点损失:0.000,右节点损失:0.008,总损失:0.008
('----划分特征：', 'period')
------划分值:12.000,左节点损失:0.000,右节点损失:0.008,总损失:0.008
------划分值:24.000,左节点损失:0.002,右节点损失:0.002,总损失:0.004
------划分值:36.000,左节点损失:0.005,右节点损失:0.001,总损失:0.005
('--最佳划分特征：', 'period')
('--最佳划分值：', 24.0)
('叶子节点预测值：', -0.07637873389286241)
('叶子节点预测值：', -0.09456995964702906)
--树的深度：2
('----划分特征：', 'material')
------划分值:0.000,左节点损失:0.000,右节点损失:0.761,总损失:0.761
------划分值:3.000,左节点损失:0.049,右节点损失:0.712,总损失:0.761
------划分值:5.000,左节点损失:0.112,右节点损失:0.650,总损失:0.761
------划分值:15.000,左节点损失:0.165,右节点损失:0.597,总损失:0.761
------划分值:16.000,左节点损失:0.225,右节点损失:0.536,总损失:0.761
------划分值:17.000,左节点损失:0.263,右节点损失:0.494,总损失:0.757
------划分值:18.000,左节点损失:0.302,右节点损失:0.459,总损失:0.761
------划分值:19.000,左节点损失:0.372,右节点损失:0.367,总损失:0.739
------划分值:20.000,左节点损失:0.393,右节点损失:0.323,总损失:0.716
------划分值:21.000,左节点损失:0.431,右节点损失:0.275,总损失:0.706
------划分值:22.000,左节点损失:0.665,右节点损失:0.089,总损失:0.755
------划分值:23.000,左节点损失:0.699,右节点损失:0.048,总损失:0.747
('----划分特征：', 'location')
------划分值:22.000,左节点损失:0.361,右节点损失:0.338,总损失:0.698
------划分值:20.000,左节点损失:0.000,右节点损失:0.761,总损失:0.761
------划分值:21.000,左节点损失:0.316,右节点损失:0.420,总损失:0.736
('----划分特征：', 'period')
------划分值:12.000,左节点损失:0.000,右节点损失:0.761,总损失:0.761
------划分值:24.000,左节点损失:0.236,右节点损失:0.465,总损失:0.701
------划分值:48.000,左节点损失:0.609,右节点损失:0.130,总损失:0.739
------划分值:96.000,左节点损失:0.659,右节点损失:0.058,总损失:0.718
------划分值:192.000,左节点损失:0.725,右节点损失:0.000,总损失:0.726
------划分值:36.000,左节点损失:0.407,右节点损失:0.302,总损失:0.709
('--最佳划分特征：', 'location')
('--最佳划分值：', 22.0)
--树的深度：3
('----划分特征：', 'material')
------划分值:0.000,左节点损失:0.000,右节点损失:0.361,总损失:0.361
------划分值:3.000,左节点损失:0.010,右节点损失:0.342,总损失:0.353
------划分值:5.000,左节点损失:0.025,右节点损失:0.320,总损失:0.345
------划分值:15.000,左节点损失:0.038,右节点损失:0.300,总损失:0.338
------划分值:16.000,左节点损失:0.051,右节点损失:0.269,总损失:0.320
------划分值:17.000,左节点损失:0.092,右节点损失:0.244,总损失:0.336
------划分值:18.000,左节点损失:0.124,右节点损失:0.229,总损失:0.353
------划分值:19.000,左节点损失:0.180,右节点损失:0.181,总损失:0.361
------划分值:20.000,左节点损失:0.212,右节点损失:0.143,总损失:0.355
------划分值:21.000,左节点损失:0.244,右节点损失:0.097,总损失:0.341
------划分值:22.000,左节点损失:0.314,右节点损失:0.045,总损失:0.359
------划分值:23.000,左节点损失:0.340,右节点损失:0.019,总损失:0.359
('----划分特征：', 'location')
------划分值:20.000,左节点损失:0.000,右节点损失:0.361,总损失:0.361
------划分值:21.000,左节点损失:0.316,右节点损失:0.014,总损失:0.330
('----划分特征：', 'period')
------划分值:12.000,左节点损失:0.000,右节点损失:0.361,总损失:0.361
------划分值:24.000,左节点损失:0.083,右节点损失:0.094,总损失:0.177
------划分值:48.000,左节点损失:0.275,右节点损失:0.007,总损失:0.282
------划分值:96.000,左节点损失:0.291,右节点损失:0.001,总损失:0.292
------划分值:192.000,左节点损失:0.335,右节点损失:0.000,总损失:0.335
------划分值:36.000,左节点损失:0.191,右节点损失:0.043,总损失:0.234
('--最佳划分特征：', 'period')
('--最佳划分值：', 24.0)
('叶子节点预测值：', 0.10306951904046148)
('叶子节点预测值：', 0.004249723374939922)
--树的深度：3
('----划分特征：', 'material')
------划分值:0.000,左节点损失:0.000,右节点损失:0.338,总损失:0.338
------划分值:3.000,左节点损失:0.007,右节点损失:0.323,总损失:0.330
------划分值:5.000,左节点损失:0.022,右节点损失:0.298,总损失:0.321
------划分值:15.000,左节点损失:0.029,右节点损失:0.278,总损失:0.307
------划分值:16.000,左节点损失:0.035,右节点损失:0.260,总损失:0.295
------划分值:17.000,左节点损失:0.099,右节点损失:0.236,总损失:0.334
------划分值:18.000,左节点损失:0.103,右节点损失:0.222,总损失:0.325
------划分值:19.000,左节点损失:0.111,右节点损失:0.184,总损失:0.296
------划分值:20.000,左节点损失:0.114,右节点损失:0.177,总损失:0.292
------划分值:21.000,左节点损失:0.138,右节点损失:0.171,总损失:0.309
------划分值:22.000,左节点损失:0.307,右节点损失:0.020,总损失:0.327
------划分值:23.000,左节点损失:0.311,右节点损失:0.001,总损失:0.312
('----划分特征：', 'location')
------划分值:22.000,左节点损失:0.000,右节点损失:0.338,总损失:0.338
('----划分特征：', 'period')
------划分值:12.000,左节点损失:0.000,右节点损失:0.338,总损失:0.338
------划分值:24.000,左节点损失:0.124,右节点损失:0.201,总损失:0.325
------划分值:48.000,左节点损失:0.314,右节点损失:0.012,总损失:0.326
------划分值:96.000,左节点损失:0.332,右节点损失:0.005,总损失:0.337
------划分值:36.000,左节点损失:0.216,右节点损失:0.120,总损失:0.335
('--最佳划分特征：', 'material')
('--最佳划分值：', 20.0)
('叶子节点预测值：', 0.09144735549036831)
('叶子节点预测值：', 0.03791110817469006)
--树的深度：1
('----划分特征：', 'material')
------划分值:24.000,左节点损失:0.000,右节点损失:0.006,总损失:0.006
------划分值:25.000,左节点损失:0.001,右节点损失:0.005,总损失:0.006
------划分值:26.000,左节点损失:0.002,右节点损失:0.004,总损失:0.006
------划分值:27.000,左节点损失:0.003,右节点损失:0.003,总损失:0.006
------划分值:28.000,左节点损失:0.003,右节点损失:0.003,总损失:0.006
------划分值:29.000,左节点损失:0.003,右节点损失:0.003,总损失:0.006
------划分值:30.000,左节点损失:0.003,右节点损失:0.003,总损失:0.006
------划分值:31.000,左节点损失:0.004,右节点损失:0.002,总损失:0.006
------划分值:32.000,左节点损失:0.004,右节点损失:0.002,总损失:0.006
------划分值:33.000,左节点损失:0.005,右节点损失:0.001,总损失:0.006
('----划分特征：', 'location')
------划分值:9.000,左节点损失:0.001,右节点损失:0.005,总损失:0.006
------划分值:7.000,左节点损失:0.000,右节点损失:0.006,总损失:0.006
------划分值:5.000,左节点损失:0.000,右节点损失:0.006,总损失:0.006
------划分值:13.000,左节点损失:0.004,右节点损失:0.002,总损失:0.006
------划分值:11.000,左节点损失:0.004,右节点损失:0.002,总损失:0.006
------划分值:10.000,左节点损失:0.001,右节点损失:0.005,总损失:0.006
------划分值:18.000,左节点损失:0.005,右节点损失:0.001,总损失:0.006
------划分值:20.000,左节点损失:0.005,右节点损失:0.001,总损失:0.006
------划分值:22.000,左节点损失:0.006,右节点损失:0.000,总损失:0.006
------划分值:19.000,左节点损失:0.005,右节点损失:0.001,总损失:0.006
('----划分特征：', 'period')
------划分值:12.000,左节点损失:0.000,右节点损失:0.006,总损失:0.006
------划分值:24.000,左节点损失:0.003,右节点损失:0.002,总损失:0.006
------划分值:48.000,左节点损失:0.004,右节点损失:0.001,总损失:0.006
------划分值:96.000,左节点损失:0.005,右节点损失:0.001,总损失:0.006
------划分值:192.000,左节点损失:0.006,右节点损失:0.000,总损失:0.006
------划分值:36.000,左节点损失:0.004,右节点损失:0.001,总损失:0.006
------划分值:72.000,左节点损失:0.005,右节点损失:0.001,总损失:0.006
------划分值:120.000,左节点损失:0.006,右节点损失:0.000,总损失:0.006
('--最佳划分特征：', 'period')
('--最佳划分值：', 24.0)
--树的深度：2
('----划分特征：', 'material')
------划分值:24.000,左节点损失:0.000,右节点损失:0.003,总损失:0.003
------划分值:25.000,左节点损失:0.001,右节点损失:0.002,总损失:0.003
------划分值:26.000,左节点损失:0.001,右节点损失:0.002,总损失:0.003
------划分值:27.000,左节点损失:0.001,右节点损失:0.002,总损失:0.003
------划分值:28.000,左节点损失:0.001,右节点损失:0.002,总损失:0.003
------划分值:29.000,左节点损失:0.001,右节点损失:0.002,总损失:0.003
------划分值:30.000,左节点损失:0.002,右节点损失:0.002,总损失:0.003
------划分值:31.000,左节点损失:0.002,右节点损失:0.001,总损失:0.003
------划分值:32.000,左节点损失:0.002,右节点损失:0.001,总损失:0.003
------划分值:33.000,左节点损失:0.003,右节点损失:0.000,总损失:0.003
('----划分特征：', 'location')
------划分值:9.000,左节点损失:0.000,右节点损失:0.003,总损失:0.003
------划分值:7.000,左节点损失:0.000,右节点损失:0.003,总损失:0.003
------划分值:5.000,左节点损失:0.000,右节点损失:0.003,总损失:0.003
------划分值:13.000,左节点损失:0.002,右节点损失:0.001,总损失:0.003
------划分值:11.000,左节点损失:0.002,右节点损失:0.001,总损失:0.003
------划分值:10.000,左节点损失:0.000,右节点损失:0.003,总损失:0.003
------划分值:18.000,左节点损失:0.002,右节点损失:0.001,总损失:0.003
------划分值:20.000,左节点损失:0.003,右节点损失:0.000,总损失:0.003
------划分值:22.000,左节点损失:0.003,右节点损失:0.000,总损失:0.003
------划分值:19.000,左节点损失:0.003,右节点损失:0.001,总损失:0.003
('----划分特征：', 'period')
------划分值:12.000,左节点损失:0.000,右节点损失:0.003,总损失:0.003
('--最佳划分特征：', 'location')
('--最佳划分值：', 11.0)
--树的深度：3
('----划分特征：', 'material')
------划分值:24.000,左节点损失:0.000,右节点损失:0.002,总损失:0.002
------划分值:25.000,左节点损失:0.000,右节点损失:0.001,总损失:0.002
------划分值:26.000,左节点损失:0.000,右节点损失:0.001,总损失:0.002
------划分值:27.000,左节点损失:0.000,右节点损失:0.001,总损失:0.002
------划分值:28.000,左节点损失:0.000,右节点损失:0.001,总损失:0.002
------划分值:29.000,左节点损失:0.000,右节点损失:0.001,总损失:0.002
------划分值:30.000,左节点损失:0.000,右节点损失:0.001,总损失:0.002
------划分值:31.000,左节点损失:0.001,右节点损失:0.001,总损失:0.002
------划分值:32.000,左节点损失:0.001,右节点损失:0.001,总损失:0.002
------划分值:33.000,左节点损失:0.001,右节点损失:0.000,总损失:0.002
('----划分特征：', 'location')
------划分值:9.000,左节点损失:0.000,右节点损失:0.001,总损失:0.002
------划分值:7.000,左节点损失:0.000,右节点损失:0.002,总损失:0.002
------划分值:5.000,左节点损失:0.000,右节点损失:0.002,总损失:0.002
------划分值:10.000,左节点损失:0.000,右节点损失:0.001,总损失:0.001
('----划分特征：', 'period')
------划分值:12.000,左节点损失:0.000,右节点损失:0.002,总损失:0.002
('--最佳划分特征：', 'location')
('--最佳划分值：', 10.0)
('叶子节点预测值：', -0.0676083906574953)
('叶子节点预测值：', -0.059237780818243393)
--树的深度：3
('----划分特征：', 'material')
------划分值:24.000,左节点损失:0.000,右节点损失:0.001,总损失:0.001
------划分值:25.000,左节点损失:0.000,右节点损失:0.001,总损失:0.001
------划分值:26.000,左节点损失:0.001,右节点损失:0.000,总损失:0.001
------划分值:27.000,左节点损失:0.001,右节点损失:0.000,总损失:0.001
------划分值:28.000,左节点损失:0.001,右节点损失:0.000,总损失:0.001
------划分值:29.000,左节点损失:0.001,右节点损失:0.000,总损失:0.001
------划分值:30.000,左节点损失:0.001,右节点损失:0.000,总损失:0.001
------划分值:31.000,左节点损失:0.001,右节点损失:0.000,总损失:0.001
------划分值:32.000,左节点损失:0.001,右节点损失:0.000,总损失:0.001
------划分值:33.000,左节点损失:0.001,右节点损失:0.000,总损失:0.001
('----划分特征：', 'location')
------划分值:13.000,左节点损失:0.000,右节点损失:0.001,总损失:0.001
------划分值:11.000,左节点损失:0.000,右节点损失:0.001,总损失:0.001
------划分值:18.000,左节点损失:0.000,右节点损失:0.001,总损失:0.001
------划分值:20.000,左节点损失:0.001,右节点损失:0.000,总损失:0.001
------划分值:22.000,左节点损失:0.001,右节点损失:0.000,总损失:0.001
------划分值:19.000,左节点损失:0.001,右节点损失:0.001,总损失:0.001
('----划分特征：', 'period')
------划分值:12.000,左节点损失:0.000,右节点损失:0.001,总损失:0.001
('--最佳划分特征：', 'material')
('--最佳划分值：', 27.0)
('叶子节点预测值：', -0.06591103037472967)
('叶子节点预测值：', -0.0707338262935454)
--树的深度：2
('----划分特征：', 'material')
------划分值:24.000,左节点损失:0.000,右节点损失:0.002,总损失:0.002
------划分值:25.000,左节点损失:0.000,右节点损失:0.002,总损失:0.002
------划分值:26.000,左节点损失:0.001,右节点损失:0.002,总损失:0.002
------划分值:27.000,左节点损失:0.001,右节点损失:0.001,总损失:0.002
------划分值:28.000,左节点损失:0.001,右节点损失:0.001,总损失:0.002
------划分值:29.000,左节点损失:0.001,右节点损失:0.001,总损失:0.002
------划分值:30.000,左节点损失:0.001,右节点损失:0.001,总损失:0.002
------划分值:31.000,左节点损失:0.002,右节点损失:0.001,总损失:0.002
------划分值:32.000,左节点损失:0.002,右节点损失:0.001,总损失:0.002
------划分值:33.000,左节点损失:0.002,右节点损失:0.000,总损失:0.002
('----划分特征：', 'location')
------划分值:9.000,左节点损失:0.000,右节点损失:0.002,总损失:0.002
------划分值:7.000,左节点损失:0.000,右节点损失:0.002,总损失:0.002
------划分值:5.000,左节点损失:0.000,右节点损失:0.002,总损失:0.002
------划分值:13.000,左节点损失:0.002,右节点损失:0.001,总损失:0.002
------划分值:11.000,左节点损失:0.001,右节点损失:0.001,总损失:0.002
------划分值:10.000,左节点损失:0.000,右节点损失:0.002,总损失:0.002
------划分值:18.000,左节点损失:0.002,右节点损失:0.000,总损失:0.002
------划分值:20.000,左节点损失:0.002,右节点损失:0.000,总损失:0.002
------划分值:22.000,左节点损失:0.002,右节点损失:0.000,总损失:0.002
------划分值:19.000,左节点损失:0.002,右节点损失:0.000,总损失:0.002
('----划分特征：', 'period')
------划分值:24.000,左节点损失:0.000,右节点损失:0.002,总损失:0.002
------划分值:48.000,左节点损失:0.001,右节点损失:0.001,总损失:0.002
------划分值:96.000,左节点损失:0.002,右节点损失:0.001,总损失:0.002
------划分值:192.000,左节点损失:0.002,右节点损失:0.000,总损失:0.002
------划分值:36.000,左节点损失:0.001,右节点损失:0.001,总损失:0.002
------划分值:72.000,左节点损失:0.002,右节点损失:0.001,总损失:0.002
------划分值:120.000,左节点损失:0.002,右节点损失:0.000,总损失:0.002
('--最佳划分特征：', 'location')
('--最佳划分值：', 11.0)
--树的深度：3
('----划分特征：', 'material')
------划分值:24.000,左节点损失:0.000,右节点损失:0.001,总损失:0.001
------划分值:25.000,左节点损失:0.000,右节点损失:0.001,总损失:0.001
------划分值:26.000,左节点损失:0.000,右节点损失:0.001,总损失:0.001
------划分值:27.000,左节点损失:0.000,右节点损失:0.001,总损失:0.001
------划分值:28.000,左节点损失:0.000,右节点损失:0.001,总损失:0.001
------划分值:29.000,左节点损失:0.000,右节点损失:0.001,总损失:0.001
------划分值:30.000,左节点损失:0.000,右节点损失:0.001,总损失:0.001
------划分值:31.000,左节点损失:0.001,右节点损失:0.000,总损失:0.001
------划分值:32.000,左节点损失:0.001,右节点损失:0.000,总损失:0.001
------划分值:33.000,左节点损失:0.001,右节点损失:0.000,总损失:0.001
('----划分特征：', 'location')
------划分值:9.000,左节点损失:0.000,右节点损失:0.001,总损失:0.001
------划分值:7.000,左节点损失:0.000,右节点损失:0.001,总损失:0.001
------划分值:5.000,左节点损失:0.000,右节点损失:0.001,总损失:0.001
------划分值:10.000,左节点损失:0.000,右节点损失:0.001,总损失:0.001
('----划分特征：', 'period')
------划分值:24.000,左节点损失:0.000,右节点损失:0.001,总损失:0.001
------划分值:48.000,左节点损失:0.001,右节点损失:0.001,总损失:0.001
------划分值:96.000,左节点损失:0.001,右节点损失:0.000,总损失:0.001
------划分值:192.000,左节点损失:0.001,右节点损失:0.000,总损失:0.001
('--最佳划分特征：', 'location')
('--最佳划分值：', 10.0)
('叶子节点预测值：', -0.07101247085951548)
('叶子节点预测值：', -0.06698057030988405)
--树的深度：3
('----划分特征：', 'material')
------划分值:24.000,左节点损失:0.000,右节点损失:0.001,总损失:0.001
------划分值:25.000,左节点损失:0.000,右节点损失:0.001,总损失:0.001
------划分值:26.000,左节点损失:0.000,右节点损失:0.000,总损失:0.001
------划分值:27.000,左节点损失:0.000,右节点损失:0.000,总损失:0.001
------划分值:28.000,左节点损失:0.000,右节点损失:0.000,总损失:0.001
------划分值:29.000,左节点损失:0.001,右节点损失:0.000,总损失:0.001
------划分值:30.000,左节点损失:0.001,右节点损失:0.000,总损失:0.001
------划分值:31.000,左节点损失:0.001,右节点损失:0.000,总损失:0.001
------划分值:32.000,左节点损失:0.001,右节点损失:0.000,总损失:0.001
------划分值:33.000,左节点损失:0.001,右节点损失:0.000,总损失:0.001
('----划分特征：', 'location')
------划分值:13.000,左节点损失:0.000,右节点损失:0.001,总损失:0.001
------划分值:11.000,左节点损失:0.000,右节点损失:0.001,总损失:0.001
------划分值:18.000,左节点损失:0.000,右节点损失:0.000,总损失:0.001
------划分值:20.000,左节点损失:0.001,右节点损失:0.000,总损失:0.001
------划分值:22.000,左节点损失:0.001,右节点损失:0.000,总损失:0.001
------划分值:19.000,左节点损失:0.000,右节点损失:0.000,总损失:0.001
('----划分特征：', 'period')
------划分值:24.000,左节点损失:0.000,右节点损失:0.001,总损失:0.001
------划分值:48.000,左节点损失:0.000,右节点损失:0.000,总损失:0.001
------划分值:96.000,左节点损失:0.001,右节点损失:0.000,总损失:0.001
------划分值:192.000,左节点损失:0.001,右节点损失:0.000,总损失:0.001
------划分值:36.000,左节点损失:0.000,右节点损失:0.000,总损失:0.001
------划分值:72.000,左节点损失:0.001,右节点损失:0.000,总损失:0.001
------划分值:120.000,左节点损失:0.001,右节点损失:0.000,总损失:0.001
('--最佳划分特征：', 'location')
('--最佳划分值：', 18.0)
('叶子节点预测值：', -0.07194064954353521)
('叶子节点预测值：', -0.0699959646647211)
第7棵树: mse_loss:0.0083
