-----------------------------构建第8颗树-----------------------------
--树的深度：0
('----划分特征：', 'material')
------划分值:0.000,左节点损失:0.000,右节点损失:12.405,总损失:12.405
------划分值:1.000,左节点损失:0.616,右节点损失:11.767,总损失:12.383
------划分值:2.000,左节点损失:0.743,右节点损失:11.652,总损失:12.395
------划分值:3.000,左节点损失:0.970,右节点损失:11.431,总损失:12.401
------划分值:4.000,左节点损失:1.571,右节点损失:10.830,总损失:12.402
------划分值:5.000,左节点损失:2.415,右节点损失:9.959,总损失:12.374
------划分值:6.000,左节点损失:3.394,右节点损失:8.928,总损失:12.322
------划分值:7.000,左节点损失:3.541,右节点损失:8.791,总损失:12.332
------划分值:8.000,左节点损失:3.642,右节点损失:8.712,总损失:12.354
------划分值:9.000,左节点损失:3.768,右节点损失:8.602,总损失:12.370
------划分值:10.000,左节点损失:4.068,右节点损失:8.307,总损失:12.375
------划分值:11.000,左节点损失:4.216,右节点损失:8.148,总损失:12.364
------划分值:12.000,左节点损失:4.375,右节点损失:7.991,总损失:12.365
------划分值:13.000,左节点损失:4.486,右节点损失:7.894,总损失:12.379
------划分值:14.000,左节点损失:4.771,右节点损失:7.600,总损失:12.371
------划分值:15.000,左节点损失:4.895,右节点损失:7.485,总损失:12.380
------划分值:16.000,左节点损失:4.963,右节点损失:7.413,总损失:12.376
------划分值:17.000,左节点损失:5.671,右节点损失:6.697,总损失:12.368
------划分值:18.000,左节点损失:6.709,右节点损失:5.567,总损失:12.275
------划分值:19.000,左节点损失:7.795,右节点损失:4.321,总损失:12.116
------划分值:20.000,左节点损失:8.533,右节点损失:3.429,总损失:11.962
------划分值:21.000,左节点损失:9.458,右节点损失:2.264,总损失:11.722
------划分值:22.000,左节点损失:10.175,右节点损失:1.754,总损失:11.929
------划分值:23.000,左节点损失:10.786,右节点损失:0.936,总损失:11.723
------划分值:24.000,左节点损失:11.434,右节点损失:0.006,总损失:11.440
------划分值:25.000,左节点损失:11.639,右节点损失:0.004,总损失:11.643
------划分值:26.000,左节点损失:11.826,右节点损失:0.004,总损失:11.829
------划分值:27.000,左节点损失:11.883,右节点损失:0.003,总损失:11.886
------划分值:28.000,左节点损失:11.944,右节点损失:0.003,总损失:11.947
------划分值:29.000,左节点损失:12.006,右节点损失:0.003,总损失:12.009
------划分值:30.000,左节点损失:12.064,右节点损失:0.003,总损失:12.067
------划分值:31.000,左节点损失:12.114,右节点损失:0.002,总损失:12.116
------划分值:32.000,左节点损失:12.176,右节点损失:0.002,总损失:12.178
------划分值:33.000,左节点损失:12.305,右节点损失:0.001,总损失:12.306
('----划分特征：', 'location')
------划分值:9.000,左节点损失:5.449,右节点损失:6.880,总损失:12.329
------划分值:7.000,左节点损失:4.194,右节点损失:8.198,总损失:12.392
------划分值:5.000,左节点损失:2.756,右节点损失:9.152,总损失:11.908
------划分值:13.000,左节点损失:7.891,右节点损失:4.372,总损失:12.264
------划分值:11.000,左节点损失:7.458,右节点损失:4.896,总损失:12.354
------划分值:10.000,左节点损失:6.928,右节点损失:5.434,总损失:12.362
------划分值:22.000,左节点损失:11.704,右节点损失:0.466,总损失:12.170
------划分值:20.000,左节点损失:11.237,右节点损失:0.915,总损失:12.152
------划分值:18.000,左节点损失:10.390,右节点损失:1.995,总损失:12.385
------划分值:21.000,左节点损失:11.686,右节点损失:0.524,总损失:12.209
------划分值:8.000,左节点损失:5.384,右节点损失:6.941,总损失:12.325
------划分值:12.000,左节点损失:7.871,右节点损失:4.409,总损失:12.280
------划分值:14.000,左节点损失:10.088,右节点损失:2.258,总损失:12.346
------划分值:16.000,左节点损失:10.094,右节点损失:2.252,总损失:12.346
------划分值:17.000,左节点损失:10.126,右节点损失:2.227,总损失:12.353
------划分值:19.000,左节点损失:10.784,右节点损失:1.620,总损失:12.405
------划分值:6.000,左节点损失:3.307,右节点损失:8.880,总损失:12.187
------划分值:2.000,左节点损失:0.051,右节点损失:12.321,总损失:12.373
------划分值:4.000,左节点损失:1.044,右节点损失:11.360,总损失:12.404
------划分值:3.000,左节点损失:0.336,右节点损失:11.965,总损失:12.301
------划分值:1.000,左节点损失:0.000,右节点损失:12.405,总损失:12.405
('----划分特征：', 'period')
------划分值:12.000,左节点损失:0.000,右节点损失:12.405,总损失:12.405
------划分值:24.000,左节点损失:4.158,右节点损失:8.041,总损失:12.199
------划分值:48.000,左节点损失:8.891,右节点损失:3.210,总损失:12.101
------划分值:96.000,左节点损失:10.583,右节点损失:1.491,总损失:12.074
------划分值:192.000,左节点损失:12.140,右节点损失:0.045,总损失:12.184
------划分值:120.000,左节点损失:12.079,右节点损失:0.096,总损失:12.175
------划分值:36.000,左节点损失:7.748,右节点损失:4.471,总损失:12.218
------划分值:72.000,左节点损失:10.572,右节点损失:1.494,总损失:12.066
('--最佳划分特征：', 'material')
('--最佳划分值：', 24.0)
--树的深度：1
('----划分特征：', 'material')
------划分值:0.000,左节点损失:0.000,右节点损失:11.434,总损失:11.434
------划分值:1.000,左节点损失:0.616,右节点损失:10.814,总损失:11.431
------划分值:2.000,左节点损失:0.743,右节点损失:10.691,总损失:11.434
------划分值:3.000,左节点损失:0.970,右节点损失:10.430,总损失:11.400
------划分值:4.000,左节点损失:1.571,右节点损失:9.854,总损失:11.425
------划分值:5.000,左节点损失:2.415,右节点损失:9.019,总损失:11.434
------划分值:6.000,左节点损失:3.394,右节点损失:8.034,总损失:11.428
------划分值:7.000,左节点损失:3.541,右节点损失:7.891,总损失:11.432
------划分值:8.000,左节点损失:3.642,右节点损失:7.792,总损失:11.434
------划分值:9.000,左节点损失:3.768,右节点损失:7.662,总损失:11.430
------划分值:10.000,左节点损失:4.068,右节点损失:7.357,总损失:11.425
------划分值:11.000,左节点损失:4.216,右节点损失:7.211,总损失:11.428
------划分值:12.000,左节点损失:4.375,右节点损失:7.050,总损失:11.425
------划分值:13.000,左节点损失:4.486,右节点损失:6.926,总损失:11.411
------划分值:14.000,左节点损失:4.771,右节点损失:6.643,总损失:11.414
------划分值:15.000,左节点损失:4.895,右节点损失:6.505,总损失:11.400
------划分值:16.000,左节点损失:4.963,右节点损失:6.439,总损失:11.403
------划分值:17.000,左节点损失:5.671,右节点损失:5.721,总损失:11.393
------划分值:18.000,左节点损失:6.709,右节点损失:4.719,总损失:11.428
------划分值:19.000,左节点损失:7.795,右节点损失:3.636,总损失:11.432
------划分值:20.000,左节点损失:8.533,右节点损失:2.882,总损失:11.414
------划分值:21.000,左节点损失:9.458,右节点损失:1.909,总损失:11.367
------划分值:22.000,左节点损失:10.175,右节点损失:1.258,总损失:11.433
------划分值:23.000,左节点损失:10.786,右节点损失:0.648,总损失:11.434
('----划分特征：', 'location')
------划分值:9.000,左节点损失:5.302,右节点损失:6.129,总损失:11.431
------划分值:7.000,左节点损失:4.140,右节点损失:7.284,总损失:11.424
------划分值:5.000,左节点损失:2.756,右节点损失:8.391,总损失:11.147
------划分值:13.000,左节点损失:7.423,右节点损失:3.801,总损失:11.224
------划分值:11.000,左节点损失:7.125,右节点损失:4.164,总损失:11.289
------划分值:10.000,左节点损失:6.707,右节点损失:4.727,总损失:11.434
------划分值:22.000,左节点损失:10.861,右节点损失:0.329,总损失:11.190
------划分值:20.000,左节点损失:10.481,右节点损失:0.706,总损失:11.187
------划分值:18.000,左节点损失:9.641,右节点损失:1.782,总损失:11.423
------划分值:21.000,左节点损失:10.839,右节点损失:0.403,总损失:11.241
------划分值:8.000,左节点损失:5.235,右节点损失:6.194,总损失:11.429
------划分值:12.000,左节点损失:7.398,右节点损失:3.857,总损失:11.255
------划分值:14.000,左节点损失:9.376,右节点损失:2.019,总损失:11.394
------划分值:16.000,左节点损失:9.381,右节点损失:2.011,总损失:11.392
------划分值:17.000,左节点损失:9.408,右节点损失:1.989,总损失:11.397
------划分值:19.000,左节点损失:9.946,右节点损失:1.488,总损失:11.434
------划分值:6.000,左节点损失:3.225,右节点损失:8.125,总损失:11.350
------划分值:2.000,左节点损失:0.051,右节点损失:11.373,总损失:11.425
------划分值:4.000,左节点损失:1.044,右节点损失:10.354,总损失:11.398
------划分值:3.000,左节点损失:0.336,右节点损失:10.895,总损失:11.230
------划分值:1.000,左节点损失:0.000,右节点损失:11.434,总损失:11.434
('----划分特征：', 'period')
------划分值:12.000,左节点损失:0.000,右节点损失:11.434,总损失:11.434
------划分值:24.000,左节点损失:3.802,右节点损失:7.447,总损失:11.248
------划分值:48.000,左节点损失:8.326,右节点损失:2.948,总损失:11.274
------划分值:96.000,左节点损失:9.761,右节点损失:1.407,总损失:11.168
------划分值:192.000,左节点损失:11.130,右节点损失:0.040,总损失:11.170
------划分值:120.000,左节点损失:11.077,右节点损失:0.091,总损失:11.168
------划分值:36.000,左节点损失:7.186,右节点损失:4.117,总损失:11.303
('--最佳划分特征：', 'location')
('--最佳划分值：', 5.0)
--树的深度：2
('----划分特征：', 'material')
------划分值:16.000,左节点损失:0.000,右节点损失:2.756,总损失:2.756
------划分值:17.000,左节点损失:0.290,右节点损失:2.464,总损失:2.754
------划分值:18.000,左节点损失:0.748,右节点损失:2.007,总损失:2.755
------划分值:19.000,左节点损失:1.216,右节点损失:1.526,总损失:2.742
------划分值:20.000,左节点损失:1.501,右节点损失:1.242,总损失:2.743
------划分值:21.000,左节点损失:1.913,右节点损失:0.794,总损失:2.707
------划分值:22.000,左节点损失:2.177,右节点损失:0.566,总损失:2.743
------划分值:23.000,左节点损失:2.450,右节点损失:0.296,总损失:2.746
('----划分特征：', 'location')
------划分值:2.000,左节点损失:0.051,右节点损失:2.676,总损失:2.727
------划分值:4.000,左节点损失:1.044,右节点损失:0.157,总损失:1.201
------划分值:3.000,左节点损失:0.336,右节点损失:1.106,总损失:1.442
------划分值:1.000,左节点损失:0.000,右节点损失:2.756,总损失:2.756
('----划分特征：', 'period')
------划分值:12.000,左节点损失:0.000,右节点损失:2.756,总损失:2.756
------划分值:24.000,左节点损失:1.117,右节点损失:1.501,总损失:2.618
------划分值:36.000,左节点损失:2.124,右节点损失:0.537,总损失:2.661
('--最佳划分特征：', 'location')
('--最佳划分值：', 4.0)
--树的深度：3
('----划分特征：', 'material')
------划分值:16.000,左节点损失:0.000,右节点损失:1.044,总损失:1.044
------划分值:17.000,左节点损失:0.117,右节点损失:0.928,总损失:1.044
------划分值:18.000,左节点损失:0.317,右节点损失:0.726,总损失:1.042
------划分值:19.000,左节点损失:0.492,右节点损失:0.541,总损失:1.032
------划分值:20.000,左节点损失:0.690,右节点损失:0.311,总损失:1.002
------划分值:21.000,左节点损失:0.820,右节点损失:0.165,总损失:0.985
------划分值:22.000,左节点损失:0.910,右节点损失:0.114,总损失:1.024
------划分值:23.000,左节点损失:0.994,右节点损失:0.023,总损失:1.017
('----划分特征：', 'location')
------划分值:2.000,左节点损失:0.051,右节点损失:0.937,总损失:0.988
------划分值:3.000,左节点损失:0.336,右节点损失:0.447,总损失:0.783
------划分值:1.000,左节点损失:0.000,右节点损失:1.044,总损失:1.044
('----划分特征：', 'period')
------划分值:12.000,左节点损失:0.000,右节点损失:1.044,总损失:1.044
------划分值:24.000,左节点损失:0.578,右节点损失:0.375,总损失:0.953
------划分值:36.000,左节点损失:0.792,右节点损失:0.237,总损失:1.029
('--最佳划分特征：', 'location')
('--最佳划分值：', 3.0)
('叶子节点预测值：', -0.026752514115627055)
('叶子节点预测值：', 0.053690078249481035)
--树的深度：3
('----划分特征：', 'material')
------划分值:16.000,左节点损失:0.000,右节点损失:0.157,总损失:0.157
------划分值:17.000,左节点损失:0.008,右节点损失:0.143,总损失:0.151
------划分值:18.000,左节点损失:0.050,右节点损失:0.104,总损失:0.154
------划分值:19.000,左节点损失:0.126,右节点损失:0.030,总损失:0.156
------划分值:20.000,左节点损失:0.128,右节点损失:0.029,总损失:0.157
------划分值:21.000,左节点损失:0.135,右节点损失:0.020,总损失:0.155
------划分值:22.000,左节点损失:0.151,右节点损失:0.004,总损失:0.155
------划分值:23.000,左节点损失:0.152,右节点损失:0.002,总损失:0.154
('----划分特征：', 'location')
------划分值:4.000,左节点损失:0.000,右节点损失:0.157,总损失:0.157
('----划分特征：', 'period')
------划分值:12.000,左节点损失:0.000,右节点损失:0.157,总损失:0.157
------划分值:24.000,左节点损失:0.020,右节点损失:0.111,总损失:0.132
------划分值:36.000,左节点损失:0.057,右节点损失:0.039,总损失:0.097
('--最佳划分特征：', 'period')
('--最佳划分值：', 36.0)
('叶子节点预测值：', 0.20529342241375031)
('叶子节点预测值：', 0.1313763572899408)
--树的深度：2
('----划分特征：', 'material')
------划分值:0.000,左节点损失:0.000,右节点损失:8.391,总损失:8.391
------划分值:1.000,左节点损失:0.616,右节点损失:7.759,总损失:8.376
------划分值:2.000,左节点损失:0.743,右节点损失:7.643,总损失:8.386
------划分值:3.000,左节点损失:0.970,右节点损失:7.411,总损失:8.380
------划分值:4.000,左节点损失:1.571,右节点损失:6.819,总损失:8.391
------划分值:5.000,左节点损失:2.415,右节点损失:5.958,总损失:8.373
------划分值:6.000,左节点损失:3.394,右节点损失:4.938,总损失:8.332
------划分值:7.000,左节点损失:3.541,右节点损失:4.801,总损失:8.342
------划分值:8.000,左节点损失:3.642,右节点损失:4.720,总损失:8.361
------划分值:9.000,左节点损失:3.768,右节点损失:4.607,总损失:8.375
------划分值:10.000,左节点损失:4.068,右节点损失:4.312,总损失:8.379
------划分值:11.000,左节点损失:4.216,右节点损失:4.156,总损失:8.372
------划分值:12.000,左节点损失:4.375,右节点损失:3.999,总损失:8.374
------划分值:13.000,左节点损失:4.486,右节点损失:3.898,总损失:8.384
------划分值:14.000,左节点损失:4.771,右节点损失:3.608,总损失:8.379
------划分值:15.000,左节点损失:4.895,右节点损失:3.491,总损失:8.386
------划分值:16.000,左节点损失:4.963,右节点损失:3.420,总损失:8.383
------划分值:17.000,左节点损失:5.350,右节点损失:3.040,总损失:8.390
------划分值:18.000,左节点损失:5.864,右节点损失:2.515,总损失:8.379
------划分值:19.000,左节点损失:6.403,右节点损失:1.954,总损失:8.357
------划分值:20.000,左节点损失:6.838,右节点损失:1.487,总损失:8.325
------划分值:21.000,左节点损失:7.273,右节点损失:1.028,总损失:8.300
------划分值:22.000,左节点损失:7.715,右节点损失:0.675,总损失:8.390
------划分值:23.000,左节点损失:8.042,右节点损失:0.348,总损失:8.390
('----划分特征：', 'location')
------划分值:9.000,左节点损失:2.185,右节点损失:6.129,总损失:8.314
------划分值:7.000,左节点损失:0.684,右节点损失:7.284,总损失:7.968
------划分值:5.000,左节点损失:0.000,右节点损失:8.391,总损失:8.391
------划分值:13.000,左节点损失:4.135,右节点损失:3.801,总损失:7.935
------划分值:11.000,左节点损失:3.814,右节点损失:4.164,总损失:7.978
------划分值:10.000,左节点损失:3.578,右节点损失:4.727,总损失:8.305
------划分值:22.000,左节点损失:7.746,右节点损失:0.329,总损失:8.075
------划分值:20.000,左节点损失:7.316,右节点损失:0.706,总损失:8.022
------划分值:18.000,左节点损失:6.541,右节点损失:1.782,总损失:8.322
------划分值:21.000,左节点损失:7.727,右节点损失:0.403,总损失:8.130
------划分值:8.000,左节点损失:2.124,右节点损失:6.194,总损失:8.318
------划分值:12.000,左节点损失:4.117,右节点损失:3.857,总损失:7.974
------划分值:14.000,左节点损失:6.236,右节点损失:2.019,总损失:8.255
------划分值:16.000,左节点损失:6.242,右节点损失:2.011,总损失:8.253
------划分值:17.000,左节点损失:6.275,右节点损失:1.989,总损失:8.264
------划分值:19.000,左节点损失:6.891,右节点损失:1.488,总损失:8.379
------划分值:6.000,左节点损失:0.236,右节点损失:8.125,总损失:8.361
('----划分特征：', 'period')
------划分值:12.000,左节点损失:0.000,右节点损失:8.391,总损失:8.391
------划分值:24.000,左节点损失:2.467,右节点损失:5.849,总损失:8.316
------划分值:48.000,左节点损失:5.380,右节点损失:2.948,总损失:8.327
------划分值:96.000,左节点损失:6.817,右节点损失:1.407,总损失:8.223
------划分值:192.000,左节点损失:8.149,右节点损失:0.040,总损失:8.190
------划分值:120.000,左节点损失:8.098,右节点损失:0.091,总损失:8.189
------划分值:36.000,左节点损失:4.786,右节点损失:3.560,总损失:8.346
('--最佳划分特征：', 'location')
('--最佳划分值：', 13.0)
--树的深度：3
('----划分特征：', 'material')
------划分值:0.000,左节点损失:0.000,右节点损失:4.135,总损失:4.135
------划分值:1.000,左节点损失:0.167,右节点损失:3.966,总损失:4.133
------划分值:2.000,左节点损失:0.243,右节点损失:3.890,总损失:4.133
------划分值:3.000,左节点损失:0.370,右节点损失:3.749,总损失:4.118
------划分值:4.000,左节点损失:0.589,右节点损失:3.542,总损失:4.131
------划分值:5.000,左节点损失:1.126,右节点损失:3.007,总损失:4.133
------划分值:6.000,左节点损失:1.442,右节点损失:2.686,总损失:4.128
------划分值:7.000,左节点损失:1.513,右节点损失:2.616,总损失:4.129
------划分值:8.000,左节点损失:1.560,右节点损失:2.572,总损失:4.132
------划分值:9.000,左节点损失:1.621,右节点损失:2.513,总损失:4.134
------划分值:10.000,左节点损失:1.773,右节点损失:2.361,总损失:4.134
------划分值:11.000,左节点损失:1.904,右节点损失:2.225,总损失:4.129
------划分值:12.000,左节点损失:2.007,右节点损失:2.120,总损失:4.127
------划分值:13.000,左节点损失:2.072,右节点损失:2.058,总损失:4.130
------划分值:14.000,左节点损失:2.261,右节点损失:1.862,总损失:4.123
------划分值:16.000,左节点损失:2.340,右节点损失:1.784,总损失:4.124
------划分值:17.000,左节点损失:2.580,右节点损失:1.551,总损失:4.131
------划分值:18.000,左节点损失:2.868,右节点损失:1.258,总损失:4.126
------划分值:19.000,左节点损失:3.121,右节点损失:1.007,总损失:4.128
------划分值:20.000,左节点损失:3.391,右节点损失:0.729,总损失:4.119
------划分值:21.000,左节点损失:3.648,右节点损失:0.466,总损失:4.114
------划分值:22.000,左节点损失:3.827,右节点损失:0.303,总损失:4.130
------划分值:23.000,左节点损失:3.983,右节点损失:0.149,总损失:4.132
('----划分特征：', 'location')
------划分值:9.000,左节点损失:2.185,右节点损失:1.938,总损失:4.123
------划分值:7.000,左节点损失:0.684,右节点损失:3.264,总损失:3.948
------划分值:5.000,左节点损失:0.000,右节点损失:4.135,总损失:4.135
------划分值:11.000,左节点损失:3.814,右节点损失:0.298,总损失:4.111
------划分值:10.000,左节点损失:3.578,右节点损失:0.506,总损失:4.084
------划分值:8.000,左节点损失:2.124,右节点损失:2.000,总损失:4.124
------划分值:12.000,左节点损失:4.117,右节点损失:0.017,总损失:4.134
------划分值:6.000,左节点损失:0.236,右节点损失:3.898,总损失:4.133
('----划分特征：', 'period')
------划分值:12.000,左节点损失:0.000,右节点损失:4.135,总损失:4.135
------划分值:24.000,左节点损失:1.635,右节点损失:2.347,总损失:3.982
------划分值:48.000,左节点损失:2.899,右节点损失:1.100,总损失:3.999
------划分值:96.000,左节点损失:3.448,右节点损失:0.553,总损失:4.001
------划分值:192.000,左节点损失:4.024,右节点损失:0.025,总损失:4.049
('--最佳划分特征：', 'location')
('--最佳划分值：', 7.0)
('叶子节点预测值：', -0.040903709952763156)
('叶子节点预测值：', -0.002885350016581064)
--树的深度：3
('----划分特征：', 'material')
------划分值:0.000,左节点损失:0.000,右节点损失:3.801,总损失:3.801
------划分值:1.000,左节点损失:0.259,右节点损失:3.446,总损失:3.705
------划分值:2.000,左节点损失:0.297,右节点损失:3.416,总损失:3.713
------划分值:3.000,左节点损失:0.449,右节点损失:3.330,总损失:3.779
------划分值:4.000,左节点损失:0.764,右节点损失:2.994,总损失:3.758
------划分值:5.000,左节点损失:1.030,右节点损失:2.676,总损失:3.706
------划分值:6.000,左节点损失:1.542,右节点损失:2.068,总损失:3.611
------划分值:7.000,左节点损失:1.595,右节点损失:2.013,总损失:3.608
------划分值:8.000,左节点损失:1.639,右节点损失:1.985,总损失:3.624
------划分值:9.000,左节点损失:1.685,右节点损失:1.947,总损失:3.631
------划分值:10.000,左节点损失:1.779,右节点损失:1.828,总损失:3.607
------划分值:11.000,左节点损失:1.809,右节点损失:1.795,总损失:3.604
------划分值:12.000,左节点损失:1.852,右节点损失:1.747,总损失:3.599
------划分值:13.000,左节点损失:1.898,右节点损失:1.720,总损失:3.618
------划分值:14.000,左节点损失:1.970,右节点损失:1.624,总损失:3.594
------划分值:15.000,左节点损失:2.017,右节点损失:1.590,总损失:3.607
------划分值:16.000,左节点损失:2.103,右节点损失:1.524,总损失:3.627
------划分值:17.000,左节点损失:2.312,右节点损失:1.393,总损失:3.705
------划分值:18.000,左节点损失:2.496,右节点损失:1.185,总损失:3.681
------划分值:19.000,左节点损失:2.715,右节点损失:0.915,总损失:3.630
------划分值:20.000,左节点损失:2.867,右节点损失:0.735,总损失:3.602
------划分值:21.000,左节点损失:3.057,右节点损失:0.549,总损失:3.606
------划分值:22.000,左节点损失:3.475,右节点损失:0.324,总损失:3.798
------划分值:23.000,左节点损失:3.632,右节点损失:0.169,总损失:3.801
('----划分特征：', 'location')
------划分值:13.000,左节点损失:0.000,右节点损失:3.801,总损失:3.801
------划分值:22.000,左节点损失:3.348,右节点损失:0.329,总损失:3.677
------划分值:20.000,左节点损失:3.010,右节点损失:0.706,总损失:3.716
------划分值:18.000,左节点损失:1.795,右节点损失:1.782,总损失:3.576
------划分值:21.000,左节点损失:3.316,右节点损失:0.403,总损失:3.719
------划分值:14.000,左节点损失:1.631,右节点损失:2.019,总损失:3.650
------划分值:16.000,左节点损失:1.671,右节点损失:2.011,总损失:3.682
------划分值:17.000,左节点损失:1.691,右节点损失:1.989,总损失:3.680
------划分值:19.000,左节点损失:2.103,右节点损失:1.488,总损失:3.591
('----划分特征：', 'period')
------划分值:12.000,左节点损失:0.000,右节点损失:3.801,总损失:3.801
------划分值:24.000,左节点损失:0.820,右节点损失:2.976,总损失:3.796
------划分值:48.000,左节点损失:2.411,右节点损失:1.214,总损失:3.625
------划分值:96.000,左节点损失:3.161,右节点损失:0.622,总损失:3.783
------划分值:192.000,左节点损失:3.758,右节点损失:0.015,总损失:3.773
------划分值:120.000,左节点损失:3.701,右节点损失:0.064,总损失:3.765
------划分值:36.000,左节点损失:1.805,右节点损失:1.970,总损失:3.775
('--最佳划分特征：', 'location')
('--最佳划分值：', 18.0)
('叶子节点预测值：', 0.07003336799134043)
('叶子节点预测值：', 0.015630458716773647)
--树的深度：1
('----划分特征：', 'material')
------划分值:24.000,左节点损失:0.000,右节点损失:0.006,总损失:0.006
------划分值:25.000,左节点损失:0.001,右节点损失:0.004,总损失:0.006
------划分值:26.000,左节点损失:0.002,右节点损失:0.004,总损失:0.006
------划分值:27.000,左节点损失:0.002,右节点损失:0.003,总损失:0.006
------划分值:28.000,左节点损失:0.003,右节点损失:0.003,总损失:0.006
------划分值:29.000,左节点损失:0.003,右节点损失:0.003,总损失:0.006
------划分值:30.000,左节点损失:0.003,右节点损失:0.003,总损失:0.006
------划分值:31.000,左节点损失:0.004,右节点损失:0.002,总损失:0.006
------划分值:32.000,左节点损失:0.004,右节点损失:0.002,总损失:0.006
------划分值:33.000,左节点损失:0.005,右节点损失:0.001,总损失:0.006
('----划分特征：', 'location')
------划分值:9.000,左节点损失:0.001,右节点损失:0.005,总损失:0.006
------划分值:7.000,左节点损失:0.000,右节点损失:0.005,总损失:0.006
------划分值:5.000,左节点损失:0.000,右节点损失:0.006,总损失:0.006
------划分值:13.000,左节点损失:0.004,右节点损失:0.002,总损失:0.005
------划分值:11.000,左节点损失:0.003,右节点损失:0.002,总损失:0.005
------划分值:10.000,左节点损失:0.001,右节点损失:0.005,总损失:0.006
------划分值:18.000,左节点损失:0.004,右节点损失:0.001,总损失:0.006
------划分值:20.000,左节点损失:0.005,右节点损失:0.001,总损失:0.006
------划分值:22.000,左节点损失:0.006,右节点损失:0.000,总损失:0.006
------划分值:19.000,左节点损失:0.005,右节点损失:0.001,总损失:0.006
('----划分特征：', 'period')
------划分值:12.000,左节点损失:0.000,右节点损失:0.006,总损失:0.006
------划分值:24.000,左节点损失:0.003,右节点损失:0.002,总损失:0.005
------划分值:48.000,左节点损失:0.004,右节点损失:0.001,总损失:0.005
------划分值:96.000,左节点损失:0.005,右节点损失:0.001,总损失:0.005
------划分值:192.000,左节点损失:0.006,右节点损失:0.000,总损失:0.006
------划分值:36.000,左节点损失:0.004,右节点损失:0.001,总损失:0.005
------划分值:72.000,左节点损失:0.005,右节点损失:0.001,总损失:0.005
------划分值:120.000,左节点损失:0.006,右节点损失:0.000,总损失:0.006
('--最佳划分特征：', 'period')
('--最佳划分值：', 36.0)
--树的深度：2
('----划分特征：', 'material')
------划分值:24.000,左节点损失:0.000,右节点损失:0.004,总损失:0.004
------划分值:25.000,左节点损失:0.001,右节点损失:0.003,总损失:0.004
------划分值:26.000,左节点损失:0.001,右节点损失:0.003,总损失:0.004
------划分值:27.000,左节点损失:0.002,右节点损失:0.002,总损失:0.004
------划分值:28.000,左节点损失:0.002,右节点损失:0.002,总损失:0.004
------划分值:29.000,左节点损失:0.002,右节点损失:0.002,总损失:0.004
------划分值:30.000,左节点损失:0.002,右节点损失:0.002,总损失:0.004
------划分值:31.000,左节点损失:0.002,右节点损失:0.001,总损失:0.004
------划分值:32.000,左节点损失:0.003,右节点损失:0.001,总损失:0.004
------划分值:33.000,左节点损失:0.004,右节点损失:0.000,总损失:0.004
('----划分特征：', 'location')
------划分值:9.000,左节点损失:0.000,右节点损失:0.004,总损失:0.004
------划分值:7.000,左节点损失:0.000,右节点损失:0.004,总损失:0.004
------划分值:5.000,左节点损失:0.000,右节点损失:0.004,总损失:0.004
------划分值:13.000,左节点损失:0.003,右节点损失:0.001,总损失:0.004
------划分值:11.000,左节点损失:0.002,右节点损失:0.001,总损失:0.004
------划分值:10.000,左节点损失:0.001,右节点损失:0.003,总损失:0.004
------划分值:18.000,左节点损失:0.003,右节点损失:0.001,总损失:0.004
------划分值:20.000,左节点损失:0.004,右节点损失:0.000,总损失:0.004
------划分值:22.000,左节点损失:0.004,右节点损失:0.000,总损失:0.004
------划分值:19.000,左节点损失:0.003,右节点损失:0.001,总损失:0.004
('----划分特征：', 'period')
------划分值:12.000,左节点损失:0.000,右节点损失:0.004,总损失:0.004
------划分值:24.000,左节点损失:0.003,右节点损失:0.001,总损失:0.004
('--最佳划分特征：', 'location')
('--最佳划分值：', 11.0)
--树的深度：3
('----划分特征：', 'material')
------划分值:24.000,左节点损失:0.000,右节点损失:0.002,总损失:0.002
------划分值:25.000,左节点损失:0.000,右节点损失:0.002,总损失:0.002
------划分值:26.000,左节点损失:0.001,右节点损失:0.002,总损失:0.002
------划分值:27.000,左节点损失:0.001,右节点损失:0.002,总损失:0.002
------划分值:28.000,左节点损失:0.001,右节点损失:0.002,总损失:0.002
------划分值:29.000,左节点损失:0.001,右节点损失:0.002,总损失:0.002
------划分值:30.000,左节点损失:0.001,右节点损失:0.002,总损失:0.002
------划分值:31.000,左节点损失:0.001,右节点损失:0.001,总损失:0.002
------划分值:32.000,左节点损失:0.001,右节点损失:0.001,总损失:0.002
------划分值:33.000,左节点损失:0.002,右节点损失:0.000,总损失:0.002
('----划分特征：', 'location')
------划分值:9.000,左节点损失:0.000,右节点损失:0.002,总损失:0.002
------划分值:7.000,左节点损失:0.000,右节点损失:0.002,总损失:0.002
------划分值:5.000,左节点损失:0.000,右节点损失:0.002,总损失:0.002
------划分值:10.000,左节点损失:0.001,右节点损失:0.001,总损失:0.002
('----划分特征：', 'period')
------划分值:12.000,左节点损失:0.000,右节点损失:0.002,总损失:0.002
------划分值:24.000,左节点损失:0.002,右节点损失:0.001,总损失:0.002
('--最佳划分特征：', 'location')
('--最佳划分值：', 10.0)
('叶子节点预测值：', -0.0618427809149781)
('叶子节点预测值：', -0.055311924039962025)
--树的深度：3
('----划分特征：', 'material')
------划分值:24.000,左节点损失:0.000,右节点损失:0.001,总损失:0.001
------划分值:25.000,左节点损失:0.000,右节点损失:0.001,总损失:0.001
------划分值:26.000,左节点损失:0.001,右节点损失:0.000,总损失:0.001
------划分值:27.000,左节点损失:0.001,右节点损失:0.000,总损失:0.001
------划分值:28.000,左节点损失:0.001,右节点损失:0.000,总损失:0.001
------划分值:29.000,左节点损失:0.001,右节点损失:0.000,总损失:0.001
------划分值:30.000,左节点损失:0.001,右节点损失:0.000,总损失:0.001
------划分值:31.000,左节点损失:0.001,右节点损失:0.000,总损失:0.001
------划分值:32.000,左节点损失:0.001,右节点损失:0.000,总损失:0.001
------划分值:33.000,左节点损失:0.001,右节点损失:0.000,总损失:0.001
('----划分特征：', 'location')
------划分值:13.000,左节点损失:0.000,右节点损失:0.001,总损失:0.001
------划分值:11.000,左节点损失:0.000,右节点损失:0.001,总损失:0.001
------划分值:18.000,左节点损失:0.000,右节点损失:0.001,总损失:0.001
------划分值:20.000,左节点损失:0.001,右节点损失:0.000,总损失:0.001
------划分值:22.000,左节点损失:0.001,右节点损失:0.000,总损失:0.001
------划分值:19.000,左节点损失:0.001,右节点损失:0.001,总损失:0.001
('----划分特征：', 'period')
------划分值:12.000,左节点损失:0.000,右节点损失:0.001,总损失:0.001
------划分值:24.000,左节点损失:0.001,右节点损失:0.000,总损失:0.001
('--最佳划分特征：', 'location')
('--最佳划分值：', 18.0)
('叶子节点预测值：', -0.06366267154921809)
('叶子节点预测值：', -0.059307037828191876)
--树的深度：2
('----划分特征：', 'material')
------划分值:24.000,左节点损失:0.000,右节点损失:0.001,总损失:0.001
------划分值:25.000,左节点损失:0.000,右节点损失:0.001,总损失:0.001
------划分值:26.000,左节点损失:0.000,右节点损失:0.001,总损失:0.001
------划分值:27.000,左节点损失:0.001,右节点损失:0.001,总损失:0.001
------划分值:28.000,左节点损失:0.001,右节点损失:0.001,总损失:0.001
------划分值:29.000,左节点损失:0.001,右节点损失:0.001,总损失:0.001
------划分值:30.000,左节点损失:0.001,右节点损失:0.001,总损失:0.001
------划分值:31.000,左节点损失:0.001,右节点损失:0.000,总损失:0.001
------划分值:32.000,左节点损失:0.001,右节点损失:0.000,总损失:0.001
------划分值:33.000,左节点损失:0.001,右节点损失:0.000,总损失:0.001
('----划分特征：', 'location')
------划分值:9.000,左节点损失:0.000,右节点损失:0.001,总损失:0.001
------划分值:7.000,左节点损失:0.000,右节点损失:0.001,总损失:0.001
------划分值:5.000,左节点损失:0.000,右节点损失:0.001,总损失:0.001
------划分值:13.000,左节点损失:0.001,右节点损失:0.000,总损失:0.001
------划分值:11.000,左节点损失:0.001,右节点损失:0.000,总损失:0.001
------划分值:10.000,左节点损失:0.000,右节点损失:0.001,总损失:0.001
------划分值:18.000,左节点损失:0.001,右节点损失:0.000,总损失:0.001
------划分值:20.000,左节点损失:0.001,右节点损失:0.000,总损失:0.001
------划分值:22.000,左节点损失:0.001,右节点损失:0.000,总损失:0.001
------划分值:19.000,左节点损失:0.001,右节点损失:0.000,总损失:0.001
('----划分特征：', 'period')
------划分值:48.000,左节点损失:0.000,右节点损失:0.001,总损失:0.001
------划分值:96.000,左节点损失:0.001,右节点损失:0.001,总损失:0.001
------划分值:192.000,左节点损失:0.001,右节点损失:0.000,总损失:0.001
------划分值:36.000,左节点损失:0.000,右节点损失:0.001,总损失:0.001
------划分值:72.000,左节点损失:0.001,右节点损失:0.001,总损失:0.001
------划分值:120.000,左节点损失:0.001,右节点损失:0.000,总损失:0.001
('--最佳划分特征：', 'location')
('--最佳划分值：', 11.0)
--树的深度：3
('----划分特征：', 'material')
------划分值:24.000,左节点损失:0.000,右节点损失:0.001,总损失:0.001
------划分值:25.000,左节点损失:0.000,右节点损失:0.001,总损失:0.001
------划分值:26.000,左节点损失:0.000,右节点损失:0.001,总损失:0.001
------划分值:27.000,左节点损失:0.000,右节点损失:0.001,总损失:0.001
------划分值:28.000,左节点损失:0.000,右节点损失:0.001,总损失:0.001
------划分值:29.000,左节点损失:0.000,右节点损失:0.000,总损失:0.001
------划分值:30.000,左节点损失:0.000,右节点损失:0.000,总损失:0.001
------划分值:31.000,左节点损失:0.000,右节点损失:0.000,总损失:0.001
------划分值:32.000,左节点损失:0.000,右节点损失:0.000,总损失:0.001
------划分值:33.000,左节点损失:0.001,右节点损失:0.000,总损失:0.001
('----划分特征：', 'location')
------划分值:9.000,左节点损失:0.000,右节点损失:0.001,总损失:0.001
------划分值:7.000,左节点损失:0.000,右节点损失:0.001,总损失:0.001
------划分值:5.000,左节点损失:0.000,右节点损失:0.001,总损失:0.001
------划分值:10.000,左节点损失:0.000,右节点损失:0.000,总损失:0.001
('----划分特征：', 'period')
------划分值:48.000,左节点损失:0.000,右节点损失:0.001,总损失:0.001
------划分值:96.000,左节点损失:0.000,右节点损失:0.000,总损失:0.001
------划分值:192.000,左节点损失:0.001,右节点损失:0.000,总损失:0.001
('--最佳划分特征：', 'location')
('--最佳划分值：', 10.0)
('叶子节点预测值：', -0.06444783054124069)
('叶子节点预测值：', -0.06127340259069251)
--树的深度：3
('----划分特征：', 'material')
------划分值:24.000,左节点损失:0.000,右节点损失:0.000,总损失:0.000
------划分值:25.000,左节点损失:0.000,右节点损失:0.000,总损失:0.000
------划分值:26.000,左节点损失:0.000,右节点损失:0.000,总损失:0.000
------划分值:27.000,左节点损失:0.000,右节点损失:0.000,总损失:0.000
------划分值:28.000,左节点损失:0.000,右节点损失:0.000,总损失:0.000
------划分值:29.000,左节点损失:0.000,右节点损失:0.000,总损失:0.000
------划分值:30.000,左节点损失:0.000,右节点损失:0.000,总损失:0.000
------划分值:31.000,左节点损失:0.000,右节点损失:0.000,总损失:0.000
------划分值:32.000,左节点损失:0.000,右节点损失:0.000,总损失:0.000
------划分值:33.000,左节点损失:0.000,右节点损失:0.000,总损失:0.000
('----划分特征：', 'location')
------划分值:13.000,左节点损失:0.000,右节点损失:0.000,总损失:0.000
------划分值:11.000,左节点损失:0.000,右节点损失:0.000,总损失:0.000
------划分值:18.000,左节点损失:0.000,右节点损失:0.000,总损失:0.000
------划分值:20.000,左节点损失:0.000,右节点损失:0.000,总损失:0.000
------划分值:22.000,左节点损失:0.000,右节点损失:0.000,总损失:0.000
------划分值:19.000,左节点损失:0.000,右节点损失:0.000,总损失:0.000
('----划分特征：', 'period')
------划分值:48.000,左节点损失:0.000,右节点损失:0.000,总损失:0.000
------划分值:96.000,左节点损失:0.000,右节点损失:0.000,总损失:0.000
------划分值:192.000,左节点损失:0.000,右节点损失:0.000,总损失:0.000
------划分值:36.000,左节点损失:0.000,右节点损失:0.000,总损失:0.000
------划分值:72.000,左节点损失:0.000,右节点损失:0.000,总损失:0.000
------划分值:120.000,左节点损失:0.000,右节点损失:0.000,总损失:0.000
('--最佳划分特征：', 'material')
('--最佳划分值：', 31.0)
('叶子节点预测值：', -0.06434458059105819)
('叶子节点预测值：', -0.06587786206237417)
第8棵树: mse_loss:0.0078
